#
# A fatal error has been detected by the Java Runtime Environment:
#
#  SIGSEGV (0xb) at pc=0x00007f42d55760ea, pid=13637, tid=0x00007f42bc8d0700
#
# JRE version: Java(TM) SE Runtime Environment (8.0_131-b11) (build 1.8.0_131-b11)
# Java VM: Java HotSpot(TM) 64-Bit Server VM (25.131-b11 mixed mode linux-amd64 compressed oops)
# Problematic frame:
# J 1642 C2 sun.nio.ch.IOUtil.write(Ljava/io/FileDescriptor;[Ljava/nio/ByteBuffer;IILsun/nio/ch/NativeDispatcher;)J (509 bytes) @ 0x00007f42d55760ea [0x00007f42d5575ba0+0x54a]
#
# Failed to write core dump. Core dumps have been disabled. To enable core dumping, try "ulimit -c unlimited" before starting Java again
#
# If you would like to submit a bug report, please visit:
#   http://bugreport.java.com/bugreport/crash.jsp
#

---------------  T H R E A D  ---------------

Current thread (0x00007f426c002000):  JavaThread "nioEventLoopGroup-0-6" daemon [_thread_in_Java, id=13727, stack(0x00007f42bc7d0000,0x00007f42bc8d1000)]

siginfo: si_signo: 11 (SIGSEGV), si_code: 1 (SEGV_MAPERR), si_addr: 0x00007f4247662010

Registers:
RAX=0x0000000000400000, RBX=0x00000000001d3440, RCX=0x00007f426a1d1450, RDX=0x0000000000000000
RSP=0x00007f42bc8cf210, RBP=0x000000000008e844, RSI=0x00000000000001d8, RDI=0x00007f42d47ff000
R8 =0x0000000000000051, R9 =0x00000000ccf87218, R10=0x00007f4247662010, R11=0x00000000c3088340
R12=0x0000000000000000, R13=0x00000000da1dfde0, R14=0x00000000ccf871e8, R15=0x00007f426c002000
RIP=0x00007f42d55760ea, EFLAGS=0x0000000000010202, CSGSFS=0x0000000000000033, ERR=0x0000000000000006
  TRAPNO=0x000000000000000e

Top of Stack: (sp=0x00007f42bc8cf210)
0x00007f42bc8cf210:   00000000c3088340 00007f4200000000
0x00007f42bc8cf220:   00007f42d5007a90 0000000084ee51f8
0x00007f42bc8cf230:   00007f42bc8cf280 00007f42d53ae22c
0x00007f42bc8cf240:   00007f42bc8cf288 00007f42bd3f88a8
0x00007f42bc8cf250:   00007f42bce0e580 00007f42c0214ea8
0x00007f42bc8cf260:   0000000084db4738 000000008495ee00
0x00007f42bc8cf270:   000000008482c9d8 00007f42d55c43dc
0x00007f42bc8cf280:   00007f42bc8cf530 00007f42d55c4bec
0x00007f42bc8cf290:   00007f426c002000 00007f42eac64a50
0x00007f42bc8cf2a0:   00007f426c002000 0000000000000000
0x00007f42bc8cf2b0:   00007f42bc8cf300 00000051005d58c0
0x00007f42bc8cf2c0:   00000000cfd01840 00000000da1db760
0x00007f42bc8cf2d0:   00007f426c002000 00007f42d5112dd9
0x00007f42bc8cf2e0:   00000000005158c0 0000000084db4668
0x00007f42bc8cf2f0:   00000000c3088340 0008e84400000000
0x00007f42bc8cf300:   0000000084db4768 00007f42d506e105
0x00007f42bc8cf310:   00000000ffffffff 0000000084db4778
0x00007f42bc8cf320:   00007f42bc8d0700 0000000000000000
0x00007f42bc8cf330:   00000000c3088340 00000051da1dfd88
0x00007f42bc8cf340:   0000000084e7d498 00000000da1dfd10
0x00007f42bc8cf350:   00000000da1dfd88 005d744000000051
0x00007f42bc8cf360:   01000000005d7440 00000000cfd01840
0x00007f42bc8cf370:   00000000dd1ec048 000000008470f4d0
0x00007f42bc8cf380:   000000010003f070 0100000000000000
0x00007f42bc8cf390:   0000000084db3560 00007f42d512a054
0x00007f42bc8cf3a0:   00000000e20b0708 0000000000000011
0x00007f42bc8cf3b0:   0000000084db4768 0000000000000011
0x00007f42bc8cf3c0:   0000000084db4778 00007f42bc8cf410
0x00007f42bc8cf3d0:   00007f42bc8cf530 00007f42d53e4c24
0x00007f42bc8cf3e0:   0000000084db34b8 0000000000000002
0x00007f42bc8cf3f0:   0000000100000000 0000000084db4640
0x00007f42bc8cf400:   0000000000000019 0000000084db4778 

Instructions: (pc=0x00007f42d55760ea)
0x00007f42d55760ca:   00 00 48 63 cb 49 03 4d 10 c4 c1 79 7e e2 41 83
0x00007f42d55760da:   fa 04 0f 84 ab 04 00 00 45 8b 4e 18 4d 8b 51 18
0x00007f42d55760ea:   49 89 0a 4d 63 c0 4d 89 42 08 41 ba 01 00 00 00
0x00007f42d55760fa:   c5 f9 7e d1 e9 2c fb ff ff c5 f9 7e d1 be 65 ff 

Register to memory mapping:

RAX=0x0000000000400000: <offset 0> in /usr/lib/jdk1.8.0_131/bin/java at 0x0000000000400000
RBX=0x00000000001d3440 is an unknown value
RCX=0x00007f426a1d1450 is an unknown value
RDX=0x0000000000000000 is an unknown value
RSP=0x00007f42bc8cf210 is pointing into the stack for thread: 0x00007f426c002000
RBP=0x000000000008e844 is an unknown value
RSI=0x00000000000001d8 is an unknown value
RDI=0x00007f42d47ff000 is an unknown value
R8 =0x0000000000000051 is an unknown value
R9 =0x00000000ccf87218 is an oop
sun.nio.ch.AllocatedNativeObject 
 - klass: 'sun/nio/ch/AllocatedNativeObject'
R10=0x00007f4247662010 is an unknown value
R11=0x00000000c3088340 is an oop
[Ljava.nio.ByteBuffer; 
 - klass: 'java/nio/ByteBuffer'[]
 - length: 4194304
R12=0x0000000000000000 is an unknown value
R13=0x00000000da1dfde0 is an oop
java.nio.DirectByteBuffer 
 - klass: 'java/nio/DirectByteBuffer'
R14=0x00000000ccf871e8 is an oop
sun.nio.ch.IOVecWrapper 
 - klass: 'sun/nio/ch/IOVecWrapper'
R15=0x00007f426c002000 is a thread


Stack: [0x00007f42bc7d0000,0x00007f42bc8d1000],  sp=0x00007f42bc8cf210,  free space=1020k
Native frames: (J=compiled Java code, j=interpreted, Vv=VM code, C=native code)
J 1642 C2 sun.nio.ch.IOUtil.write(Ljava/io/FileDescriptor;[Ljava/nio/ByteBuffer;IILsun/nio/ch/NativeDispatcher;)J (509 bytes) @ 0x00007f42d55760ea [0x00007f42d5575ba0+0x54a]
J 1726 C1 sun.nio.ch.SocketChannelImpl.write([Ljava/nio/ByteBuffer;II)J (436 bytes) @ 0x00007f42d55c4bec [0x00007f42d55c4120+0xacc]
J 1216 C1 io.netty.channel.socket.nio.NioSocketChannel.doWrite(Lio/netty/channel/ChannelOutboundBuffer;)V (259 bytes) @ 0x00007f42d53e4c24 [0x00007f42d53e45a0+0x684]
j  io.netty.channel.AbstractChannel$AbstractUnsafe.flush0()V+89
J 1667 C1 io.netty.channel.nio.NioEventLoop.processSelectedKey(Ljava/nio/channels/SelectionKey;Lio/netty/channel/nio/AbstractNioChannel;)V (120 bytes) @ 0x00007f42d5570434 [0x00007f42d556fa80+0x9b4]
J 1494 C2 io.netty.channel.nio.NioEventLoop.processSelectedKeysOptimized([Ljava/nio/channels/SelectionKey;)V (103 bytes) @ 0x00007f42d54c6a9c [0x00007f42d54c6a00+0x9c]
J 1446 C1 io.netty.channel.nio.NioEventLoop.run()V (164 bytes) @ 0x00007f42d54af1b4 [0x00007f42d54ae560+0xc54]
J 1447 C1 io.netty.util.concurrent.SingleThreadEventExecutor$2.run()V (67 bytes) @ 0x00007f42d54a03d4 [0x00007f42d549ffc0+0x414]
J 1827 C1 io.netty.util.internal.chmv8.ForkJoinTask$RunnableExecuteAction.exec()Z (11 bytes) @ 0x00007f42d534d684 [0x00007f42d534d580+0x104]
j  io.netty.util.internal.chmv8.ForkJoinTask.doExec()I+10
J 1665% C2 io.netty.util.internal.chmv8.ForkJoinPool.runWorker(Lio/netty/util/internal/chmv8/ForkJoinPool$WorkQueue;)V (43 bytes) @ 0x00007f42d556ed54 [0x00007f42d556e9a0+0x3b4]
j  io.netty.util.internal.chmv8.ForkJoinWorkerThread.run()V+14
v  ~StubRoutines::call_stub
V  [libjvm.so+0x691d16]  JavaCalls::call_helper(JavaValue*, methodHandle*, JavaCallArguments*, Thread*)+0x1056
V  [libjvm.so+0x692221]  JavaCalls::call_virtual(JavaValue*, KlassHandle, Symbol*, Symbol*, JavaCallArguments*, Thread*)+0x321
V  [libjvm.so+0x6926c7]  JavaCalls::call_virtual(JavaValue*, Handle, KlassHandle, Symbol*, Symbol*, Thread*)+0x47
V  [libjvm.so+0x72da50]  thread_entry(JavaThread*, Thread*)+0xa0
V  [libjvm.so+0xa76833]  JavaThread::thread_main_inner()+0x103
V  [libjvm.so+0xa7697c]  JavaThread::run()+0x11c
V  [libjvm.so+0x927568]  java_start(Thread*)+0x108
C  [libpthread.so.0+0x76ba]  start_thread+0xca


---------------  P R O C E S S  ---------------

Java Threads: ( => current thread )
  0x00007f4270001000 JavaThread "nioEventLoopGroup-0-7" daemon [_thread_in_native, id=13728, stack(0x00007f42bc6cf000,0x00007f42bc7d0000)]
=>0x00007f426c002000 JavaThread "nioEventLoopGroup-0-6" daemon [_thread_in_Java, id=13727, stack(0x00007f42bc7d0000,0x00007f42bc8d1000)]
  0x00007f428c005000 JavaThread "nioEventLoopGroup-0-5" daemon [_thread_in_native, id=13722, stack(0x00007f42bc8d1000,0x00007f42bc9d2000)]
  0x00007f428c003800 JavaThread "nioEventLoopGroup-0-4" daemon [_thread_in_native, id=13721, stack(0x00007f42bc9d2000,0x00007f42bcad3000)]
  0x00007f428800c000 JavaThread "nioEventLoopGroup-0-3" daemon [_thread_in_native, id=13695, stack(0x00007f42bcad3000,0x00007f42bcbd4000)]
  0x00007f428c001000 JavaThread "nioEventLoopGroup-0-2" daemon [_thread_in_native, id=13687, stack(0x00007f42bcbd4000,0x00007f42bccd5000)]
  0x00007f4288009000 JavaThread "threadDeathWatcher-2-1" daemon [_thread_blocked, id=13678, stack(0x00007f42bccd5000,0x00007f42bcdd6000)]
  0x00007f4288002000 JavaThread "nioEventLoopGroup-0-1" daemon [_thread_in_native, id=13677, stack(0x00007f42bcfd6000,0x00007f42bd0d7000)]
  0x00007f4294069000 JavaThread "nioEventLoopGroup-0-0" daemon [_thread_in_native, id=13676, stack(0x00007f42bd0d7000,0x00007f42bd1d8000)]
  0x00007f42e41c6000 JavaThread "Service Thread" daemon [_thread_blocked, id=13669, stack(0x00007f42bda77000,0x00007f42bdb78000)]
  0x00007f42e41c3000 JavaThread "C1 CompilerThread2" daemon [_thread_blocked, id=13668, stack(0x00007f42bdb78000,0x00007f42bdc79000)]
  0x00007f42e41c1000 JavaThread "C2 CompilerThread1" daemon [_thread_blocked, id=13667, stack(0x00007f42be191000,0x00007f42be292000)]
  0x00007f42e41bf000 JavaThread "C2 CompilerThread0" daemon [_thread_blocked, id=13666, stack(0x00007f42be292000,0x00007f42be393000)]
  0x00007f42e41ac800 JavaThread "Monitor Ctrl-Break" daemon [_thread_in_native, id=13665, stack(0x00007f42be393000,0x00007f42be494000)]
  0x00007f42e417d000 JavaThread "Signal Dispatcher" daemon [_thread_blocked, id=13662, stack(0x00007f42be494000,0x00007f42be595000)]
  0x00007f42e414d000 JavaThread "Finalizer" daemon [_thread_blocked, id=13656, stack(0x00007f42bea20000,0x00007f42beb21000)]
  0x00007f42e4148800 JavaThread "Reference Handler" daemon [_thread_blocked, id=13655, stack(0x00007f42beb21000,0x00007f42bec22000)]
  0x00007f42e400b800 JavaThread "main" [_thread_in_Java, id=13640, stack(0x00007f42eb782000,0x00007f42eb883000)]

Other Threads:
  0x00007f42e4140800 VMThread [stack: 0x00007f42bec22000,0x00007f42bed23000] [id=13652]
  0x00007f42e41ca800 WatcherThread [stack: 0x00007f42bd976000,0x00007f42bda77000] [id=13670]

VM state:not at safepoint (normal execution)

VM Mutex/Monitor currently owned by a thread: None

Heap:
 PSYoungGen      total 450048K, used 105585K [0x00000000d6d00000, 0x0000000100000000, 0x0000000100000000)
  eden space 225280K, 46% used [0x00000000d6d00000,0x00000000dd41c7e0,0x00000000e4900000)
  from space 224768K, 0% used [0x00000000e4900000,0x00000000e4900000,0x00000000f2480000)
  to   space 224768K, 0% used [0x00000000f2480000,0x00000000f2480000,0x0000000100000000)
 ParOldGen       total 1350656K, used 1350432K [0x0000000084600000, 0x00000000d6d00000, 0x00000000d6d00000)
  object space 1350656K, 99% used [0x0000000084600000,0x00000000d6cc8258,0x00000000d6d00000)
 Metaspace       used 12083K, capacity 12310K, committed 12544K, reserved 1060864K
  class space    used 1459K, capacity 1527K, committed 1536K, reserved 1048576K

Card table byte_map: [0x00007f42d4c22000,0x00007f42d5000000] byte_map_base: 0x00007f42d47ff000

Marking Bits: (ParMarkBitMap*) 0x00007f42eac4df60
 Begin Bits: [0x00007f42c0230000, 0x00007f42c2118000)
 End Bits:   [0x00007f42c2118000, 0x00007f42c4000000)

Polling page: 0x00007f42eb89e000

CodeCache: size=245760Kb used=6066Kb max_used=6128Kb free=239693Kb
 bounds [0x00007f42d5000000, 0x00007f42d5610000, 0x00007f42e4000000]
 total_blobs=2017 nmethods=1663 adapters=267
 compilation: enabled

Compilation events (10 events):
Event: 251.628 Thread 0x00007f42e41c3000 1868       3       io.netty.util.Recycler$DefaultHandle::recycle (105 bytes)
Event: 251.629 Thread 0x00007f42e41c3000 nmethod 1868 0x00007f42d536bc90 code [0x00007f42d536bf00, 0x00007f42d536cee8]
Event: 251.629 Thread 0x00007f42e41bf000 1869       4       io.netty.util.Recycler$Stack::push (96 bytes)
Event: 251.629 Thread 0x00007f42e41c1000 1870       4       io.netty.util.Recycler$DefaultHandle::recycle (105 bytes)
Event: 251.635 Thread 0x00007f42e41bf000 nmethod 1869 0x00007f42d536b6d0 code [0x00007f42d536b820, 0x00007f42d536baf8]
Event: 251.650 Thread 0x00007f42e41c1000 nmethod 1870 0x00007f42d560da10 code [0x00007f42d560dca0, 0x00007f42d560ef10]
Event: 254.428 Thread 0x00007f42e41bf000 1871 %     4       io.netty.buffer.PoolThreadCache::trim @ 12 (34 bytes)
Event: 254.436 Thread 0x00007f42e41bf000 nmethod 1871% 0x00007f42d5350910 code [0x00007f42d5350aa0, 0x00007f42d53510c8]
Event: 257.146 Thread 0x00007f42e41c3000 1872       3       io.netty.buffer.PoolChunkList::add (77 bytes)
Event: 257.147 Thread 0x00007f42e41c3000 nmethod 1872 0x00007f42d51159d0 code [0x00007f42d5115b60, 0x00007f42d5115f78]

GC Heap History (10 events):
Event: 249.701 GC heap before
{Heap before GC invocations=76 (full 41):
 PSYoungGen      total 450048K, used 225280K [0x00000000d6d00000, 0x0000000100000000, 0x0000000100000000)
  eden space 225280K, 100% used [0x00000000d6d00000,0x00000000e4900000,0x00000000e4900000)
  from space 224768K, 0% used [0x00000000e4900000,0x00000000e4900000,0x00000000f2480000)
  to   space 224768K, 0% used [0x00000000f2480000,0x00000000f2480000,0x0000000100000000)
 ParOldGen       total 1350656K, used 1350511K [0x0000000084600000, 0x00000000d6d00000, 0x00000000d6d00000)
  object space 1350656K, 99% used [0x0000000084600000,0x00000000d6cdbd40,0x00000000d6d00000)
 Metaspace       used 12083K, capacity 12310K, committed 12544K, reserved 1060864K
  class space    used 1459K, capacity 1527K, committed 1536K, reserved 1048576K
Event: 251.605 GC heap after
Heap after GC invocations=76 (full 41):
 PSYoungGen      total 450048K, used 169286K [0x00000000d6d00000, 0x0000000100000000, 0x0000000100000000)
  eden space 225280K, 75% used [0x00000000d6d00000,0x00000000e1251aa0,0x00000000e4900000)
  from space 224768K, 0% used [0x00000000e4900000,0x00000000e4900000,0x00000000f2480000)
  to   space 224768K, 0% used [0x00000000f2480000,0x00000000f2480000,0x0000000100000000)
 ParOldGen       total 1350656K, used 1344112K [0x0000000084600000, 0x00000000d6d00000, 0x00000000d6d00000)
  object space 1350656K, 99% used [0x0000000084600000,0x00000000d669c230,0x00000000d6d00000)
 Metaspace       used 12083K, capacity 12310K, committed 12544K, reserved 1060864K
  class space    used 1459K, capacity 1527K, committed 1536K, reserved 1048576K
}
Event: 251.703 GC heap before
{Heap before GC invocations=77 (full 42):
 PSYoungGen      total 450048K, used 225280K [0x00000000d6d00000, 0x0000000100000000, 0x0000000100000000)
  eden space 225280K, 100% used [0x00000000d6d00000,0x00000000e4900000,0x00000000e4900000)
  from space 224768K, 0% used [0x00000000e4900000,0x00000000e4900000,0x00000000f2480000)
  to   space 224768K, 0% used [0x00000000f2480000,0x00000000f2480000,0x0000000100000000)
 ParOldGen       total 1350656K, used 1344112K [0x0000000084600000, 0x00000000d6d00000, 0x00000000d6d00000)
  object space 1350656K, 99% used [0x0000000084600000,0x00000000d669c230,0x00000000d6d00000)
 Metaspace       used 12083K, capacity 12310K, committed 12544K, reserved 1060864K
  class space    used 1459K, capacity 1527K, committed 1536K, reserved 1048576K
Event: 254.283 GC heap after
Heap after GC invocations=77 (full 42):
 PSYoungGen      total 450048K, used 125153K [0x00000000d6d00000, 0x0000000100000000, 0x0000000100000000)
  eden space 225280K, 55% used [0x00000000d6d00000,0x00000000de738660,0x00000000e4900000)
  from space 224768K, 0% used [0x00000000e4900000,0x00000000e4900000,0x00000000f2480000)
  to   space 224768K, 0% used [0x00000000f2480000,0x00000000f2480000,0x0000000100000000)
 ParOldGen       total 1350656K, used 1350647K [0x0000000084600000, 0x00000000d6d00000, 0x00000000d6d00000)
  object space 1350656K, 99% used [0x0000000084600000,0x00000000d6cfdc00,0x00000000d6d00000)
 Metaspace       used 12083K, capacity 12310K, committed 12544K, reserved 1060864K
  class space    used 1459K, capacity 1527K, committed 1536K, reserved 1048576K
}
Event: 254.460 GC heap before
{Heap before GC invocations=78 (full 43):
 PSYoungGen      total 450048K, used 225280K [0x00000000d6d00000, 0x0000000100000000, 0x0000000100000000)
  eden space 225280K, 100% used [0x00000000d6d00000,0x00000000e4900000,0x00000000e4900000)
  from space 224768K, 0% used [0x00000000e4900000,0x00000000e4900000,0x00000000f2480000)
  to   space 224768K, 0% used [0x00000000f2480000,0x00000000f2480000,0x0000000100000000)
 ParOldGen       total 1350656K, used 1350647K [0x0000000084600000, 0x00000000d6d00000, 0x00000000d6d00000)
  object space 1350656K, 99% used [0x0000000084600000,0x00000000d6cfdc00,0x00000000d6d00000)
 Metaspace       used 12083K, capacity 12310K, committed 12544K, reserved 1060864K
  class space    used 1459K, capacity 1527K, committed 1536K, reserved 1048576K
Event: 256.789 GC heap after
Heap after GC invocations=78 (full 43):
 PSYoungGen      total 450048K, used 37594K [0x00000000d6d00000, 0x0000000100000000, 0x0000000100000000)
  eden space 225280K, 16% used [0x00000000d6d00000,0x00000000d91b6980,0x00000000e4900000)
  from space 224768K, 0% used [0x00000000e4900000,0x00000000e4900000,0x00000000f2480000)
  to   space 224768K, 0% used [0x00000000f2480000,0x00000000f2480000,0x0000000100000000)
 ParOldGen       total 1350656K, used 1350655K [0x0000000084600000, 0x00000000d6d00000, 0x00000000d6d00000)
  object space 1350656K, 99% used [0x0000000084600000,0x00000000d6cffd88,0x00000000d6d00000)
 Metaspace       used 12083K, capacity 12310K, committed 12544K, reserved 1060864K
  class space    used 1459K, capacity 1527K, committed 1536K, reserved 1048576K
}
Event: 257.156 GC heap before
{Heap before GC invocations=79 (full 44):
 PSYoungGen      total 450048K, used 225280K [0x00000000d6d00000, 0x0000000100000000, 0x0000000100000000)
  eden space 225280K, 100% used [0x00000000d6d00000,0x00000000e4900000,0x00000000e4900000)
  from space 224768K, 0% used [0x00000000e4900000,0x00000000e4900000,0x00000000f2480000)
  to   space 224768K, 0% used [0x00000000f2480000,0x00000000f2480000,0x0000000100000000)
 ParOldGen       total 1350656K, used 1350655K [0x0000000084600000, 0x00000000d6d00000, 0x00000000d6d00000)
  object space 1350656K, 99% used [0x0000000084600000,0x00000000d6cffd88,0x00000000d6d00000)
 Metaspace       used 12083K, capacity 12310K, committed 12544K, reserved 1060864K
  class space    used 1459K, capacity 1527K, committed 1536K, reserved 1048576K
Event: 259.054 GC heap after
Heap after GC invocations=79 (full 44):
 PSYoungGen      total 450048K, used 33298K [0x00000000d6d00000, 0x0000000100000000, 0x0000000100000000)
  eden space 225280K, 14% used [0x00000000d6d00000,0x00000000d8d84800,0x00000000e4900000)
  from space 224768K, 0% used [0x00000000e4900000,0x00000000e4900000,0x00000000f2480000)
  to   space 224768K, 0% used [0x00000000f2480000,0x00000000f2480000,0x0000000100000000)
 ParOldGen       total 1350656K, used 1350470K [0x0000000084600000, 0x00000000d6d00000, 0x00000000d6d00000)
  object space 1350656K, 99% used [0x0000000084600000,0x00000000d6cd1a20,0x00000000d6d00000)
 Metaspace       used 12083K, capacity 12310K, committed 12544K, reserved 1060864K
  class space    used 1459K, capacity 1527K, committed 1536K, reserved 1048576K
}
Event: 259.200 GC heap before
{Heap before GC invocations=80 (full 45):
 PSYoungGen      total 450048K, used 225280K [0x00000000d6d00000, 0x0000000100000000, 0x0000000100000000)
  eden space 225280K, 100% used [0x00000000d6d00000,0x00000000e4900000,0x00000000e4900000)
  from space 224768K, 0% used [0x00000000e4900000,0x00000000e4900000,0x00000000f2480000)
  to   space 224768K, 0% used [0x00000000f2480000,0x00000000f2480000,0x0000000100000000)
 ParOldGen       total 1350656K, used 1350470K [0x0000000084600000, 0x00000000d6d00000, 0x00000000d6d00000)
  object space 1350656K, 99% used [0x0000000084600000,0x00000000d6cd1a20,0x00000000d6d00000)
 Metaspace       used 12083K, capacity 12310K, committed 12544K, reserved 1060864K
  class space    used 1459K, capacity 1527K, committed 1536K, reserved 1048576K
Event: 261.612 GC heap after
Heap after GC invocations=80 (full 45):
 PSYoungGen      total 450048K, used 79699K [0x00000000d6d00000, 0x0000000100000000, 0x0000000100000000)
  eden space 225280K, 35% used [0x00000000d6d00000,0x00000000dbad4ca8,0x00000000e4900000)
  from space 224768K, 0% used [0x00000000e4900000,0x00000000e4900000,0x00000000f2480000)
  to   space 224768K, 0% used [0x00000000f2480000,0x00000000f2480000,0x0000000100000000)
 ParOldGen       total 1350656K, used 1350432K [0x0000000084600000, 0x00000000d6d00000, 0x00000000d6d00000)
  object space 1350656K, 99% used [0x0000000084600000,0x00000000d6cc8258,0x00000000d6d00000)
 Metaspace       used 12083K, capacity 12310K, committed 12544K, reserved 1060864K
  class space    used 1459K, capacity 1527K, committed 1536K, reserved 1048576K
}

Deoptimization events (10 events):
Event: 186.506 Thread 0x00007f428c003800 Uncommon trap: reason=unstable_if action=reinterpret pc=0x00007f42d54501e0 method=java.nio.channels.spi.AbstractInterruptibleChannel.end(Z)V @ 31
Event: 186.506 Thread 0x00007f428c003800 Uncommon trap: reason=unstable_if action=reinterpret pc=0x00007f42d55bd734 method=io.netty.buffer.PoolArena.isTiny(I)Z @ 5
Event: 186.506 Thread 0x00007f4288002000 Uncommon trap: reason=bimorphic action=maybe_recompile pc=0x00007f42d54555c4 method=io.netty.util.internal.MpscLinkedQueueNode.clearMaybe()Ljava/lang/Object; @ 1
Event: 186.506 Thread 0x00007f4288002000 Uncommon trap: reason=unstable_if action=reinterpret pc=0x00007f42d548d850 method=java.util.HashMap.isEmpty()Z @ 4
Event: 186.508 Thread 0x00007f4270001000 Uncommon trap: reason=bimorphic action=maybe_recompile pc=0x00007f42d54555c4 method=io.netty.util.internal.MpscLinkedQueueNode.clearMaybe()Ljava/lang/Object; @ 1
Event: 186.508 Thread 0x00007f4270001000 Uncommon trap: reason=unstable_if action=reinterpret pc=0x00007f42d548dbf8 method=java.util.HashMap.isEmpty()Z @ 4
Event: 241.931 Thread 0x00007f4270001000 Uncommon trap: reason=unstable_if action=reinterpret pc=0x00007f42d516293c method=io.netty.util.concurrent.DefaultPromise.setFailure0(Ljava/lang/Throwable;)Z @ 54
Event: 241.932 Thread 0x00007f4270001000 Uncommon trap: reason=unstable_if action=reinterpret pc=0x00007f42d53a3054 method=java.lang.ref.SoftReference.get()Ljava/lang/Object; @ 6
Event: 251.627 Thread 0x00007f426c002000 Uncommon trap: reason=unstable_if action=reinterpret pc=0x00007f42d55570cc method=io.netty.util.Recycler$Stack.push(Lio/netty/util/Recycler$DefaultHandle;)V @ 44
Event: 254.402 Thread 0x00007f426c002000 Uncommon trap: reason=unstable_if action=reinterpret pc=0x00007f42d536a484 method=io.netty.channel.ChannelOutboundBuffer.remove(Ljava/lang/Throwable;)Z @ 6

Internal exceptions (10 events):
Event: 1.074 Thread 0x00007f42e449d000 Exception <a 'java/lang/NoSuchFieldError': method resolution failed> (0x00000000d6ef5d28) thrown at [/HUDSON/workspace/8-2-build-linux-amd64/jdk8u131/8869/hotspot/src/share/vm/prims/methodHandles.cpp, line 1146]
Event: 1.083 Thread 0x00007f42e449d000 Exception <a 'java/lang/NoSuchFieldError': method resolution failed> (0x00000000d6f03cb8) thrown at [/HUDSON/workspace/8-2-build-linux-amd64/jdk8u131/8869/hotspot/src/share/vm/prims/methodHandles.cpp, line 1146]
Event: 129.877 Thread 0x00007f428c001000 Implicit null exception at 0x00007f42d550e4e7 to 0x00007f42d550eee5
Event: 130.128 Thread 0x00007f428c001000 Implicit null exception at 0x00007f42d5516938 to 0x00007f42d551771d
Event: 181.661 Thread 0x00007f42e449d000 Implicit null exception at 0x00007f42d5478b38 to 0x00007f42d5479205
Event: 216.570 Thread 0x00007f426c002000 Exception <a 'java/lang/OutOfMemoryError'> (0x00000000849de688) thrown at [/HUDSON/workspace/8-2-build-linux-amd64/jdk8u131/8869/hotspot/src/share/vm/gc_interface/collectedHeap.inline.hpp, line 159]
Event: 241.931 Thread 0x00007f4270001000 Exception <a 'java/net/ConnectException'> (0x00000000e1ca0878) thrown at [/HUDSON/workspace/8-2-build-linux-amd64/jdk8u131/8869/hotspot/src/share/vm/prims/jni.cpp, line 709]
Event: 241.932 Thread 0x00007f4270001000 Implicit null exception at 0x00007f42d53a28be to 0x00007f42d53a3015
Event: 241.932 Thread 0x00007f42e449d000 Exception <a 'java/net/ConnectException'> (0x00000000e1ca0af0) thrown at [/HUDSON/workspace/8-2-build-linux-amd64/jdk8u131/8869/hotspot/src/share/vm/prims/jni.cpp, line 709]
Event: 254.402 Thread 0x00007f426c002000 Implicit null exception at 0x00007f42d5369ab8 to 0x00007f42d536a471

Events (10 events):
Event: 257.147 Thread 0x00007f42e41c3000 flushing nmethod 0x00007f42d530cb90
Event: 257.147 Thread 0x00007f42e41c3000 flushing nmethod 0x00007f42d530ead0
Event: 257.147 Thread 0x00007f42e41c3000 flushing nmethod 0x00007f42d5312650
Event: 257.147 Thread 0x00007f42e41c3000 flushing nmethod 0x00007f42d5314990
Event: 257.147 Thread 0x00007f42e41c3000 flushing nmethod 0x00007f42d53154d0
Event: 257.147 Thread 0x00007f42e41c3000 flushing nmethod 0x00007f42d531e590
Event: 257.156 Executing VM operation: ParallelGCFailedAllocation
Event: 259.055 Executing VM operation: ParallelGCFailedAllocation done
Event: 259.200 Executing VM operation: ParallelGCFailedAllocation
Event: 261.612 Executing VM operation: ParallelGCFailedAllocation done


Dynamic libraries:
00400000-00401000 r-xp 00000000 08:08 2507804                            /usr/lib/jdk1.8.0_131/bin/java
00600000-00601000 rw-p 00000000 08:08 2507804                            /usr/lib/jdk1.8.0_131/bin/java
00834000-00855000 rw-p 00000000 00:00 0                                  [heap]
84600000-d6d00000 rw-p 00000000 00:00 0 
d6d00000-100000000 rw-p 00000000 00:00 0 
100000000-100180000 rw-p 00000000 00:00 0 
100180000-140000000 ---p 00000000 00:00 0 
7f4240000000-7f4241021000 rw-p 00000000 00:00 0 
7f4241021000-7f4244000000 ---p 00000000 00:00 0 
7f424a3a5000-7f424ca75000 rw-p 00000000 00:00 0 
7f424f038000-7f4253431000 rw-p 00000000 00:00 0 
7f4255304000-7f4258655000 rw-p 00000000 00:00 0 
7f4259b38000-7f425abdd000 rw-p 00000000 00:00 0 
7f4264000000-7f4264021000 rw-p 00000000 00:00 0 
7f4264021000-7f4268000000 ---p 00000000 00:00 0 
7f4268ffd000-7f426c000000 rw-p 00000000 00:00 0 
7f426c000000-7f426f009000 rw-p 00000000 00:00 0 
7f426f009000-7f4270000000 ---p 00000000 00:00 0 
7f4270000000-7f4273008000 rw-p 00000000 00:00 0 
7f4273008000-7f4274000000 ---p 00000000 00:00 0 
7f4274000000-7f4275005000 rw-p 00000000 00:00 0 
7f4275005000-7f4278000000 ---p 00000000 00:00 0 
7f4278000000-7f4278021000 rw-p 00000000 00:00 0 
7f4278021000-7f427c000000 ---p 00000000 00:00 0 
7f427c000000-7f427c0c2000 rw-p 00000000 00:00 0 
7f427c0c2000-7f4280000000 ---p 00000000 00:00 0 
7f4280000000-7f4280021000 rw-p 00000000 00:00 0 
7f4280021000-7f4284000000 ---p 00000000 00:00 0 
7f4284ffd000-7f4288000000 rw-p 00000000 00:00 0 
7f4288000000-7f428b010000 rw-p 00000000 00:00 0 
7f428b010000-7f428c000000 ---p 00000000 00:00 0 
7f428c000000-7f428d011000 rw-p 00000000 00:00 0 
7f428d011000-7f4290000000 ---p 00000000 00:00 0 
7f4290000000-7f4290021000 rw-p 00000000 00:00 0 
7f4290021000-7f4294000000 ---p 00000000 00:00 0 
7f4294000000-7f429407a000 rw-p 00000000 00:00 0 
7f429407a000-7f4298000000 ---p 00000000 00:00 0 
7f4298000000-7f4298409000 rw-p 00000000 00:00 0 
7f4298409000-7f429c000000 ---p 00000000 00:00 0 
7f429c000000-7f429c021000 rw-p 00000000 00:00 0 
7f429c021000-7f42a0000000 ---p 00000000 00:00 0 
7f42a0000000-7f42a066a000 rw-p 00000000 00:00 0 
7f42a066a000-7f42a4000000 ---p 00000000 00:00 0 
7f42a4000000-7f42a4d0b000 rw-p 00000000 00:00 0 
7f42a4d0b000-7f42a8000000 ---p 00000000 00:00 0 
7f42a8000000-7f42a8021000 rw-p 00000000 00:00 0 
7f42a8021000-7f42ac000000 ---p 00000000 00:00 0 
7f42ac000000-7f42ac021000 rw-p 00000000 00:00 0 
7f42ac021000-7f42b0000000 ---p 00000000 00:00 0 
7f42b0000000-7f42b0021000 rw-p 00000000 00:00 0 
7f42b0021000-7f42b4000000 ---p 00000000 00:00 0 
7f42b4000000-7f42b4021000 rw-p 00000000 00:00 0 
7f42b4021000-7f42b8000000 ---p 00000000 00:00 0 
7f42b8000000-7f42b8059000 rw-p 00000000 00:00 0 
7f42b8059000-7f42bc000000 ---p 00000000 00:00 0 
7f42bc51f000-7f42bc6cf000 rw-p 00000000 00:00 0 
7f42bc6cf000-7f42bc6d2000 ---p 00000000 00:00 0 
7f42bc6d2000-7f42bc7d0000 rw-p 00000000 00:00 0 
7f42bc7d0000-7f42bc7d3000 ---p 00000000 00:00 0 
7f42bc7d3000-7f42bc8d1000 rw-p 00000000 00:00 0 
7f42bc8d1000-7f42bc8d4000 ---p 00000000 00:00 0 
7f42bc8d4000-7f42bc9d2000 rw-p 00000000 00:00 0 
7f42bc9d2000-7f42bc9d5000 ---p 00000000 00:00 0 
7f42bc9d5000-7f42bcad3000 rw-p 00000000 00:00 0 
7f42bcad3000-7f42bcad6000 ---p 00000000 00:00 0 
7f42bcad6000-7f42bcbd4000 rw-p 00000000 00:00 0 
7f42bcbd4000-7f42bcbd7000 ---p 00000000 00:00 0 
7f42bcbd7000-7f42bccd5000 rw-p 00000000 00:00 0 
7f42bccd5000-7f42bccd8000 ---p 00000000 00:00 0 
7f42bccd8000-7f42bce96000 rw-p 00000000 00:00 0 
7f42bce96000-7f42bcfd6000 ---p 00000000 00:00 0 
7f42bcfd6000-7f42bcfd9000 ---p 00000000 00:00 0 
7f42bcfd9000-7f42bd0d7000 rw-p 00000000 00:00 0 
7f42bd0d7000-7f42bd0da000 ---p 00000000 00:00 0 
7f42bd0da000-7f42bd1d8000 rw-p 00000000 00:00 0 
7f42bd1d8000-7f42bd1e1000 r-xp 00000000 08:08 2507916                    /usr/lib/jdk1.8.0_131/jre/lib/amd64/libmanagement.so
7f42bd1e1000-7f42bd3e0000 ---p 00009000 08:08 2507916                    /usr/lib/jdk1.8.0_131/jre/lib/amd64/libmanagement.so
7f42bd3e0000-7f42bd3e1000 rw-p 00008000 08:08 2507916                    /usr/lib/jdk1.8.0_131/jre/lib/amd64/libmanagement.so
7f42bd3e1000-7f42bd5e1000 rw-p 00000000 00:00 0 
7f42bd5e1000-7f42bd5f2000 r-xp 00000000 08:08 2507911                    /usr/lib/jdk1.8.0_131/jre/lib/amd64/libnio.so
7f42bd5f2000-7f42bd7f1000 ---p 00011000 08:08 2507911                    /usr/lib/jdk1.8.0_131/jre/lib/amd64/libnio.so
7f42bd7f1000-7f42bd7f2000 rw-p 00010000 08:08 2507911                    /usr/lib/jdk1.8.0_131/jre/lib/amd64/libnio.so
7f42bd7f2000-7f42bd7f7000 r--s 0009a000 08:08 2507855                    /usr/lib/jdk1.8.0_131/jre/lib/jsse.jar
7f42bd7f7000-7f42bd7fa000 ---p 00000000 00:00 0 
7f42bd7fa000-7f42bd8f8000 rw-p 00000000 00:00 0 
7f42bd8f8000-7f42bd902000 r--s 00116000 08:08 2508061                    /usr/lib/jdk1.8.0_131/jre/lib/ext/localedata.jar
7f42bd902000-7f42bd909000 r--s 00000000 08:08 2759455                    /usr/lib/x86_64-linux-gnu/gconv/gconv-modules.cache
7f42bd909000-7f42bd92a000 r--p 00000000 08:08 3280382                    /usr/share/locale-langpack/zh_CN/LC_MESSAGES/libc.mo
7f42bd92a000-7f42bd934000 r--s 0005d000 08:08 2369933                    /home/fbhw/.m2/repository/ch/qos/logback/logback-core/1.0.13/logback-core-1.0.13.jar
7f42bd934000-7f42bd962000 r--s 00263000 08:08 2361338                    /home/fbhw/.m2/repository/io/netty/netty-all/5.0.0.Alpha2/netty-all-5.0.0.Alpha2.jar
7f42bd962000-7f42bd976000 r--s 000dc000 08:08 2375283                    /home/fbhw/.m2/repository/org/assertj/assertj-core/2.6.0/assertj-core-2.6.0.jar
7f42bd976000-7f42bd977000 ---p 00000000 00:00 0 
7f42bd977000-7f42bda77000 rw-p 00000000 00:00 0 
7f42bda77000-7f42bda7a000 ---p 00000000 00:00 0 
7f42bda7a000-7f42bdb78000 rw-p 00000000 00:00 0 
7f42bdb78000-7f42bdb7b000 ---p 00000000 00:00 0 
7f42bdb7b000-7f42bdf7a000 rw-p 00000000 00:00 0 
7f42bdf7a000-7f42bdf90000 r-xp 00000000 08:08 2507908                    /usr/lib/jdk1.8.0_131/jre/lib/amd64/libnet.so
7f42bdf90000-7f42be190000 ---p 00016000 08:08 2507908                    /usr/lib/jdk1.8.0_131/jre/lib/amd64/libnet.so
7f42be190000-7f42be191000 rw-p 00016000 08:08 2507908                    /usr/lib/jdk1.8.0_131/jre/lib/amd64/libnet.so
7f42be191000-7f42be194000 ---p 00000000 00:00 0 
7f42be194000-7f42be292000 rw-p 00000000 00:00 0 
7f42be292000-7f42be295000 ---p 00000000 00:00 0 
7f42be295000-7f42be393000 rw-p 00000000 00:00 0 
7f42be393000-7f42be396000 ---p 00000000 00:00 0 
7f42be396000-7f42be494000 rw-p 00000000 00:00 0 
7f42be494000-7f42be497000 ---p 00000000 00:00 0 
7f42be497000-7f42be595000 rw-p 00000000 00:00 0 
7f42be595000-7f42bea20000 r--p 00000000 08:08 2491892                    /usr/lib/locale/locale-archive
7f42bea20000-7f42bea23000 ---p 00000000 00:00 0 
7f42bea23000-7f42beb21000 rw-p 00000000 00:00 0 
7f42beb21000-7f42beb24000 ---p 00000000 00:00 0 
7f42beb24000-7f42bec22000 rw-p 00000000 00:00 0 
7f42bec22000-7f42bec23000 ---p 00000000 00:00 0 
7f42bec23000-7f42c4000000 rw-p 00000000 00:00 0 
7f42c4000000-7f42c403d000 rw-p 00000000 00:00 0 
7f42c403d000-7f42c8000000 ---p 00000000 00:00 0 
7f42c8000000-7f42c8021000 rw-p 00000000 00:00 0 
7f42c8021000-7f42cc000000 ---p 00000000 00:00 0 
7f42cc000000-7f42cc021000 rw-p 00000000 00:00 0 
7f42cc021000-7f42d0000000 ---p 00000000 00:00 0 
7f42d0000000-7f42d00dc000 rw-p 00000000 00:00 0 
7f42d00dc000-7f42d4000000 ---p 00000000 00:00 0 
7f42d4000000-7f42d4006000 r--s 0003b000 08:08 2375036                    /home/fbhw/.m2/repository/ch/qos/logback/logback-classic/1.0.13/logback-classic-1.0.13.jar
7f42d4006000-7f42d4008000 r--s 00006000 08:08 1710023                    /home/fbhw/.m2/repository/org/slf4j/slf4j-api/1.7.7/slf4j-api-1.7.7.jar
7f42d4008000-7f42d400a000 r--s 00009000 08:08 1841014                    /home/fbhw/.m2/repository/org/hamcrest/hamcrest-core/1.3/hamcrest-core-1.3.jar
7f42d400a000-7f42d4012000 r--s 00045000 08:08 1846761                    /home/fbhw/.m2/repository/junit/junit/4.12/junit-4.12.jar
7f42d4012000-7f42d4021000 r--s 00130000 08:08 1846953                    /home/fbhw/.m2/repository/com/google/protobuf/protobuf-java/3.0.0/protobuf-java-3.0.0.jar
7f42d4021000-7f42d4023000 r--s 00003000 08:08 3583971                    /home/fbhw/下载/dysms_java/java/api_demo/alicom-dysms-api/libs/aliyun-java-sdk-dysmsapi-1.0.0.jar
7f42d4023000-7f42d4026000 r--s 00018000 08:08 3583970                    /home/fbhw/下载/dysms_java/java/api_demo/alicom-dysms-api/libs/aliyun-java-sdk-core-3.3.1.jar
7f42d4026000-7f42d4039000 r--s 00345000 08:08 2507854                    /usr/lib/jdk1.8.0_131/jre/lib/resources.jar
7f42d4039000-7f42d404b000 r--s 000d6000 08:08 2507835                    /usr/lib/jdk1.8.0_131/jre/lib/plugin.jar
7f42d404b000-7f42d4066000 r--s 0020b000 08:08 2507822                    /usr/lib/jdk1.8.0_131/jre/lib/deploy.jar
7f42d4066000-7f42d4268000 rw-p 00000000 00:00 0 
7f42d4268000-7f42d4441000 r--s 03d40000 08:08 2507850                    /usr/lib/jdk1.8.0_131/jre/lib/rt.jar
7f42d4441000-7f42d481e000 rw-p 00000000 00:00 0 
7f42d481e000-7f42d481f000 ---p 00000000 00:00 0 
7f42d481f000-7f42d491f000 rw-p 00000000 00:00 0 
7f42d491f000-7f42d4920000 ---p 00000000 00:00 0 
7f42d4920000-7f42d4a20000 rw-p 00000000 00:00 0 
7f42d4a20000-7f42d4a21000 ---p 00000000 00:00 0 
7f42d4a21000-7f42d4b21000 rw-p 00000000 00:00 0 
7f42d4b21000-7f42d4b22000 ---p 00000000 00:00 0 
7f42d4b22000-7f42d4eb5000 rw-p 00000000 00:00 0 
7f42d4eb5000-7f42d4fff000 rw-p 00000000 00:00 0 
7f42d4fff000-7f42d5000000 rw-p 00000000 00:00 0 
7f42d5000000-7f42d5610000 rwxp 00000000 00:00 0 
7f42d5610000-7f42e4000000 ---p 00000000 00:00 0 
7f42e4000000-7f42e47f2000 rw-p 00000000 00:00 0 
7f42e47f2000-7f42e8000000 ---p 00000000 00:00 0 
7f42e8001000-7f42e8002000 r--s 00000000 08:08 2507828                    /usr/lib/jdk1.8.0_131/jre/lib/management-agent.jar
7f42e8002000-7f42e8007000 r--s 0009a000 08:08 2507855                    /usr/lib/jdk1.8.0_131/jre/lib/jsse.jar
7f42e8007000-7f42e8009000 r--s 00007000 08:08 2507932                    /usr/lib/jdk1.8.0_131/jre/lib/jfxswt.jar
7f42e8009000-7f42e800e000 r--s 00084000 08:08 2507821                    /usr/lib/jdk1.8.0_131/jre/lib/jfr.jar
7f42e800e000-7f42e8318000 rw-p 00000000 00:00 0 
7f42e8318000-7f42e8331000 rw-p 00000000 00:00 0 
7f42e8331000-7f42e86d8000 ---p 00000000 00:00 0 
7f42e86d8000-7f42e86f2000 r-xp 00000000 08:08 2507904                    /usr/lib/jdk1.8.0_131/jre/lib/amd64/libzip.so
7f42e86f2000-7f42e88f2000 ---p 0001a000 08:08 2507904                    /usr/lib/jdk1.8.0_131/jre/lib/amd64/libzip.so
7f42e88f2000-7f42e88f3000 rw-p 0001a000 08:08 2507904                    /usr/lib/jdk1.8.0_131/jre/lib/amd64/libzip.so
7f42e88f3000-7f42e88fe000 r-xp 00000000 08:08 655443                     /lib/x86_64-linux-gnu/libnss_files-2.23.so
7f42e88fe000-7f42e8afd000 ---p 0000b000 08:08 655443                     /lib/x86_64-linux-gnu/libnss_files-2.23.so
7f42e8afd000-7f42e8afe000 r--p 0000a000 08:08 655443                     /lib/x86_64-linux-gnu/libnss_files-2.23.so
7f42e8afe000-7f42e8aff000 rw-p 0000b000 08:08 655443                     /lib/x86_64-linux-gnu/libnss_files-2.23.so
7f42e8aff000-7f42e8b05000 rw-p 00000000 00:00 0 
7f42e8b05000-7f42e8b10000 r-xp 00000000 08:08 655446                     /lib/x86_64-linux-gnu/libnss_nis-2.23.so
7f42e8b10000-7f42e8d0f000 ---p 0000b000 08:08 655446                     /lib/x86_64-linux-gnu/libnss_nis-2.23.so
7f42e8d0f000-7f42e8d10000 r--p 0000a000 08:08 655446                     /lib/x86_64-linux-gnu/libnss_nis-2.23.so
7f42e8d10000-7f42e8d11000 rw-p 0000b000 08:08 655446                     /lib/x86_64-linux-gnu/libnss_nis-2.23.so
7f42e8d11000-7f42e8d27000 r-xp 00000000 08:08 655365                     /lib/x86_64-linux-gnu/libnsl-2.23.so
7f42e8d27000-7f42e8f26000 ---p 00016000 08:08 655365                     /lib/x86_64-linux-gnu/libnsl-2.23.so
7f42e8f26000-7f42e8f27000 r--p 00015000 08:08 655365                     /lib/x86_64-linux-gnu/libnsl-2.23.so
7f42e8f27000-7f42e8f28000 rw-p 00016000 08:08 655365                     /lib/x86_64-linux-gnu/libnsl-2.23.so
7f42e8f28000-7f42e8f2a000 rw-p 00000000 00:00 0 
7f42e8f2a000-7f42e8f32000 r-xp 00000000 08:08 655452                     /lib/x86_64-linux-gnu/libnss_compat-2.23.so
7f42e8f32000-7f42e9131000 ---p 00008000 08:08 655452                     /lib/x86_64-linux-gnu/libnss_compat-2.23.so
7f42e9131000-7f42e9132000 r--p 00007000 08:08 655452                     /lib/x86_64-linux-gnu/libnss_compat-2.23.so
7f42e9132000-7f42e9133000 rw-p 00008000 08:08 655452                     /lib/x86_64-linux-gnu/libnss_compat-2.23.so
7f42e9133000-7f42e913d000 r-xp 00000000 08:08 2507913                    /usr/lib/jdk1.8.0_131/jre/lib/amd64/libinstrument.so
7f42e913d000-7f42e933c000 ---p 0000a000 08:08 2507913                    /usr/lib/jdk1.8.0_131/jre/lib/amd64/libinstrument.so
7f42e933c000-7f42e933d000 rw-p 00009000 08:08 2507913                    /usr/lib/jdk1.8.0_131/jre/lib/amd64/libinstrument.so
7f42e933d000-7f42e9368000 r-xp 00000000 08:08 2507898                    /usr/lib/jdk1.8.0_131/jre/lib/amd64/libjava.so
7f42e9368000-7f42e9567000 ---p 0002b000 08:08 2507898                    /usr/lib/jdk1.8.0_131/jre/lib/amd64/libjava.so
7f42e9567000-7f42e9569000 rw-p 0002a000 08:08 2507898                    /usr/lib/jdk1.8.0_131/jre/lib/amd64/libjava.so
7f42e9569000-7f42e9576000 r-xp 00000000 08:08 2507903                    /usr/lib/jdk1.8.0_131/jre/lib/amd64/libverify.so
7f42e9576000-7f42e9775000 ---p 0000d000 08:08 2507903                    /usr/lib/jdk1.8.0_131/jre/lib/amd64/libverify.so
7f42e9775000-7f42e9777000 rw-p 0000c000 08:08 2507903                    /usr/lib/jdk1.8.0_131/jre/lib/amd64/libverify.so
7f42e9777000-7f42e977e000 r-xp 00000000 08:08 655448                     /lib/x86_64-linux-gnu/librt-2.23.so
7f42e977e000-7f42e997d000 ---p 00007000 08:08 655448                     /lib/x86_64-linux-gnu/librt-2.23.so
7f42e997d000-7f42e997e000 r--p 00006000 08:08 655448                     /lib/x86_64-linux-gnu/librt-2.23.so
7f42e997e000-7f42e997f000 rw-p 00007000 08:08 655448                     /lib/x86_64-linux-gnu/librt-2.23.so
7f42e997f000-7f42e9a87000 r-xp 00000000 08:08 655457                     /lib/x86_64-linux-gnu/libm-2.23.so
7f42e9a87000-7f42e9c86000 ---p 00108000 08:08 655457                     /lib/x86_64-linux-gnu/libm-2.23.so
7f42e9c86000-7f42e9c87000 r--p 00107000 08:08 655457                     /lib/x86_64-linux-gnu/libm-2.23.so
7f42e9c87000-7f42e9c88000 rw-p 00108000 08:08 655457                     /lib/x86_64-linux-gnu/libm-2.23.so
7f42e9c88000-7f42ea957000 r-xp 00000000 08:08 2507926                    /usr/lib/jdk1.8.0_131/jre/lib/amd64/server/libjvm.so
7f42ea957000-7f42eab57000 ---p 00ccf000 08:08 2507926                    /usr/lib/jdk1.8.0_131/jre/lib/amd64/server/libjvm.so
7f42eab57000-7f42eac30000 rw-p 00ccf000 08:08 2507926                    /usr/lib/jdk1.8.0_131/jre/lib/amd64/server/libjvm.so
7f42eac30000-7f42eac7b000 rw-p 00000000 00:00 0 
7f42eac7b000-7f42eae3b000 r-xp 00000000 08:08 660010                     /lib/x86_64-linux-gnu/libc-2.23.so
7f42eae3b000-7f42eb03b000 ---p 001c0000 08:08 660010                     /lib/x86_64-linux-gnu/libc-2.23.so
7f42eb03b000-7f42eb03f000 r--p 001c0000 08:08 660010                     /lib/x86_64-linux-gnu/libc-2.23.so
7f42eb03f000-7f42eb041000 rw-p 001c4000 08:08 660010                     /lib/x86_64-linux-gnu/libc-2.23.so
7f42eb041000-7f42eb045000 rw-p 00000000 00:00 0 
7f42eb045000-7f42eb048000 r-xp 00000000 08:08 655451                     /lib/x86_64-linux-gnu/libdl-2.23.so
7f42eb048000-7f42eb247000 ---p 00003000 08:08 655451                     /lib/x86_64-linux-gnu/libdl-2.23.so
7f42eb247000-7f42eb248000 r--p 00002000 08:08 655451                     /lib/x86_64-linux-gnu/libdl-2.23.so
7f42eb248000-7f42eb249000 rw-p 00003000 08:08 655451                     /lib/x86_64-linux-gnu/libdl-2.23.so
7f42eb249000-7f42eb25e000 r-xp 00000000 08:08 2509527                    /usr/lib/jdk1.8.0_131/lib/amd64/jli/libjli.so
7f42eb25e000-7f42eb45e000 ---p 00015000 08:08 2509527                    /usr/lib/jdk1.8.0_131/lib/amd64/jli/libjli.so
7f42eb45e000-7f42eb45f000 rw-p 00015000 08:08 2509527                    /usr/lib/jdk1.8.0_131/lib/amd64/jli/libjli.so
7f42eb45f000-7f42eb477000 r-xp 00000000 08:08 655445                     /lib/x86_64-linux-gnu/libpthread-2.23.so
7f42eb477000-7f42eb676000 ---p 00018000 08:08 655445                     /lib/x86_64-linux-gnu/libpthread-2.23.so
7f42eb676000-7f42eb677000 r--p 00017000 08:08 655445                     /lib/x86_64-linux-gnu/libpthread-2.23.so
7f42eb677000-7f42eb678000 rw-p 00018000 08:08 655445                     /lib/x86_64-linux-gnu/libpthread-2.23.so
7f42eb678000-7f42eb67c000 rw-p 00000000 00:00 0 
7f42eb67c000-7f42eb6a2000 r-xp 00000000 08:08 655374                     /lib/x86_64-linux-gnu/ld-2.23.so
7f42eb6a2000-7f42eb6ac000 r--s 0006c000 08:08 2507831                    /usr/lib/jdk1.8.0_131/jre/lib/javaws.jar
7f42eb6ac000-7f42eb6b1000 r--s 002f9000 08:08 2507848                    /usr/lib/jdk1.8.0_131/jre/lib/charsets.jar
7f42eb6b1000-7f42eb782000 rw-p 00000000 00:00 0 
7f42eb782000-7f42eb785000 ---p 00000000 00:00 0 
7f42eb785000-7f42eb887000 rw-p 00000000 00:00 0 
7f42eb887000-7f42eb88a000 r--s 0001a000 08:08 2507930                    /usr/lib/jdk1.8.0_131/jre/lib/jce.jar
7f42eb88a000-7f42eb88c000 r--s 00020000 08:08 1836381                    /home/fbhw/下载/idea-IC-171.4694.23/plugins/junit/lib/junit-rt.jar
7f42eb88c000-7f42eb88e000 r--s 0001a000 08:08 806622                     /home/fbhw/下载/idea-IC-171.4694.23/lib/idea_rt.jar
7f42eb88e000-7f42eb895000 r--s 000a7000 08:08 2491572                    /usr/lib/jdk1.8.0_131/jre/lib/ext/mysql-connector-java-5.1.7-bin.jar
7f42eb895000-7f42eb89d000 rw-s 00000000 08:08 3162112                    /tmp/hsperfdata_fbhw/13637
7f42eb89d000-7f42eb89e000 rw-p 00000000 00:00 0 
7f42eb89e000-7f42eb89f000 r--p 00000000 00:00 0 
7f42eb89f000-7f42eb8a1000 rw-p 00000000 00:00 0 
7f42eb8a1000-7f42eb8a2000 r--p 00025000 08:08 655374                     /lib/x86_64-linux-gnu/ld-2.23.so
7f42eb8a2000-7f42eb8a3000 rw-p 00026000 08:08 655374                     /lib/x86_64-linux-gnu/ld-2.23.so
7f42eb8a3000-7f42eb8a4000 rw-p 00000000 00:00 0 
7fffc9cd4000-7fffc9cf6000 rw-p 00000000 00:00 0                          [stack]
7fffc9d1b000-7fffc9d1d000 r--p 00000000 00:00 0                          [vvar]
7fffc9d1d000-7fffc9d1f000 r-xp 00000000 00:00 0                          [vdso]
ffffffffff600000-ffffffffff601000 r-xp 00000000 00:00 0                  [vsyscall]

VM Arguments:
jvm_args: -ea -Didea.test.cyclic.buffer.size=1048576 -javaagent:/home/fbhw/下载/idea-IC-171.4694.23/lib/idea_rt.jar=46630:/home/fbhw/下载/idea-IC-171.4694.23/bin -Dfile.encoding=UTF-8 
java_command: com.intellij.rt.execution.junit.JUnitStarter -ideVersion5 io.openmessaging.client.producer.AbstractProducerTest
java_class_path (initial): /home/fbhw/下载/idea-IC-171.4694.23/lib/idea_rt.jar:/home/fbhw/下载/idea-IC-171.4694.23/plugins/junit/lib/junit-rt.jar:/usr/lib/jdk1.8.0_131/jre/lib/charsets.jar:/usr/lib/jdk1.8.0_131/jre/lib/deploy.jar:/usr/lib/jdk1.8.0_131/jre/lib/ext/cldrdata.jar:/usr/lib/jdk1.8.0_131/jre/lib/ext/dnsns.jar:/usr/lib/jdk1.8.0_131/jre/lib/ext/jaccess.jar:/usr/lib/jdk1.8.0_131/jre/lib/ext/jfxrt.jar:/usr/lib/jdk1.8.0_131/jre/lib/ext/localedata.jar:/usr/lib/jdk1.8.0_131/jre/lib/ext/nashorn.jar:/usr/lib/jdk1.8.0_131/jre/lib/ext/sunec.jar:/usr/lib/jdk1.8.0_131/jre/lib/ext/sunjce_provider.jar:/usr/lib/jdk1.8.0_131/jre/lib/ext/sunpkcs11.jar:/usr/lib/jdk1.8.0_131/jre/lib/ext/zipfs.jar:/usr/lib/jdk1.8.0_131/jre/lib/javaws.jar:/usr/lib/jdk1.8.0_131/jre/lib/jce.jar:/usr/lib/jdk1.8.0_131/jre/lib/jfr.jar:/usr/lib/jdk1.8.0_131/jre/lib/jfxswt.jar:/usr/lib/jdk1.8.0_131/jre/lib/jsse.jar:/usr/lib/jdk1.8.0_131/jre/lib/management-agent.jar:/usr/lib/jdk1.8.0_131/jre/lib/plugin.jar:/usr/lib/jdk1.8.0_131/jre/lib/resources.jar:/usr/lib/jdk1.8.0_131/jre/lib/rt.jar:/home/fbhw/javaworkpath/boltmq/client/target/test-classes:/home/fbhw/javaworkpath/boltmq/client/target/classes:/home/fbhw/下载/dysms_java/java/api_demo/alicom-dysms-api/libs/aliyun-java-sdk-core-3.3.1.jar:/home/fbhw/下载/dysms_java/java/api_demo/alicom-dysms-api/libs/aliyun-java-sdk-dysmsapi-1.0.0.jar:/home/fbhw/.m2/repository/com/google/protobuf/protobuf-java/3.0.0/protobuf-java-3.0.0.jar:/home/fbhw/.m2/repository/junit/junit/4.12/junit-4.12.jar:/home/fbhw/.m2/repository/org/hamcrest/hamcrest-core/1.3/hamcrest-core-1.3.jar:/home/fbhw/.m2/repository/org/assertj/assertj-core/2.6.0/assertj-core-2.6.0.jar:/home/fbhw/.m2/repository/io/netty/netty-all/5.0.0.Alpha2/netty-all-5.0.0.Alpha2.jar:/home/fbhw/.m2/repository/org/slf4j/slf4j-api/1.7.7/slf4j-api-1.7.7.jar:/home/fbhw/.m2/repository/ch/qos/logback/logback-classic/1.0.13/logback-classic-1.0.13.jar:/home/fbhw/.m2/repository/ch/qos/logback/logback-core/1.0.13/logba
Launcher Type: SUN_STANDARD

Environment Variables:
JAVA_HOME=/usr/lib/jdk1.8.0_131
CLASSPATH=../lib/bootstrap.jar:../lib/extensions.jar:../lib/util.jar:../lib/jdom.jar:../lib/log4j.jar:../lib/trove4j.jar:../lib/jna.jar:../jre64/lib/tools.jar
PATH=/usr/lib/jdk1.8.0_131/bin:/usr/lib/jdk1.8.0_131/jre/bin:/usr/local/sbin:/usr/local/bin:/usr/sbin:/usr/bin:/sbin:/bin:/usr/games:/usr/local/games:/snap/bin:/usr/local/go/bin/:/usr/local/go/pkg/tool/
LD_LIBRARY_PATH=.:
SHELL=/bin/bash
DISPLAY=:0

Signal Handlers:
SIGSEGV: [libjvm.so+0xac8af0], sa_mask[0]=11111111011111111101111111111110, sa_flags=SA_RESTART|SA_SIGINFO
SIGBUS: [libjvm.so+0xac8af0], sa_mask[0]=11111111011111111101111111111110, sa_flags=SA_RESTART|SA_SIGINFO
SIGFPE: [libjvm.so+0x921dd0], sa_mask[0]=11111111011111111101111111111110, sa_flags=SA_RESTART|SA_SIGINFO
SIGPIPE: [libjvm.so+0x921dd0], sa_mask[0]=11111111011111111101111111111110, sa_flags=SA_RESTART|SA_SIGINFO
SIGXFSZ: [libjvm.so+0x921dd0], sa_mask[0]=11111111011111111101111111111110, sa_flags=SA_RESTART|SA_SIGINFO
SIGILL: [libjvm.so+0x921dd0], sa_mask[0]=11111111011111111101111111111110, sa_flags=SA_RESTART|SA_SIGINFO
SIGUSR1: SIG_DFL, sa_mask[0]=00000000000000000000000000000000, sa_flags=none
SIGUSR2: [libjvm.so+0x923610], sa_mask[0]=00100000000000000000000000000000, sa_flags=SA_RESTART|SA_SIGINFO
SIGHUP: [libjvm.so+0x924a10], sa_mask[0]=11111111011111111101111111111110, sa_flags=SA_RESTART|SA_SIGINFO
SIGINT: [libjvm.so+0x924a10], sa_mask[0]=11111111011111111101111111111110, sa_flags=SA_RESTART|SA_SIGINFO
SIGTERM: [libjvm.so+0x924a10], sa_mask[0]=11111111011111111101111111111110, sa_flags=SA_RESTART|SA_SIGINFO
SIGQUIT: [libjvm.so+0x924a10], sa_mask[0]=11111111011111111101111111111110, sa_flags=SA_RESTART|SA_SIGINFO


---------------  S Y S T E M  ---------------

OS:DISTRIB_ID=Ubuntu
DISTRIB_RELEASE=16.04
DISTRIB_CODENAME=xenial
DISTRIB_DESCRIPTION="Ubuntu 16.04 LTS"

uname:Linux 4.4.0-103-generic #126-Ubuntu SMP Mon Dec 4 16:23:28 UTC 2017 x86_64
libc:glibc 2.23 NPTL 2.23 
rlimit: STACK 8192k, CORE 0k, NPROC 31206, NOFILE 65536, AS infinity
load average:4.73 2.58 1.76

/proc/meminfo:
MemTotal:        8096364 kB
MemFree:          659140 kB
MemAvailable:     915624 kB
Buffers:           18684 kB
Cached:           624908 kB
SwapCached:        77276 kB
Active:          5870228 kB
Inactive:        1313708 kB
Active(anon):    5528180 kB
Inactive(anon):  1204444 kB
Active(file):     342048 kB
Inactive(file):   109264 kB
Unevictable:          16 kB
Mlocked:              16 kB
SwapTotal:       8309756 kB
SwapFree:        7684256 kB
Dirty:               584 kB
Writeback:             0 kB
AnonPages:       6472368 kB
Mapped:           230880 kB
Shmem:            192280 kB
Slab:              96592 kB
SReclaimable:      55304 kB
SUnreclaim:        41288 kB
KernelStack:       12976 kB
PageTables:        50480 kB
NFS_Unstable:          0 kB
Bounce:                0 kB
WritebackTmp:          0 kB
CommitLimit:    12357936 kB
Committed_AS:   11833012 kB
VmallocTotal:   34359738367 kB
VmallocUsed:           0 kB
VmallocChunk:          0 kB
HardwareCorrupted:     0 kB
AnonHugePages:   4970496 kB
CmaTotal:              0 kB
CmaFree:               0 kB
HugePages_Total:       0
HugePages_Free:        0
HugePages_Rsvd:        0
HugePages_Surp:        0
Hugepagesize:       2048 kB
DirectMap4k:      167596 kB
DirectMap2M:     6045696 kB
DirectMap1G:     3145728 kB


CPU:total 4 (initial active 4) (2 cores per cpu, 2 threads per core) family 6 model 69 stepping 1, cmov, cx8, fxsr, mmx, sse, sse2, sse3, ssse3, sse4.1, sse4.2, popcnt, avx, avx2, aes, clmul, erms, lzcnt, ht, tsc, tscinvbit, bmi1, bmi2

/proc/cpuinfo:
processor	: 0
vendor_id	: GenuineIntel
cpu family	: 6
model		: 69
model name	: Intel(R) Core(TM) i5-4210U CPU @ 1.70GHz
stepping	: 1
microcode	: 0x1c
cpu MHz		: 2400.000
cache size	: 3072 KB
physical id	: 0
siblings	: 4
core id		: 0
cpu cores	: 2
apicid		: 0
initial apicid	: 0
fpu		: yes
fpu_exception	: yes
cpuid level	: 13
wp		: yes
flags		: fpu vme de pse tsc msr pae mce cx8 apic sep mtrr pge mca cmov pat pse36 clflush dts acpi mmx fxsr sse sse2 ss ht tm pbe syscall nx pdpe1gb rdtscp lm constant_tsc arch_perfmon pebs bts rep_good nopl xtopology nonstop_tsc aperfmperf eagerfpu pni pclmulqdq dtes64 monitor ds_cpl vmx est tm2 ssse3 sdbg fma cx16 xtpr pdcm pcid sse4_1 sse4_2 movbe popcnt tsc_deadline_timer aes xsave avx f16c rdrand lahf_lm abm epb tpr_shadow vnmi flexpriority ept vpid fsgsbase tsc_adjust bmi1 avx2 smep bmi2 erms invpcid xsaveopt dtherm ida arat pln pts
bugs		:
bogomips	: 4789.06
clflush size	: 64
cache_alignment	: 64
address sizes	: 39 bits physical, 48 bits virtual
power management:

processor	: 1
vendor_id	: GenuineIntel
cpu family	: 6
model		: 69
model name	: Intel(R) Core(TM) i5-4210U CPU @ 1.70GHz
stepping	: 1
microcode	: 0x1c
cpu MHz		: 2400.000
cache size	: 3072 KB
physical id	: 0
siblings	: 4
core id		: 0
cpu cores	: 2
apicid		: 1
initial apicid	: 1
fpu		: yes
fpu_exception	: yes
cpuid level	: 13
wp		: yes
flags		: fpu vme de pse tsc msr pae mce cx8 apic sep mtrr pge mca cmov pat pse36 clflush dts acpi mmx fxsr sse sse2 ss ht tm pbe syscall nx pdpe1gb rdtscp lm constant_tsc arch_perfmon pebs bts rep_good nopl xtopology nonstop_tsc aperfmperf eagerfpu pni pclmulqdq dtes64 monitor ds_cpl vmx est tm2 ssse3 sdbg fma cx16 xtpr pdcm pcid sse4_1 sse4_2 movbe popcnt tsc_deadline_timer aes xsave avx f16c rdrand lahf_lm abm epb tpr_shadow vnmi flexpriority ept vpid fsgsbase tsc_adjust bmi1 avx2 smep bmi2 erms invpcid xsaveopt dtherm ida arat pln pts
bugs		:
bogomips	: 4789.06
clflush size	: 64
cache_alignment	: 64
address sizes	: 39 bits physical, 48 bits virtual
power management:

processor	: 2
vendor_id	: GenuineIntel
cpu family	: 6
model		: 69
model name	: Intel(R) Core(TM) i5-4210U CPU @ 1.70GHz
stepping	: 1
microcode	: 0x1c
cpu MHz		: 2399.906
cache size	: 3072 KB
physical id	: 0
siblings	: 4
core id		: 1
cpu cores	: 2
apicid		: 2
initial apicid	: 2
fpu		: yes
fpu_exception	: yes
cpuid level	: 13
wp		: yes
flags		: fpu vme de pse tsc msr pae mce cx8 apic sep mtrr pge mca cmov pat pse36 clflush dts acpi mmx fxsr sse sse2 ss ht tm pbe syscall nx pdpe1gb rdtscp lm constant_tsc arch_perfmon pebs bts rep_good nopl xtopology nonstop_tsc aperfmperf eagerfpu pni pclmulqdq dtes64 monitor ds_cpl vmx est tm2 ssse3 sdbg fma cx16 xtpr pdcm pcid sse4_1 sse4_2 movbe popcnt tsc_deadline_timer aes xsave avx f16c rdrand lahf_lm abm epb tpr_shadow vnmi flexpriority ept vpid fsgsbase tsc_adjust bmi1 avx2 smep bmi2 erms invpcid xsaveopt dtherm ida arat pln pts
bugs		:
bogomips	: 4789.06
clflush size	: 64
cache_alignment	: 64
address sizes	: 39 bits physical, 48 bits virtual
power management:

processor	: 3
vendor_id	: GenuineIntel
cpu family	: 6
model		: 69
model name	: Intel(R) Core(TM) i5-4210U CPU @ 1.70GHz
stepping	: 1
microcode	: 0x1c
cpu MHz		: 2400.000
cache size	: 3072 KB
physical id	: 0
siblings	: 4
core id		: 1
cpu cores	: 2
apicid		: 3
initial apicid	: 3
fpu		: yes
fpu_exception	: yes
cpuid level	: 13
wp		: yes
flags		: fpu vme de pse tsc msr pae mce cx8 apic sep mtrr pge mca cmov pat pse36 clflush dts acpi mmx fxsr sse sse2 ss ht tm pbe syscall nx pdpe1gb rdtscp lm constant_tsc arch_perfmon pebs bts rep_good nopl xtopology nonstop_tsc aperfmperf eagerfpu pni pclmulqdq dtes64 monitor ds_cpl vmx est tm2 ssse3 sdbg fma cx16 xtpr pdcm pcid sse4_1 sse4_2 movbe popcnt tsc_deadline_timer aes xsave avx f16c rdrand lahf_lm abm epb tpr_shadow vnmi flexpriority ept vpid fsgsbase tsc_adjust bmi1 avx2 smep bmi2 erms invpcid xsaveopt dtherm ida arat pln pts
bugs		:
bogomips	: 4789.06
clflush size	: 64
cache_alignment	: 64
address sizes	: 39 bits physical, 48 bits virtual
power management:



Memory: 4k page, physical 8096364k(659140k free), swap 8309756k(7684256k free)

vm_info: Java HotSpot(TM) 64-Bit Server VM (25.131-b11) for linux-amd64 JRE (1.8.0_131-b11), built on Mar 15 2017 01:23:40 by "java_re" with gcc 4.3.0 20080428 (Red Hat 4.3.0-8)

time: Tue Dec 19 16:37:52 2017
elapsed time: 261 seconds (0d 0h 4m 21s)

