#
# A fatal error has been detected by the Java Runtime Environment:
#
#  SIGSEGV (0xb) at pc=0x00007f1009545817, pid=16783, tid=0x00007f0ff4227700
#
# JRE version: Java(TM) SE Runtime Environment (8.0_131-b11) (build 1.8.0_131-b11)
# Java VM: Java HotSpot(TM) 64-Bit Server VM (25.131-b11 mixed mode linux-amd64 compressed oops)
# Problematic frame:
# J 1633 C2 sun.nio.ch.IOUtil.write(Ljava/io/FileDescriptor;[Ljava/nio/ByteBuffer;IILsun/nio/ch/NativeDispatcher;)J (509 bytes) @ 0x00007f1009545817 [0x00007f10095452e0+0x537]
#
# Failed to write core dump. Core dumps have been disabled. To enable core dumping, try "ulimit -c unlimited" before starting Java again
#
# If you would like to submit a bug report, please visit:
#   http://bugreport.java.com/bugreport/crash.jsp
#

---------------  T H R E A D  ---------------

Current thread (0x00007f0fb0001000):  JavaThread "nioEventLoopGroup-0-6" daemon [_thread_in_Java, id=16863, stack(0x00007f0ff4127000,0x00007f0ff4228000)]

siginfo: si_signo: 11 (SIGSEGV), si_code: 1 (SEGV_MAPERR), si_addr: 0x00007f0f887c0010

Registers:
RAX=0x0000000000400000, RBX=0x000000000061a120, RCX=0x00007f0fa6618130, RDX=0x0000000000000000
RSP=0x00007f0ff4226500, RBP=0x0000000000071e52, RSI=0x00000000000001d8, RDI=0x00007f100843f000
R8 =0x0000000000000051, R9 =0x0000000020007e0e, R10=0x00007f0f887c0010, R11=0x00000000b22b4428
R12=0x0000000000000000, R13=0x00000000de55c7b8, R14=0x00000000bea68090, R15=0x00007f0fb0001000
RIP=0x00007f1009545817, EFLAGS=0x0000000000010202, CSGSFS=0x0000000000000033, ERR=0x0000000000000006
  TRAPNO=0x000000000000000e

Top of Stack: (sp=0x00007f0ff4226500)
0x00007f0ff4226500:   00000000b22b4428 0000000000000000
0x00007f0ff4226510:   000000010003f070 0000000000000020
0x00007f0ff4226520:   00007f0ff4226570 00007f10093b4d2c
0x00007f0ff4226530:   00000000e1715f20 00000001847fa4a8
0x00007f0ff4226540:   00000000847fa398 00000000847fa398
0x00007f0ff4226550:   00000000847fa468 0000000084654c30
0x00007f0ff4226560:   0000000084b99800 00007f101dc2511f
0x00007f0ff4226570:   0000000000000002 00007f10095d6b6c
0x00007f0ff4226580:   00007f0fb0001000 00007f101e5bca50
0x00007f0ff4226590:   00007f0fb0001000 0000000000000000
0x00007f0ff42265a0:   00007f0ff42265f0 0000005100ae18c0
0x00007f0ff42265b0:   00000000b0c2dd20 00000000de558fd0
0x00007f0ff42265c0:   00007f0fb0001000 00007f1009113519
0x00007f0ff42265d0:   0000000000000051 00000000847fa398
0x00007f0ff42265e0:   00000000b22b4428 00071e5200000000
0x00007f0ff42265f0:   00000000847fa498 00007f100906dd45
0x00007f0ff4226600:   00000000ffffffff 00000000847fa4a8
0x00007f0ff4226610:   00007f0ff4227700 0000000000000000
0x00007f0ff4226620:   00000000b22b4428 00000051de55c760
0x00007f0ff4226630:   00000000de55c6e8 0100000000ae2ea0
0x00007f0ff4226640:   00000000b0c2dd20 00000000e17216e0
0x00007f0ff4226650:   0100000000000000 00000000de55c760
0x00007f0ff4226660:   0000005100000000 00000000851222f8
0x00007f0ff4226670:   00000000024097f2 00000000848d0e10
0x00007f0ff4226680:   00000000b22b4428 00007f10094e061c
0x00007f0ff4226690:   00000051851222d0 0000000000000001
0x00007f0ff42266a0:   00000000847fa498 0000000000000001
0x00007f0ff42266b0:   00000000847fa4a8 00000000851222f8
0x00007f0ff42266c0:   0000000000000002 00007f10091cbf14
0x00007f0ff42266d0:   0000000100173e98 00007f101e6da9df
0x00007f0ff42266e0:   0000000000000000 00007f0ff4f3f7d1
0x00007f0ff42266f0:   00000000de55c6e8 00007f0fb0001000 

Instructions: (pc=0x00007f1009545817)
0x00007f10095457f7:   00 00 48 63 cb 49 03 4d 10 c4 c1 79 7e ca 41 83
0x00007f1009545807:   fa 04 0f 84 ae 04 00 00 45 8b 56 18 4d 8b 52 18
0x00007f1009545817:   49 89 0a 4d 63 c0 4d 89 42 08 41 ba 01 00 00 00
0x00007f1009545827:   c5 f9 7e d1 e9 3f fb ff ff 33 c0 e9 69 fe ff ff 

Register to memory mapping:

RAX=0x0000000000400000: <offset 0> in /usr/lib/jdk1.8.0_131/bin/java at 0x0000000000400000
RBX=0x000000000061a120 is an unknown value
RCX=0x00007f0fa6618130 is an unknown value
RDX=0x0000000000000000 is an unknown value
RSP=0x00007f0ff4226500 is pointing into the stack for thread: 0x00007f0fb0001000
RBP=0x0000000000071e52 is an unknown value
RSI=0x00000000000001d8 is an unknown value
RDI=0x00007f100843f000 is an unknown value
R8 =0x0000000000000051 is an unknown value
R9 =0x0000000020007e0e is an unknown value
R10=0x00007f0f887c0010 is an unknown value
R11=0x00000000b22b4428 is an oop
[Ljava.nio.ByteBuffer; 
 - klass: 'java/nio/ByteBuffer'[]
 - length: 4194304
R12=0x0000000000000000 is an unknown value
R13=0x00000000de55c7b8 is an oop
java.nio.DirectByteBuffer 
 - klass: 'java/nio/DirectByteBuffer'
R14=0x00000000bea68090 is an oop
sun.nio.ch.IOVecWrapper 
 - klass: 'sun/nio/ch/IOVecWrapper'
R15=0x00007f0fb0001000 is a thread


Stack: [0x00007f0ff4127000,0x00007f0ff4228000],  sp=0x00007f0ff4226500,  free space=1021k
Native frames: (J=compiled Java code, j=interpreted, Vv=VM code, C=native code)
J 1633 C2 sun.nio.ch.IOUtil.write(Ljava/io/FileDescriptor;[Ljava/nio/ByteBuffer;IILsun/nio/ch/NativeDispatcher;)J (509 bytes) @ 0x00007f1009545817 [0x00007f10095452e0+0x537]
J 1728 C1 sun.nio.ch.SocketChannelImpl.write([Ljava/nio/ByteBuffer;II)J (436 bytes) @ 0x00007f10095d6b6c [0x00007f10095d60a0+0xacc]
J 1739 C1 io.netty.channel.socket.nio.NioSocketChannel.doWrite(Lio/netty/channel/ChannelOutboundBuffer;)V (259 bytes) @ 0x00007f10091cbf14 [0x00007f10091cb8a0+0x674]
J 1453 C2 io.netty.channel.AbstractChannel$AbstractUnsafe.flush0()V (123 bytes) @ 0x00007f1009498454 [0x00007f1009498360+0xf4]
j  io.netty.channel.nio.AbstractNioChannel$AbstractNioUnsafe.forceFlush()V+1
J 1671 C2 io.netty.channel.nio.NioEventLoop.run()V (164 bytes) @ 0x00007f10095a2f78 [0x00007f10095a26a0+0x8d8]
j  io.netty.util.concurrent.SingleThreadEventExecutor$2.run()V+40
J 1690% C2 io.netty.util.internal.chmv8.ForkJoinPool.runWorker(Lio/netty/util/internal/chmv8/ForkJoinPool$WorkQueue;)V (43 bytes) @ 0x00007f10095b684c [0x00007f10095b6620+0x22c]
j  io.netty.util.internal.chmv8.ForkJoinWorkerThread.run()V+14
v  ~StubRoutines::call_stub
V  [libjvm.so+0x691d16]  JavaCalls::call_helper(JavaValue*, methodHandle*, JavaCallArguments*, Thread*)+0x1056
V  [libjvm.so+0x692221]  JavaCalls::call_virtual(JavaValue*, KlassHandle, Symbol*, Symbol*, JavaCallArguments*, Thread*)+0x321
V  [libjvm.so+0x6926c7]  JavaCalls::call_virtual(JavaValue*, Handle, KlassHandle, Symbol*, Symbol*, Thread*)+0x47
V  [libjvm.so+0x72da50]  thread_entry(JavaThread*, Thread*)+0xa0
V  [libjvm.so+0xa76833]  JavaThread::thread_main_inner()+0x103
V  [libjvm.so+0xa7697c]  JavaThread::run()+0x11c
V  [libjvm.so+0x927568]  java_start(Thread*)+0x108
C  [libpthread.so.0+0x76ba]  start_thread+0xca


---------------  P R O C E S S  ---------------

Java Threads: ( => current thread )
  0x00007f0f9c003000 JavaThread "nioEventLoopGroup-0-7" daemon [_thread_in_native, id=16868, stack(0x00007f0ff4026000,0x00007f0ff4127000)]
=>0x00007f0fb0001000 JavaThread "nioEventLoopGroup-0-6" daemon [_thread_in_Java, id=16863, stack(0x00007f0ff4127000,0x00007f0ff4228000)]
  0x00007f0fa8001000 JavaThread "nioEventLoopGroup-0-5" daemon [_thread_in_native, id=16858, stack(0x00007f0ff4228000,0x00007f0ff4329000)]
  0x00007f0fc4019800 JavaThread "nioEventLoopGroup-0-4" daemon [_thread_in_native, id=16833, stack(0x00007f0ff4329000,0x00007f0ff442a000)]
  0x00007f0fc4018800 JavaThread "nioEventLoopGroup-0-3" daemon [_thread_in_native, id=16832, stack(0x00007f0ff442a000,0x00007f0ff452b000)]
  0x00007f0fc4016000 JavaThread "nioEventLoopGroup-0-2" daemon [_thread_in_native, id=16831, stack(0x00007f0ff452b000,0x00007f0ff462c000)]
  0x00007f0fc4012800 JavaThread "threadDeathWatcher-2-1" daemon [_thread_blocked, id=16825, stack(0x00007f0ff462c000,0x00007f0ff472d000)]
  0x00007f0fc400f800 JavaThread "nioEventLoopGroup-0-1" daemon [_thread_in_native, id=16824, stack(0x00007f0ff492d000,0x00007f0ff4a2e000)]
  0x00007f0fc006f800 JavaThread "nioEventLoopGroup-0-0" daemon [_thread_in_native, id=16823, stack(0x00007f0ff4a2e000,0x00007f0ff4b2f000)]
  0x00007f1018535000 JavaThread "Timer-0" [_thread_blocked, id=16822, stack(0x00007f0ff514e000,0x00007f0ff524f000)]
  0x00007f10181c8000 JavaThread "Service Thread" daemon [_thread_blocked, id=16816, stack(0x00007f0ff53c0000,0x00007f0ff54c1000)]
  0x00007f10181c3000 JavaThread "C1 CompilerThread2" daemon [_thread_blocked, id=16815, stack(0x00007f0ff54c1000,0x00007f0ff55c2000)]
  0x00007f10181c0800 JavaThread "C2 CompilerThread1" daemon [_thread_blocked, id=16814, stack(0x00007f0ff55c2000,0x00007f0ff56c3000)]
  0x00007f10181bf000 JavaThread "C2 CompilerThread0" daemon [_thread_blocked, id=16813, stack(0x00007f0ff5bdb000,0x00007f0ff5cdc000)]
  0x00007f10181ac800 JavaThread "Monitor Ctrl-Break" daemon [_thread_in_native, id=16812, stack(0x00007f0ff5cdc000,0x00007f0ff5ddd000)]
  0x00007f101817d000 JavaThread "Signal Dispatcher" daemon [_thread_blocked, id=16811, stack(0x00007f0ff5ddd000,0x00007f0ff5ede000)]
  0x00007f101814d000 JavaThread "Finalizer" daemon [_thread_blocked, id=16801, stack(0x00007f0ff6369000,0x00007f0ff646a000)]
  0x00007f1018148800 JavaThread "Reference Handler" daemon [_thread_blocked, id=16800, stack(0x00007f0ff646a000,0x00007f0ff656b000)]
  0x00007f101800b800 JavaThread "main" [_thread_in_Java, id=16786, stack(0x00007f101f0da000,0x00007f101f1db000)]

Other Threads:
  0x00007f1018140800 VMThread [stack: 0x00007f0ff656b000,0x00007f0ff666c000] [id=16798]
  0x00007f10181cc800 WatcherThread [stack: 0x00007f0ff52bf000,0x00007f0ff53c0000] [id=16817]

VM state:not at safepoint (normal execution)

VM Mutex/Monitor currently owned by a thread: None

Heap:
 PSYoungGen      total 450048K, used 210805K [0x00000000d6d00000, 0x0000000100000000, 0x0000000100000000)
  eden space 225280K, 93% used [0x00000000d6d00000,0x00000000e3add460,0x00000000e4900000)
  from space 224768K, 0% used [0x00000000e4900000,0x00000000e4900000,0x00000000f2480000)
  to   space 224768K, 0% used [0x00000000f2480000,0x00000000f2480000,0x0000000100000000)
 ParOldGen       total 1350656K, used 1098780K [0x0000000084600000, 0x00000000d6d00000, 0x00000000d6d00000)
  object space 1350656K, 81% used [0x0000000084600000,0x00000000c7707338,0x00000000d6d00000)
 Metaspace       used 12080K, capacity 12328K, committed 12544K, reserved 1060864K
  class space    used 1457K, capacity 1528K, committed 1536K, reserved 1048576K

Card table byte_map: [0x00007f1008862000,0x00007f1008c40000] byte_map_base: 0x00007f100843f000

Marking Bits: (ParMarkBitMap*) 0x00007f101e5a5f60
 Begin Bits: [0x00007f0ff8230000, 0x00007f0ffa118000)
 End Bits:   [0x00007f0ffa118000, 0x00007f0ffc000000)

Polling page: 0x00007f101f1f6000

CodeCache: size=245760Kb used=5923Kb max_used=5982Kb free=239837Kb
 bounds [0x00007f1009000000, 0x00007f10095f0000, 0x00007f1018000000]
 total_blobs=2027 nmethods=1673 adapters=267
 compilation: enabled

Compilation events (10 events):
Event: 312.711 Thread 0x00007f10181c3000 nmethod 1851 0x00007f10093c19d0 code [0x00007f10093c1b40, 0x00007f10093c1ce8]
Event: 312.713 Thread 0x00007f10181bf000 1854   !   4       io.netty.buffer.PoolArena::allocate (236 bytes)
Event: 312.715 Thread 0x00007f10181c0800 nmethod 1847 0x00007f1009123d10 code [0x00007f1009123ea0, 0x00007f10091241b8]
Event: 312.715 Thread 0x00007f10181c0800 1856       4       io.netty.buffer.PoolSubpage::allocate (111 bytes)
Event: 312.724 Thread 0x00007f10181c0800 nmethod 1856 0x00007f1009370210 code [0x00007f1009370380, 0x00007f1009370758]
Event: 312.724 Thread 0x00007f10181c0800 1855       4       io.netty.buffer.PoolArena::normalizeCapacity (120 bytes)
Event: 312.726 Thread 0x00007f10181c0800 nmethod 1855 0x00007f10093786d0 code [0x00007f1009378820, 0x00007f1009378918]
Event: 312.765 Thread 0x00007f10181bf000 nmethod 1854 0x00007f10095e5710 code [0x00007f10095e59a0, 0x00007f10095e70e0]
Event: 312.783 Thread 0x00007f10181c0800 1857       4       io.netty.buffer.PoolThreadCache$MemoryRegionCache::trim (71 bytes)
Event: 312.790 Thread 0x00007f10181c0800 nmethod 1857 0x00007f100936a610 code [0x00007f100936a780, 0x00007f100936aca8]

GC Heap History (10 events):
Event: 297.779 GC heap before
{Heap before GC invocations=72 (full 35):
 PSYoungGen      total 450048K, used 225280K [0x00000000d6d00000, 0x0000000100000000, 0x0000000100000000)
  eden space 225280K, 100% used [0x00000000d6d00000,0x00000000e4900000,0x00000000e4900000)
  from space 224768K, 0% used [0x00000000e4900000,0x00000000e4900000,0x00000000f2480000)
  to   space 224768K, 0% used [0x00000000f2480000,0x00000000f2480000,0x0000000100000000)
 ParOldGen       total 1350656K, used 1350436K [0x0000000084600000, 0x00000000d6d00000, 0x00000000d6d00000)
  object space 1350656K, 99% used [0x0000000084600000,0x00000000d6cc9018,0x00000000d6d00000)
 Metaspace       used 12066K, capacity 12322K, committed 12544K, reserved 1060864K
  class space    used 1456K, capacity 1527K, committed 1536K, reserved 1048576K
Event: 301.408 GC heap after
Heap after GC invocations=72 (full 35):
 PSYoungGen      total 450048K, used 172599K [0x00000000d6d00000, 0x0000000100000000, 0x0000000100000000)
  eden space 225280K, 76% used [0x00000000d6d00000,0x00000000e158deb0,0x00000000e4900000)
  from space 224768K, 0% used [0x00000000e4900000,0x00000000e4900000,0x00000000f2480000)
  to   space 224768K, 0% used [0x00000000f2480000,0x00000000f2480000,0x0000000100000000)
 ParOldGen       total 1350656K, used 1350198K [0x0000000084600000, 0x00000000d6d00000, 0x00000000d6d00000)
  object space 1350656K, 99% used [0x0000000084600000,0x00000000d6c8db18,0x00000000d6d00000)
 Metaspace       used 12066K, capacity 12322K, committed 12544K, reserved 1060864K
  class space    used 1456K, capacity 1527K, committed 1536K, reserved 1048576K
}
Event: 301.521 GC heap before
{Heap before GC invocations=73 (full 36):
 PSYoungGen      total 450048K, used 225280K [0x00000000d6d00000, 0x0000000100000000, 0x0000000100000000)
  eden space 225280K, 100% used [0x00000000d6d00000,0x00000000e4900000,0x00000000e4900000)
  from space 224768K, 0% used [0x00000000e4900000,0x00000000e4900000,0x00000000f2480000)
  to   space 224768K, 0% used [0x00000000f2480000,0x00000000f2480000,0x0000000100000000)
 ParOldGen       total 1350656K, used 1350198K [0x0000000084600000, 0x00000000d6d00000, 0x00000000d6d00000)
  object space 1350656K, 99% used [0x0000000084600000,0x00000000d6c8db18,0x00000000d6d00000)
 Metaspace       used 12069K, capacity 12322K, committed 12544K, reserved 1060864K
  class space    used 1457K, capacity 1527K, committed 1536K, reserved 1048576K
Event: 306.299 GC heap after
Heap after GC invocations=73 (full 36):
 PSYoungGen      total 450048K, used 166598K [0x00000000d6d00000, 0x0000000100000000, 0x0000000100000000)
  eden space 225280K, 73% used [0x00000000d6d00000,0x00000000e0fb1ac8,0x00000000e4900000)
  from space 224768K, 0% used [0x00000000e4900000,0x00000000e4900000,0x00000000f2480000)
  to   space 224768K, 0% used [0x00000000f2480000,0x00000000f2480000,0x0000000100000000)
 ParOldGen       total 1350656K, used 1350620K [0x0000000084600000, 0x00000000d6d00000, 0x00000000d6d00000)
  object space 1350656K, 99% used [0x0000000084600000,0x00000000d6cf72b8,0x00000000d6d00000)
 Metaspace       used 12069K, capacity 12322K, committed 12544K, reserved 1060864K
  class space    used 1457K, capacity 1527K, committed 1536K, reserved 1048576K
}
Event: 306.475 GC heap before
{Heap before GC invocations=74 (full 37):
 PSYoungGen      total 450048K, used 225280K [0x00000000d6d00000, 0x0000000100000000, 0x0000000100000000)
  eden space 225280K, 100% used [0x00000000d6d00000,0x00000000e4900000,0x00000000e4900000)
  from space 224768K, 0% used [0x00000000e4900000,0x00000000e4900000,0x00000000f2480000)
  to   space 224768K, 0% used [0x00000000f2480000,0x00000000f2480000,0x0000000100000000)
 ParOldGen       total 1350656K, used 1350620K [0x0000000084600000, 0x00000000d6d00000, 0x00000000d6d00000)
  object space 1350656K, 99% used [0x0000000084600000,0x00000000d6cf72b8,0x00000000d6d00000)
 Metaspace       used 12080K, capacity 12328K, committed 12544K, reserved 1060864K
  class space    used 1457K, capacity 1528K, committed 1536K, reserved 1048576K
Event: 310.269 GC heap after
Heap after GC invocations=74 (full 37):
 PSYoungGen      total 450048K, used 58967K [0x00000000d6d00000, 0x0000000100000000, 0x0000000100000000)
  eden space 225280K, 26% used [0x00000000d6d00000,0x00000000da695c78,0x00000000e4900000)
  from space 224768K, 0% used [0x00000000e4900000,0x00000000e4900000,0x00000000f2480000)
  to   space 224768K, 0% used [0x00000000f2480000,0x00000000f2480000,0x0000000100000000)
 ParOldGen       total 1350656K, used 1350649K [0x0000000084600000, 0x00000000d6d00000, 0x00000000d6d00000)
  object space 1350656K, 99% used [0x0000000084600000,0x00000000d6cfe460,0x00000000d6d00000)
 Metaspace       used 12080K, capacity 12328K, committed 12544K, reserved 1060864K
  class space    used 1457K, capacity 1528K, committed 1536K, reserved 1048576K
}
Event: 310.578 GC heap before
{Heap before GC invocations=75 (full 38):
 PSYoungGen      total 450048K, used 225280K [0x00000000d6d00000, 0x0000000100000000, 0x0000000100000000)
  eden space 225280K, 100% used [0x00000000d6d00000,0x00000000e4900000,0x00000000e4900000)
  from space 224768K, 0% used [0x00000000e4900000,0x00000000e4900000,0x00000000f2480000)
  to   space 224768K, 0% used [0x00000000f2480000,0x00000000f2480000,0x0000000100000000)
 ParOldGen       total 1350656K, used 1350649K [0x0000000084600000, 0x00000000d6d00000, 0x00000000d6d00000)
  object space 1350656K, 99% used [0x0000000084600000,0x00000000d6cfe460,0x00000000d6d00000)
 Metaspace       used 12080K, capacity 12328K, committed 12544K, reserved 1060864K
  class space    used 1457K, capacity 1528K, committed 1536K, reserved 1048576K
Event: 312.571 GC heap after
Heap after GC invocations=75 (full 38):
 PSYoungGen      total 450048K, used 0K [0x00000000d6d00000, 0x0000000100000000, 0x0000000100000000)
  eden space 225280K, 0% used [0x00000000d6d00000,0x00000000d6d00000,0x00000000e4900000)
  from space 224768K, 0% used [0x00000000e4900000,0x00000000e4900000,0x00000000f2480000)
  to   space 224768K, 0% used [0x00000000f2480000,0x00000000f2480000,0x0000000100000000)
 ParOldGen       total 1350656K, used 1271746K [0x0000000084600000, 0x00000000d6d00000, 0x00000000d6d00000)
  object space 1350656K, 94% used [0x0000000084600000,0x00000000d1ff09d8,0x00000000d6d00000)
 Metaspace       used 12080K, capacity 12328K, committed 12544K, reserved 1060864K
  class space    used 1457K, capacity 1528K, committed 1536K, reserved 1048576K
}
Event: 312.869 GC heap before
{Heap before GC invocations=76 (full 39):
 PSYoungGen      total 450048K, used 225280K [0x00000000d6d00000, 0x0000000100000000, 0x0000000100000000)
  eden space 225280K, 100% used [0x00000000d6d00000,0x00000000e4900000,0x00000000e4900000)
  from space 224768K, 0% used [0x00000000e4900000,0x00000000e4900000,0x00000000f2480000)
  to   space 224768K, 0% used [0x00000000f2480000,0x00000000f2480000,0x0000000100000000)
 ParOldGen       total 1350656K, used 1271746K [0x0000000084600000, 0x00000000d6d00000, 0x00000000d6d00000)
  object space 1350656K, 94% used [0x0000000084600000,0x00000000d1ff09d8,0x00000000d6d00000)
 Metaspace       used 12080K, capacity 12328K, committed 12544K, reserved 1060864K
  class space    used 1457K, capacity 1528K, committed 1536K, reserved 1048576K
Event: 314.088 GC heap after
Heap after GC invocations=76 (full 39):
 PSYoungGen      total 450048K, used 0K [0x00000000d6d00000, 0x0000000100000000, 0x0000000100000000)
  eden space 225280K, 0% used [0x00000000d6d00000,0x00000000d6d00000,0x00000000e4900000)
  from space 224768K, 0% used [0x00000000e4900000,0x00000000e4900000,0x00000000f2480000)
  to   space 224768K, 0% used [0x00000000f2480000,0x00000000f2480000,0x0000000100000000)
 ParOldGen       total 1350656K, used 1098780K [0x0000000084600000, 0x00000000d6d00000, 0x00000000d6d00000)
  object space 1350656K, 81% used [0x0000000084600000,0x00000000c7707338,0x00000000d6d00000)
 Metaspace       used 12080K, capacity 12328K, committed 12544K, reserved 1060864K
  class space    used 1457K, capacity 1528K, committed 1536K, reserved 1048576K
}

Deoptimization events (10 events):
Event: 306.313 Thread 0x00007f0fa8001000 Uncommon trap: reason=bimorphic action=maybe_recompile pc=0x00007f1009497c04 method=io.netty.util.internal.MpscLinkedQueueNode.clearMaybe()Ljava/lang/Object; @ 1
Event: 306.315 Thread 0x00007f0fc400f800 Uncommon trap: reason=unstable_if action=reinterpret pc=0x00007f100959da0c method=io.netty.channel.ChannelOutboundBuffer.decrementPendingOutboundBytes(JZ)V @ 22
Event: 306.315 Thread 0x00007f0fc400f800 Uncommon trap: reason=unstable_if action=reinterpret pc=0x00007f100946a78c method=io.netty.buffer.PoolArena.isTiny(I)Z @ 5
Event: 306.316 Thread 0x00007f0fa8001000 Uncommon trap: reason=class_check action=maybe_recompile pc=0x00007f1009331f5c method=io.netty.util.concurrent.DefaultPromise.notifyListeners()V @ 16
Event: 306.316 Thread 0x00007f0fa8001000 Uncommon trap: reason=class_check action=maybe_recompile pc=0x00007f1009110b2c method=io.netty.util.concurrent.DefaultPromise.notifyListener0(Lio/netty/util/concurrent/Future;Lio/netty/util/concurrent/GenericFutureListener;)V @ 2
Event: 306.317 Thread 0x00007f101800b800 Uncommon trap: reason=class_check action=maybe_recompile pc=0x00007f100942984c method=io.netty.channel.DefaultChannelHandlerInvoker.invokeWrite(Lio/netty/channel/ChannelHandlerContext;Ljava/lang/Object;Lio/netty/channel/ChannelPromise;)V @ 51
Event: 306.317 Thread 0x00007f101800b800 Uncommon trap: reason=class_check action=maybe_recompile pc=0x00007f1009407728 method=io.netty.channel.DefaultChannelHandlerInvoker.invokeFlush(Lio/netty/channel/ChannelHandlerContext;)V @ 20
Event: 306.318 Thread 0x00007f0fa8001000 Uncommon trap: reason=class_check action=maybe_recompile pc=0x00007f100949e42c method=io.netty.channel.DefaultChannelHandlerInvoker$WriteTask.run()V @ 11
Event: 306.318 Thread 0x00007f0fa8001000 Uncommon trap: reason=unstable_if action=reinterpret pc=0x00007f1009537654 method=io.netty.channel.ChannelOutboundBuffer.decrementPendingOutboundBytes(JZ)V @ 22
Event: 312.703 Thread 0x00007f0fb0001000 Uncommon trap: reason=unstable_if action=reinterpret pc=0x00007f1009381980 method=io.netty.channel.ChannelOutboundBuffer.remove(Ljava/lang/Throwable;)Z @ 6

Internal exceptions (10 events):
Event: 0.789 Thread 0x00007f101800b800 Exception <a 'java/lang/ArrayIndexOutOfBoundsException': 69> (0x00000000d80a3b58) thrown at [/HUDSON/workspace/8-2-build-linux-amd64/jdk8u131/8869/hotspot/src/share/vm/interpreter/interpreterRuntime.cpp, line 366]
Event: 0.944 Thread 0x00007f101800b800 Exception <a 'java/lang/NoClassDefFoundError': javassist/ClassPath> (0x00000000d8587128) thrown at [/HUDSON/workspace/8-2-build-linux-amd64/jdk8u131/8869/hotspot/src/share/vm/classfile/systemDictionary.cpp, line 199]
Event: 1.136 Thread 0x00007f1018535000 Exception <a 'java/lang/NoSuchFieldError': method resolution failed> (0x00000000d6ef5488) thrown at [/HUDSON/workspace/8-2-build-linux-amd64/jdk8u131/8869/hotspot/src/share/vm/prims/methodHandles.cpp, line 1146]
Event: 1.142 Thread 0x00007f1018535000 Exception <a 'java/lang/NoSuchFieldError': method resolution failed> (0x00000000d6f03418) thrown at [/HUDSON/workspace/8-2-build-linux-amd64/jdk8u131/8869/hotspot/src/share/vm/prims/methodHandles.cpp, line 1146]
Event: 197.509 Thread 0x00007f0fc4016000 Implicit null exception at 0x00007f10095094fb to 0x00007f100950abc5
Event: 242.658 Thread 0x00007f0fa8001000 Implicit null exception at 0x00007f100945ffd8 to 0x00007f10094606b5
Event: 284.887 Thread 0x00007f0fb0001000 Exception <a 'java/lang/OutOfMemoryError'> (0x00000000849e5e98) thrown at [/HUDSON/workspace/8-2-build-linux-amd64/jdk8u131/8869/hotspot/src/share/vm/gc_interface/collectedHeap.inline.hpp, line 159]
Event: 284.887 Thread 0x00007f101800b800 Implicit null exception at 0x00007f100939fcaa to 0x00007f10093a04e1
Event: 301.476 Thread 0x00007f0fb0001000 Implicit null exception at 0x00007f1009388f7e to 0x00007f10093896d5
Event: 312.703 Thread 0x00007f0fb0001000 Implicit null exception at 0x00007f1009381462 to 0x00007f1009381965

Events (10 events):
Event: 306.318 Thread 0x00007f0fa8001000 DEOPT UNPACKING pc=0x00007f1009005229 sp=0x00007f0ff43274f8 mode 2
Event: 306.475 Executing VM operation: ParallelGCFailedAllocation
Event: 310.269 Executing VM operation: ParallelGCFailedAllocation done
Event: 310.576 Executing VM operation: ParallelGCFailedAllocation
Event: 312.571 Executing VM operation: ParallelGCFailedAllocation done
Event: 312.703 Thread 0x00007f0fb0001000 Uncommon trap: trap_request=0xffffff65 fr.pc=0x00007f1009381980
Event: 312.703 Thread 0x00007f0fb0001000 DEOPT PACKING pc=0x00007f1009381980 sp=0x00007f0ff4226760
Event: 312.703 Thread 0x00007f0fb0001000 DEOPT UNPACKING pc=0x00007f1009005229 sp=0x00007f0ff42266c0 mode 2
Event: 312.869 Executing VM operation: ParallelGCFailedAllocation
Event: 314.088 Executing VM operation: ParallelGCFailedAllocation done


Dynamic libraries:
00400000-00401000 r-xp 00000000 08:08 2507804                            /usr/lib/jdk1.8.0_131/bin/java
00600000-00601000 rw-p 00000000 08:08 2507804                            /usr/lib/jdk1.8.0_131/bin/java
02516000-02537000 rw-p 00000000 00:00 0                                  [heap]
84600000-d6d00000 rw-p 00000000 00:00 0 
d6d00000-100000000 rw-p 00000000 00:00 0 
100000000-100180000 rw-p 00000000 00:00 0 
100180000-140000000 ---p 00000000 00:00 0 
7f0f7fcf4000-7f0f84000000 rw-p 00000000 00:00 0 
7f0f84000000-7f0f87001000 rw-p 00000000 00:00 0 
7f0f87001000-7f0f88000000 ---p 00000000 00:00 0 
7f0f8b4c5000-7f0f8dcbe000 rw-p 00000000 00:00 0 
7f0f8f797000-7f0f916bb000 rw-p 00000000 00:00 0 
7f0f923c8000-7f0f933c9000 rw-p 00000000 00:00 0 
7f0f94000000-7f0f94021000 rw-p 00000000 00:00 0 
7f0f94021000-7f0f98000000 ---p 00000000 00:00 0 
7f0f98187000-7f0f99188000 rw-p 00000000 00:00 0 
7f0f9afff000-7f0f9c000000 rw-p 00000000 00:00 0 
7f0f9c000000-7f0f9f00a000 rw-p 00000000 00:00 0 
7f0f9f00a000-7f0fa0000000 ---p 00000000 00:00 0 
7f0fa0000000-7f0fa0021000 rw-p 00000000 00:00 0 
7f0fa0021000-7f0fa4000000 ---p 00000000 00:00 0 
7f0fa44cc000-7f0fa5230000 rw-p 00000000 00:00 0 
7f0fa5ab6000-7f0fa8000000 rw-p 00000000 00:00 0 
7f0fa8000000-7f0faa006000 rw-p 00000000 00:00 0 
7f0faa006000-7f0fac000000 ---p 00000000 00:00 0 
7f0fac000000-7f0fac021000 rw-p 00000000 00:00 0 
7f0fac021000-7f0fb0000000 ---p 00000000 00:00 0 
7f0fb0000000-7f0fb0021000 rw-p 00000000 00:00 0 
7f0fb0021000-7f0fb4000000 ---p 00000000 00:00 0 
7f0fb4c03000-7f0fb8000000 rw-p 00000000 00:00 0 
7f0fb8000000-7f0fb8021000 rw-p 00000000 00:00 0 
7f0fb8021000-7f0fbc000000 ---p 00000000 00:00 0 
7f0fbc000000-7f0fbc28d000 rw-p 00000000 00:00 0 
7f0fbc28d000-7f0fc0000000 ---p 00000000 00:00 0 
7f0fc0000000-7f0fc0081000 rw-p 00000000 00:00 0 
7f0fc0081000-7f0fc4000000 ---p 00000000 00:00 0 
7f0fc4000000-7f0fc4021000 rw-p 00000000 00:00 0 
7f0fc4021000-7f0fc8000000 ---p 00000000 00:00 0 
7f0fc8000000-7f0fc8021000 rw-p 00000000 00:00 0 
7f0fc8021000-7f0fcc000000 ---p 00000000 00:00 0 
7f0fcc000000-7f0fcc021000 rw-p 00000000 00:00 0 
7f0fcc021000-7f0fd0000000 ---p 00000000 00:00 0 
7f0fd0000000-7f0fd0785000 rw-p 00000000 00:00 0 
7f0fd0785000-7f0fd4000000 ---p 00000000 00:00 0 
7f0fd4000000-7f0fd42b7000 rw-p 00000000 00:00 0 
7f0fd42b7000-7f0fd8000000 ---p 00000000 00:00 0 
7f0fd8000000-7f0fd8021000 rw-p 00000000 00:00 0 
7f0fd8021000-7f0fdc000000 ---p 00000000 00:00 0 
7f0fdc000000-7f0fdc64a000 rw-p 00000000 00:00 0 
7f0fdc64a000-7f0fe0000000 ---p 00000000 00:00 0 
7f0fe0000000-7f0fe0021000 rw-p 00000000 00:00 0 
7f0fe0021000-7f0fe4000000 ---p 00000000 00:00 0 
7f0fe4000000-7f0fe4021000 rw-p 00000000 00:00 0 
7f0fe4021000-7f0fe8000000 ---p 00000000 00:00 0 
7f0fe8000000-7f0fe803b000 rw-p 00000000 00:00 0 
7f0fe803b000-7f0fec000000 ---p 00000000 00:00 0 
7f0fec000000-7f0fec021000 rw-p 00000000 00:00 0 
7f0fec021000-7f0ff0000000 ---p 00000000 00:00 0 
7f0ff0000000-7f0ff0084000 rw-p 00000000 00:00 0 
7f0ff0084000-7f0ff4000000 ---p 00000000 00:00 0 
7f0ff4026000-7f0ff4029000 ---p 00000000 00:00 0 
7f0ff4029000-7f0ff4127000 rw-p 00000000 00:00 0 
7f0ff4127000-7f0ff412a000 ---p 00000000 00:00 0 
7f0ff412a000-7f0ff4228000 rw-p 00000000 00:00 0 
7f0ff4228000-7f0ff422b000 ---p 00000000 00:00 0 
7f0ff422b000-7f0ff4329000 rw-p 00000000 00:00 0 
7f0ff4329000-7f0ff432c000 ---p 00000000 00:00 0 
7f0ff432c000-7f0ff442a000 rw-p 00000000 00:00 0 
7f0ff442a000-7f0ff442d000 ---p 00000000 00:00 0 
7f0ff442d000-7f0ff452b000 rw-p 00000000 00:00 0 
7f0ff452b000-7f0ff452e000 ---p 00000000 00:00 0 
7f0ff452e000-7f0ff462c000 rw-p 00000000 00:00 0 
7f0ff462c000-7f0ff462f000 ---p 00000000 00:00 0 
7f0ff462f000-7f0ff47ed000 rw-p 00000000 00:00 0 
7f0ff47ed000-7f0ff492d000 ---p 00000000 00:00 0 
7f0ff492d000-7f0ff4930000 ---p 00000000 00:00 0 
7f0ff4930000-7f0ff4a2e000 rw-p 00000000 00:00 0 
7f0ff4a2e000-7f0ff4a31000 ---p 00000000 00:00 0 
7f0ff4a31000-7f0ff4b2f000 rw-p 00000000 00:00 0 
7f0ff4b2f000-7f0ff4b38000 r-xp 00000000 08:08 2507916                    /usr/lib/jdk1.8.0_131/jre/lib/amd64/libmanagement.so
7f0ff4b38000-7f0ff4d37000 ---p 00009000 08:08 2507916                    /usr/lib/jdk1.8.0_131/jre/lib/amd64/libmanagement.so
7f0ff4d37000-7f0ff4d38000 rw-p 00008000 08:08 2507916                    /usr/lib/jdk1.8.0_131/jre/lib/amd64/libmanagement.so
7f0ff4d38000-7f0ff4f38000 rw-p 00000000 00:00 0 
7f0ff4f38000-7f0ff4f49000 r-xp 00000000 08:08 2507911                    /usr/lib/jdk1.8.0_131/jre/lib/amd64/libnio.so
7f0ff4f49000-7f0ff5148000 ---p 00011000 08:08 2507911                    /usr/lib/jdk1.8.0_131/jre/lib/amd64/libnio.so
7f0ff5148000-7f0ff5149000 rw-p 00010000 08:08 2507911                    /usr/lib/jdk1.8.0_131/jre/lib/amd64/libnio.so
7f0ff5149000-7f0ff514e000 r--s 0009a000 08:08 2507855                    /usr/lib/jdk1.8.0_131/jre/lib/jsse.jar
7f0ff514e000-7f0ff5151000 ---p 00000000 00:00 0 
7f0ff5151000-7f0ff524f000 rw-p 00000000 00:00 0 
7f0ff524f000-7f0ff5259000 r--s 00116000 08:08 2508061                    /usr/lib/jdk1.8.0_131/jre/lib/ext/localedata.jar
7f0ff5259000-7f0ff5260000 r--s 00000000 08:08 2759455                    /usr/lib/x86_64-linux-gnu/gconv/gconv-modules.cache
7f0ff5260000-7f0ff5281000 r--p 00000000 08:08 3280382                    /usr/share/locale-langpack/zh_CN/LC_MESSAGES/libc.mo
7f0ff5281000-7f0ff528b000 r--s 0005d000 08:08 2369933                    /home/fbhw/.m2/repository/ch/qos/logback/logback-core/1.0.13/logback-core-1.0.13.jar
7f0ff528b000-7f0ff5291000 r--s 0003b000 08:08 2375036                    /home/fbhw/.m2/repository/ch/qos/logback/logback-classic/1.0.13/logback-classic-1.0.13.jar
7f0ff5291000-7f0ff52bf000 r--s 00263000 08:08 2361338                    /home/fbhw/.m2/repository/io/netty/netty-all/5.0.0.Alpha2/netty-all-5.0.0.Alpha2.jar
7f0ff52bf000-7f0ff52c0000 ---p 00000000 00:00 0 
7f0ff52c0000-7f0ff53c0000 rw-p 00000000 00:00 0 
7f0ff53c0000-7f0ff53c3000 ---p 00000000 00:00 0 
7f0ff53c3000-7f0ff54c1000 rw-p 00000000 00:00 0 
7f0ff54c1000-7f0ff54c4000 ---p 00000000 00:00 0 
7f0ff54c4000-7f0ff55c2000 rw-p 00000000 00:00 0 
7f0ff55c2000-7f0ff55c5000 ---p 00000000 00:00 0 
7f0ff55c5000-7f0ff59c4000 rw-p 00000000 00:00 0 
7f0ff59c4000-7f0ff59da000 r-xp 00000000 08:08 2507908                    /usr/lib/jdk1.8.0_131/jre/lib/amd64/libnet.so
7f0ff59da000-7f0ff5bda000 ---p 00016000 08:08 2507908                    /usr/lib/jdk1.8.0_131/jre/lib/amd64/libnet.so
7f0ff5bda000-7f0ff5bdb000 rw-p 00016000 08:08 2507908                    /usr/lib/jdk1.8.0_131/jre/lib/amd64/libnet.so
7f0ff5bdb000-7f0ff5bde000 ---p 00000000 00:00 0 
7f0ff5bde000-7f0ff5cdc000 rw-p 00000000 00:00 0 
7f0ff5cdc000-7f0ff5cdf000 ---p 00000000 00:00 0 
7f0ff5cdf000-7f0ff5ddd000 rw-p 00000000 00:00 0 
7f0ff5ddd000-7f0ff5de0000 ---p 00000000 00:00 0 
7f0ff5de0000-7f0ff5ede000 rw-p 00000000 00:00 0 
7f0ff5ede000-7f0ff6369000 r--p 00000000 08:08 2491892                    /usr/lib/locale/locale-archive
7f0ff6369000-7f0ff636c000 ---p 00000000 00:00 0 
7f0ff636c000-7f0ff646a000 rw-p 00000000 00:00 0 
7f0ff646a000-7f0ff646d000 ---p 00000000 00:00 0 
7f0ff646d000-7f0ff656b000 rw-p 00000000 00:00 0 
7f0ff656b000-7f0ff656c000 ---p 00000000 00:00 0 
7f0ff656c000-7f0ff747a000 rw-p 00000000 00:00 0 
7f0ff747a000-7f0ff7653000 r--s 03d40000 08:08 2507850                    /usr/lib/jdk1.8.0_131/jre/lib/rt.jar
7f0ff7653000-7f0ffc000000 rw-p 00000000 00:00 0 
7f0ffc000000-7f0ffc04e000 rw-p 00000000 00:00 0 
7f0ffc04e000-7f1000000000 ---p 00000000 00:00 0 
7f1000000000-7f1000021000 rw-p 00000000 00:00 0 
7f1000021000-7f1004000000 ---p 00000000 00:00 0 
7f1004000000-7f1004041000 rw-p 00000000 00:00 0 
7f1004041000-7f1008000000 ---p 00000000 00:00 0 
7f1008001000-7f1008003000 r--s 00006000 08:08 1710023                    /home/fbhw/.m2/repository/org/slf4j/slf4j-api/1.7.7/slf4j-api-1.7.7.jar
7f1008003000-7f1008017000 r--s 000dc000 08:08 2375283                    /home/fbhw/.m2/repository/org/assertj/assertj-core/2.6.0/assertj-core-2.6.0.jar
7f1008017000-7f100801f000 r--s 00045000 08:08 1846761                    /home/fbhw/.m2/repository/junit/junit/4.12/junit-4.12.jar
7f100801f000-7f100802e000 r--s 00130000 08:08 1846953                    /home/fbhw/.m2/repository/com/google/protobuf/protobuf-java/3.0.0/protobuf-java-3.0.0.jar
7f100802e000-7f1008041000 r--s 00345000 08:08 2507854                    /usr/lib/jdk1.8.0_131/jre/lib/resources.jar
7f1008041000-7f1008053000 r--s 000d6000 08:08 2507835                    /usr/lib/jdk1.8.0_131/jre/lib/plugin.jar
7f1008053000-7f10081ca000 rw-p 00000000 00:00 0 
7f10081ca000-7f10081cb000 ---p 00000000 00:00 0 
7f10081cb000-7f10082cb000 rw-p 00000000 00:00 0 
7f10082cb000-7f10082cc000 ---p 00000000 00:00 0 
7f10082cc000-7f10083cc000 rw-p 00000000 00:00 0 
7f10083cc000-7f10083cd000 ---p 00000000 00:00 0 
7f10083cd000-7f10084cd000 rw-p 00000000 00:00 0 
7f10084cd000-7f10084ce000 ---p 00000000 00:00 0 
7f10084ce000-7f1008862000 rw-p 00000000 00:00 0 
7f1008862000-7f1008af5000 rw-p 00000000 00:00 0 
7f1008af5000-7f1008c3f000 rw-p 00000000 00:00 0 
7f1008c3f000-7f1008c58000 rw-p 00000000 00:00 0 
7f1008c58000-7f1009000000 ---p 00000000 00:00 0 
7f1009000000-7f10095f0000 rwxp 00000000 00:00 0 
7f10095f0000-7f1018000000 ---p 00000000 00:00 0 
7f1018000000-7f10187bc000 rw-p 00000000 00:00 0 
7f10187bc000-7f101c000000 ---p 00000000 00:00 0 
7f101c001000-7f101c003000 r--s 00009000 08:08 1841014                    /home/fbhw/.m2/repository/org/hamcrest/hamcrest-core/1.3/hamcrest-core-1.3.jar
7f101c003000-7f101c005000 r--s 00003000 08:08 3583971                    /home/fbhw/下载/dysms_java/java/api_demo/alicom-dysms-api/libs/aliyun-java-sdk-dysmsapi-1.0.0.jar
7f101c005000-7f101c008000 r--s 00018000 08:08 3583970                    /home/fbhw/下载/dysms_java/java/api_demo/alicom-dysms-api/libs/aliyun-java-sdk-core-3.3.1.jar
7f101c008000-7f101c009000 r--s 00000000 08:08 2507828                    /usr/lib/jdk1.8.0_131/jre/lib/management-agent.jar
7f101c009000-7f101c00e000 r--s 0009a000 08:08 2507855                    /usr/lib/jdk1.8.0_131/jre/lib/jsse.jar
7f101c00e000-7f101c010000 r--s 00007000 08:08 2507932                    /usr/lib/jdk1.8.0_131/jre/lib/jfxswt.jar
7f101c010000-7f101c015000 r--s 00084000 08:08 2507821                    /usr/lib/jdk1.8.0_131/jre/lib/jfr.jar
7f101c015000-7f101c030000 r--s 0020b000 08:08 2507822                    /usr/lib/jdk1.8.0_131/jre/lib/deploy.jar
7f101c030000-7f101c04a000 r-xp 00000000 08:08 2507904                    /usr/lib/jdk1.8.0_131/jre/lib/amd64/libzip.so
7f101c04a000-7f101c24a000 ---p 0001a000 08:08 2507904                    /usr/lib/jdk1.8.0_131/jre/lib/amd64/libzip.so
7f101c24a000-7f101c24b000 rw-p 0001a000 08:08 2507904                    /usr/lib/jdk1.8.0_131/jre/lib/amd64/libzip.so
7f101c24b000-7f101c256000 r-xp 00000000 08:08 655443                     /lib/x86_64-linux-gnu/libnss_files-2.23.so
7f101c256000-7f101c455000 ---p 0000b000 08:08 655443                     /lib/x86_64-linux-gnu/libnss_files-2.23.so
7f101c455000-7f101c456000 r--p 0000a000 08:08 655443                     /lib/x86_64-linux-gnu/libnss_files-2.23.so
7f101c456000-7f101c457000 rw-p 0000b000 08:08 655443                     /lib/x86_64-linux-gnu/libnss_files-2.23.so
7f101c457000-7f101c45d000 rw-p 00000000 00:00 0 
7f101c45d000-7f101c468000 r-xp 00000000 08:08 655446                     /lib/x86_64-linux-gnu/libnss_nis-2.23.so
7f101c468000-7f101c667000 ---p 0000b000 08:08 655446                     /lib/x86_64-linux-gnu/libnss_nis-2.23.so
7f101c667000-7f101c668000 r--p 0000a000 08:08 655446                     /lib/x86_64-linux-gnu/libnss_nis-2.23.so
7f101c668000-7f101c669000 rw-p 0000b000 08:08 655446                     /lib/x86_64-linux-gnu/libnss_nis-2.23.so
7f101c669000-7f101c67f000 r-xp 00000000 08:08 655365                     /lib/x86_64-linux-gnu/libnsl-2.23.so
7f101c67f000-7f101c87e000 ---p 00016000 08:08 655365                     /lib/x86_64-linux-gnu/libnsl-2.23.so
7f101c87e000-7f101c87f000 r--p 00015000 08:08 655365                     /lib/x86_64-linux-gnu/libnsl-2.23.so
7f101c87f000-7f101c880000 rw-p 00016000 08:08 655365                     /lib/x86_64-linux-gnu/libnsl-2.23.so
7f101c880000-7f101c882000 rw-p 00000000 00:00 0 
7f101c882000-7f101c88a000 r-xp 00000000 08:08 655452                     /lib/x86_64-linux-gnu/libnss_compat-2.23.so
7f101c88a000-7f101ca89000 ---p 00008000 08:08 655452                     /lib/x86_64-linux-gnu/libnss_compat-2.23.so
7f101ca89000-7f101ca8a000 r--p 00007000 08:08 655452                     /lib/x86_64-linux-gnu/libnss_compat-2.23.so
7f101ca8a000-7f101ca8b000 rw-p 00008000 08:08 655452                     /lib/x86_64-linux-gnu/libnss_compat-2.23.so
7f101ca8b000-7f101ca95000 r-xp 00000000 08:08 2507913                    /usr/lib/jdk1.8.0_131/jre/lib/amd64/libinstrument.so
7f101ca95000-7f101cc94000 ---p 0000a000 08:08 2507913                    /usr/lib/jdk1.8.0_131/jre/lib/amd64/libinstrument.so
7f101cc94000-7f101cc95000 rw-p 00009000 08:08 2507913                    /usr/lib/jdk1.8.0_131/jre/lib/amd64/libinstrument.so
7f101cc95000-7f101ccc0000 r-xp 00000000 08:08 2507898                    /usr/lib/jdk1.8.0_131/jre/lib/amd64/libjava.so
7f101ccc0000-7f101cebf000 ---p 0002b000 08:08 2507898                    /usr/lib/jdk1.8.0_131/jre/lib/amd64/libjava.so
7f101cebf000-7f101cec1000 rw-p 0002a000 08:08 2507898                    /usr/lib/jdk1.8.0_131/jre/lib/amd64/libjava.so
7f101cec1000-7f101cece000 r-xp 00000000 08:08 2507903                    /usr/lib/jdk1.8.0_131/jre/lib/amd64/libverify.so
7f101cece000-7f101d0cd000 ---p 0000d000 08:08 2507903                    /usr/lib/jdk1.8.0_131/jre/lib/amd64/libverify.so
7f101d0cd000-7f101d0cf000 rw-p 0000c000 08:08 2507903                    /usr/lib/jdk1.8.0_131/jre/lib/amd64/libverify.so
7f101d0cf000-7f101d0d6000 r-xp 00000000 08:08 655448                     /lib/x86_64-linux-gnu/librt-2.23.so
7f101d0d6000-7f101d2d5000 ---p 00007000 08:08 655448                     /lib/x86_64-linux-gnu/librt-2.23.so
7f101d2d5000-7f101d2d6000 r--p 00006000 08:08 655448                     /lib/x86_64-linux-gnu/librt-2.23.so
7f101d2d6000-7f101d2d7000 rw-p 00007000 08:08 655448                     /lib/x86_64-linux-gnu/librt-2.23.so
7f101d2d7000-7f101d3df000 r-xp 00000000 08:08 655457                     /lib/x86_64-linux-gnu/libm-2.23.so
7f101d3df000-7f101d5de000 ---p 00108000 08:08 655457                     /lib/x86_64-linux-gnu/libm-2.23.so
7f101d5de000-7f101d5df000 r--p 00107000 08:08 655457                     /lib/x86_64-linux-gnu/libm-2.23.so
7f101d5df000-7f101d5e0000 rw-p 00108000 08:08 655457                     /lib/x86_64-linux-gnu/libm-2.23.so
7f101d5e0000-7f101e2af000 r-xp 00000000 08:08 2507926                    /usr/lib/jdk1.8.0_131/jre/lib/amd64/server/libjvm.so
7f101e2af000-7f101e4af000 ---p 00ccf000 08:08 2507926                    /usr/lib/jdk1.8.0_131/jre/lib/amd64/server/libjvm.so
7f101e4af000-7f101e588000 rw-p 00ccf000 08:08 2507926                    /usr/lib/jdk1.8.0_131/jre/lib/amd64/server/libjvm.so
7f101e588000-7f101e5d3000 rw-p 00000000 00:00 0 
7f101e5d3000-7f101e793000 r-xp 00000000 08:08 660010                     /lib/x86_64-linux-gnu/libc-2.23.so
7f101e793000-7f101e993000 ---p 001c0000 08:08 660010                     /lib/x86_64-linux-gnu/libc-2.23.so
7f101e993000-7f101e997000 r--p 001c0000 08:08 660010                     /lib/x86_64-linux-gnu/libc-2.23.so
7f101e997000-7f101e999000 rw-p 001c4000 08:08 660010                     /lib/x86_64-linux-gnu/libc-2.23.so
7f101e999000-7f101e99d000 rw-p 00000000 00:00 0 
7f101e99d000-7f101e9a0000 r-xp 00000000 08:08 655451                     /lib/x86_64-linux-gnu/libdl-2.23.so
7f101e9a0000-7f101eb9f000 ---p 00003000 08:08 655451                     /lib/x86_64-linux-gnu/libdl-2.23.so
7f101eb9f000-7f101eba0000 r--p 00002000 08:08 655451                     /lib/x86_64-linux-gnu/libdl-2.23.so
7f101eba0000-7f101eba1000 rw-p 00003000 08:08 655451                     /lib/x86_64-linux-gnu/libdl-2.23.so
7f101eba1000-7f101ebb6000 r-xp 00000000 08:08 2509527                    /usr/lib/jdk1.8.0_131/lib/amd64/jli/libjli.so
7f101ebb6000-7f101edb6000 ---p 00015000 08:08 2509527                    /usr/lib/jdk1.8.0_131/lib/amd64/jli/libjli.so
7f101edb6000-7f101edb7000 rw-p 00015000 08:08 2509527                    /usr/lib/jdk1.8.0_131/lib/amd64/jli/libjli.so
7f101edb7000-7f101edcf000 r-xp 00000000 08:08 655445                     /lib/x86_64-linux-gnu/libpthread-2.23.so
7f101edcf000-7f101efce000 ---p 00018000 08:08 655445                     /lib/x86_64-linux-gnu/libpthread-2.23.so
7f101efce000-7f101efcf000 r--p 00017000 08:08 655445                     /lib/x86_64-linux-gnu/libpthread-2.23.so
7f101efcf000-7f101efd0000 rw-p 00018000 08:08 655445                     /lib/x86_64-linux-gnu/libpthread-2.23.so
7f101efd0000-7f101efd4000 rw-p 00000000 00:00 0 
7f101efd4000-7f101effa000 r-xp 00000000 08:08 655374                     /lib/x86_64-linux-gnu/ld-2.23.so
7f101effa000-7f101f004000 r--s 0006c000 08:08 2507831                    /usr/lib/jdk1.8.0_131/jre/lib/javaws.jar
7f101f004000-7f101f009000 r--s 002f9000 08:08 2507848                    /usr/lib/jdk1.8.0_131/jre/lib/charsets.jar
7f101f009000-7f101f0da000 rw-p 00000000 00:00 0 
7f101f0da000-7f101f0dd000 ---p 00000000 00:00 0 
7f101f0dd000-7f101f1df000 rw-p 00000000 00:00 0 
7f101f1df000-7f101f1e2000 r--s 0001a000 08:08 2507930                    /usr/lib/jdk1.8.0_131/jre/lib/jce.jar
7f101f1e2000-7f101f1e4000 r--s 00020000 08:08 1836381                    /home/fbhw/下载/idea-IC-171.4694.23/plugins/junit/lib/junit-rt.jar
7f101f1e4000-7f101f1e6000 r--s 0001a000 08:08 806622                     /home/fbhw/下载/idea-IC-171.4694.23/lib/idea_rt.jar
7f101f1e6000-7f101f1ed000 r--s 000a7000 08:08 2491572                    /usr/lib/jdk1.8.0_131/jre/lib/ext/mysql-connector-java-5.1.7-bin.jar
7f101f1ed000-7f101f1f5000 rw-s 00000000 08:08 3162112                    /tmp/hsperfdata_fbhw/16783
7f101f1f5000-7f101f1f6000 rw-p 00000000 00:00 0 
7f101f1f6000-7f101f1f7000 r--p 00000000 00:00 0 
7f101f1f7000-7f101f1f9000 rw-p 00000000 00:00 0 
7f101f1f9000-7f101f1fa000 r--p 00025000 08:08 655374                     /lib/x86_64-linux-gnu/ld-2.23.so
7f101f1fa000-7f101f1fb000 rw-p 00026000 08:08 655374                     /lib/x86_64-linux-gnu/ld-2.23.so
7f101f1fb000-7f101f1fc000 rw-p 00000000 00:00 0 
7ffc8b900000-7ffc8b922000 rw-p 00000000 00:00 0                          [stack]
7ffc8b942000-7ffc8b944000 r--p 00000000 00:00 0                          [vvar]
7ffc8b944000-7ffc8b946000 r-xp 00000000 00:00 0                          [vdso]
ffffffffff600000-ffffffffff601000 r-xp 00000000 00:00 0                  [vsyscall]

VM Arguments:
jvm_args: -ea -Didea.test.cyclic.buffer.size=1048576 -javaagent:/home/fbhw/下载/idea-IC-171.4694.23/lib/idea_rt.jar=33886:/home/fbhw/下载/idea-IC-171.4694.23/bin -Dfile.encoding=UTF-8 
java_command: com.intellij.rt.execution.junit.JUnitStarter -ideVersion5 io.openmessaging.client.producer.AbstractProducerTest
java_class_path (initial): /home/fbhw/下载/idea-IC-171.4694.23/lib/idea_rt.jar:/home/fbhw/下载/idea-IC-171.4694.23/plugins/junit/lib/junit-rt.jar:/usr/lib/jdk1.8.0_131/jre/lib/charsets.jar:/usr/lib/jdk1.8.0_131/jre/lib/deploy.jar:/usr/lib/jdk1.8.0_131/jre/lib/ext/cldrdata.jar:/usr/lib/jdk1.8.0_131/jre/lib/ext/dnsns.jar:/usr/lib/jdk1.8.0_131/jre/lib/ext/jaccess.jar:/usr/lib/jdk1.8.0_131/jre/lib/ext/jfxrt.jar:/usr/lib/jdk1.8.0_131/jre/lib/ext/localedata.jar:/usr/lib/jdk1.8.0_131/jre/lib/ext/nashorn.jar:/usr/lib/jdk1.8.0_131/jre/lib/ext/sunec.jar:/usr/lib/jdk1.8.0_131/jre/lib/ext/sunjce_provider.jar:/usr/lib/jdk1.8.0_131/jre/lib/ext/sunpkcs11.jar:/usr/lib/jdk1.8.0_131/jre/lib/ext/zipfs.jar:/usr/lib/jdk1.8.0_131/jre/lib/javaws.jar:/usr/lib/jdk1.8.0_131/jre/lib/jce.jar:/usr/lib/jdk1.8.0_131/jre/lib/jfr.jar:/usr/lib/jdk1.8.0_131/jre/lib/jfxswt.jar:/usr/lib/jdk1.8.0_131/jre/lib/jsse.jar:/usr/lib/jdk1.8.0_131/jre/lib/management-agent.jar:/usr/lib/jdk1.8.0_131/jre/lib/plugin.jar:/usr/lib/jdk1.8.0_131/jre/lib/resources.jar:/usr/lib/jdk1.8.0_131/jre/lib/rt.jar:/home/fbhw/javaworkpath/boltmq/client/target/test-classes:/home/fbhw/javaworkpath/boltmq/client/target/classes:/home/fbhw/下载/dysms_java/java/api_demo/alicom-dysms-api/libs/aliyun-java-sdk-core-3.3.1.jar:/home/fbhw/下载/dysms_java/java/api_demo/alicom-dysms-api/libs/aliyun-java-sdk-dysmsapi-1.0.0.jar:/home/fbhw/.m2/repository/com/google/protobuf/protobuf-java/3.0.0/protobuf-java-3.0.0.jar:/home/fbhw/.m2/repository/junit/junit/4.12/junit-4.12.jar:/home/fbhw/.m2/repository/org/hamcrest/hamcrest-core/1.3/hamcrest-core-1.3.jar:/home/fbhw/.m2/repository/org/assertj/assertj-core/2.6.0/assertj-core-2.6.0.jar:/home/fbhw/.m2/repository/io/netty/netty-all/5.0.0.Alpha2/netty-all-5.0.0.Alpha2.jar:/home/fbhw/.m2/repository/org/slf4j/slf4j-api/1.7.7/slf4j-api-1.7.7.jar:/home/fbhw/.m2/repository/ch/qos/logback/logback-classic/1.0.13/logback-classic-1.0.13.jar:/home/fbhw/.m2/repository/ch/qos/logback/logback-core/1.0.13/logba
Launcher Type: SUN_STANDARD

Environment Variables:
JAVA_HOME=/usr/lib/jdk1.8.0_131
CLASSPATH=../lib/bootstrap.jar:../lib/extensions.jar:../lib/util.jar:../lib/jdom.jar:../lib/log4j.jar:../lib/trove4j.jar:../lib/jna.jar:../jre64/lib/tools.jar
PATH=/usr/lib/jdk1.8.0_131/bin:/usr/lib/jdk1.8.0_131/jre/bin:/usr/local/sbin:/usr/local/bin:/usr/sbin:/usr/bin:/sbin:/bin:/usr/games:/usr/local/games:/snap/bin:/usr/local/go/bin/:/usr/local/go/pkg/tool/
LD_LIBRARY_PATH=.:
SHELL=/bin/bash
DISPLAY=:0

Signal Handlers:
SIGSEGV: [libjvm.so+0xac8af0], sa_mask[0]=11111111011111111101111111111110, sa_flags=SA_RESTART|SA_SIGINFO
SIGBUS: [libjvm.so+0xac8af0], sa_mask[0]=11111111011111111101111111111110, sa_flags=SA_RESTART|SA_SIGINFO
SIGFPE: [libjvm.so+0x921dd0], sa_mask[0]=11111111011111111101111111111110, sa_flags=SA_RESTART|SA_SIGINFO
SIGPIPE: [libjvm.so+0x921dd0], sa_mask[0]=11111111011111111101111111111110, sa_flags=SA_RESTART|SA_SIGINFO
SIGXFSZ: [libjvm.so+0x921dd0], sa_mask[0]=11111111011111111101111111111110, sa_flags=SA_RESTART|SA_SIGINFO
SIGILL: [libjvm.so+0x921dd0], sa_mask[0]=11111111011111111101111111111110, sa_flags=SA_RESTART|SA_SIGINFO
SIGUSR1: SIG_DFL, sa_mask[0]=00000000000000000000000000000000, sa_flags=none
SIGUSR2: [libjvm.so+0x923610], sa_mask[0]=00100000000000000000000000000000, sa_flags=SA_RESTART|SA_SIGINFO
SIGHUP: [libjvm.so+0x924a10], sa_mask[0]=11111111011111111101111111111110, sa_flags=SA_RESTART|SA_SIGINFO
SIGINT: [libjvm.so+0x924a10], sa_mask[0]=11111111011111111101111111111110, sa_flags=SA_RESTART|SA_SIGINFO
SIGTERM: [libjvm.so+0x924a10], sa_mask[0]=11111111011111111101111111111110, sa_flags=SA_RESTART|SA_SIGINFO
SIGQUIT: [libjvm.so+0x924a10], sa_mask[0]=11111111011111111101111111111110, sa_flags=SA_RESTART|SA_SIGINFO


---------------  S Y S T E M  ---------------

OS:DISTRIB_ID=Ubuntu
DISTRIB_RELEASE=16.04
DISTRIB_CODENAME=xenial
DISTRIB_DESCRIPTION="Ubuntu 16.04 LTS"

uname:Linux 4.4.0-103-generic #126-Ubuntu SMP Mon Dec 4 16:23:28 UTC 2017 x86_64
libc:glibc 2.23 NPTL 2.23 
rlimit: STACK 8192k, CORE 0k, NPROC 31206, NOFILE 65536, AS infinity
load average:4.42 2.19 1.60

/proc/meminfo:
MemTotal:        8096364 kB
MemFree:          324684 kB
MemAvailable:     437444 kB
Buffers:           10652 kB
Cached:           446336 kB
SwapCached:        33248 kB
Active:          6184400 kB
Inactive:        1344132 kB
Active(anon):    6028288 kB
Inactive(anon):  1188188 kB
Active(file):     156112 kB
Inactive(file):   155944 kB
Unevictable:          16 kB
Mlocked:              16 kB
SwapTotal:       8309756 kB
SwapFree:        7461704 kB
Dirty:              8236 kB
Writeback:             0 kB
AnonPages:       7058960 kB
Mapped:           200780 kB
Shmem:            144856 kB
Slab:              87408 kB
SReclaimable:      46368 kB
SUnreclaim:        41040 kB
KernelStack:       13616 kB
PageTables:        52380 kB
NFS_Unstable:          0 kB
Bounce:                0 kB
WritebackTmp:          0 kB
CommitLimit:    12357936 kB
Committed_AS:   12942744 kB
VmallocTotal:   34359738367 kB
VmallocUsed:           0 kB
VmallocChunk:          0 kB
HardwareCorrupted:     0 kB
AnonHugePages:   5367808 kB
CmaTotal:              0 kB
CmaFree:               0 kB
HugePages_Total:       0
HugePages_Free:        0
HugePages_Rsvd:        0
HugePages_Surp:        0
Hugepagesize:       2048 kB
DirectMap4k:      171692 kB
DirectMap2M:     6041600 kB
DirectMap1G:     3145728 kB


CPU:total 4 (initial active 4) (2 cores per cpu, 2 threads per core) family 6 model 69 stepping 1, cmov, cx8, fxsr, mmx, sse, sse2, sse3, ssse3, sse4.1, sse4.2, popcnt, avx, avx2, aes, clmul, erms, lzcnt, ht, tsc, tscinvbit, bmi1, bmi2

/proc/cpuinfo:
processor	: 0
vendor_id	: GenuineIntel
cpu family	: 6
model		: 69
model name	: Intel(R) Core(TM) i5-4210U CPU @ 1.70GHz
stepping	: 1
microcode	: 0x1c
cpu MHz		: 2399.906
cache size	: 3072 KB
physical id	: 0
siblings	: 4
core id		: 0
cpu cores	: 2
apicid		: 0
initial apicid	: 0
fpu		: yes
fpu_exception	: yes
cpuid level	: 13
wp		: yes
flags		: fpu vme de pse tsc msr pae mce cx8 apic sep mtrr pge mca cmov pat pse36 clflush dts acpi mmx fxsr sse sse2 ss ht tm pbe syscall nx pdpe1gb rdtscp lm constant_tsc arch_perfmon pebs bts rep_good nopl xtopology nonstop_tsc aperfmperf eagerfpu pni pclmulqdq dtes64 monitor ds_cpl vmx est tm2 ssse3 sdbg fma cx16 xtpr pdcm pcid sse4_1 sse4_2 movbe popcnt tsc_deadline_timer aes xsave avx f16c rdrand lahf_lm abm epb tpr_shadow vnmi flexpriority ept vpid fsgsbase tsc_adjust bmi1 avx2 smep bmi2 erms invpcid xsaveopt dtherm ida arat pln pts
bugs		:
bogomips	: 4789.06
clflush size	: 64
cache_alignment	: 64
address sizes	: 39 bits physical, 48 bits virtual
power management:

processor	: 1
vendor_id	: GenuineIntel
cpu family	: 6
model		: 69
model name	: Intel(R) Core(TM) i5-4210U CPU @ 1.70GHz
stepping	: 1
microcode	: 0x1c
cpu MHz		: 2400.000
cache size	: 3072 KB
physical id	: 0
siblings	: 4
core id		: 0
cpu cores	: 2
apicid		: 1
initial apicid	: 1
fpu		: yes
fpu_exception	: yes
cpuid level	: 13
wp		: yes
flags		: fpu vme de pse tsc msr pae mce cx8 apic sep mtrr pge mca cmov pat pse36 clflush dts acpi mmx fxsr sse sse2 ss ht tm pbe syscall nx pdpe1gb rdtscp lm constant_tsc arch_perfmon pebs bts rep_good nopl xtopology nonstop_tsc aperfmperf eagerfpu pni pclmulqdq dtes64 monitor ds_cpl vmx est tm2 ssse3 sdbg fma cx16 xtpr pdcm pcid sse4_1 sse4_2 movbe popcnt tsc_deadline_timer aes xsave avx f16c rdrand lahf_lm abm epb tpr_shadow vnmi flexpriority ept vpid fsgsbase tsc_adjust bmi1 avx2 smep bmi2 erms invpcid xsaveopt dtherm ida arat pln pts
bugs		:
bogomips	: 4789.06
clflush size	: 64
cache_alignment	: 64
address sizes	: 39 bits physical, 48 bits virtual
power management:

processor	: 2
vendor_id	: GenuineIntel
cpu family	: 6
model		: 69
model name	: Intel(R) Core(TM) i5-4210U CPU @ 1.70GHz
stepping	: 1
microcode	: 0x1c
cpu MHz		: 2620.031
cache size	: 3072 KB
physical id	: 0
siblings	: 4
core id		: 1
cpu cores	: 2
apicid		: 2
initial apicid	: 2
fpu		: yes
fpu_exception	: yes
cpuid level	: 13
wp		: yes
flags		: fpu vme de pse tsc msr pae mce cx8 apic sep mtrr pge mca cmov pat pse36 clflush dts acpi mmx fxsr sse sse2 ss ht tm pbe syscall nx pdpe1gb rdtscp lm constant_tsc arch_perfmon pebs bts rep_good nopl xtopology nonstop_tsc aperfmperf eagerfpu pni pclmulqdq dtes64 monitor ds_cpl vmx est tm2 ssse3 sdbg fma cx16 xtpr pdcm pcid sse4_1 sse4_2 movbe popcnt tsc_deadline_timer aes xsave avx f16c rdrand lahf_lm abm epb tpr_shadow vnmi flexpriority ept vpid fsgsbase tsc_adjust bmi1 avx2 smep bmi2 erms invpcid xsaveopt dtherm ida arat pln pts
bugs		:
bogomips	: 4789.06
clflush size	: 64
cache_alignment	: 64
address sizes	: 39 bits physical, 48 bits virtual
power management:

processor	: 3
vendor_id	: GenuineIntel
cpu family	: 6
model		: 69
model name	: Intel(R) Core(TM) i5-4210U CPU @ 1.70GHz
stepping	: 1
microcode	: 0x1c
cpu MHz		: 2490.937
cache size	: 3072 KB
physical id	: 0
siblings	: 4
core id		: 1
cpu cores	: 2
apicid		: 3
initial apicid	: 3
fpu		: yes
fpu_exception	: yes
cpuid level	: 13
wp		: yes
flags		: fpu vme de pse tsc msr pae mce cx8 apic sep mtrr pge mca cmov pat pse36 clflush dts acpi mmx fxsr sse sse2 ss ht tm pbe syscall nx pdpe1gb rdtscp lm constant_tsc arch_perfmon pebs bts rep_good nopl xtopology nonstop_tsc aperfmperf eagerfpu pni pclmulqdq dtes64 monitor ds_cpl vmx est tm2 ssse3 sdbg fma cx16 xtpr pdcm pcid sse4_1 sse4_2 movbe popcnt tsc_deadline_timer aes xsave avx f16c rdrand lahf_lm abm epb tpr_shadow vnmi flexpriority ept vpid fsgsbase tsc_adjust bmi1 avx2 smep bmi2 erms invpcid xsaveopt dtherm ida arat pln pts
bugs		:
bogomips	: 4789.06
clflush size	: 64
cache_alignment	: 64
address sizes	: 39 bits physical, 48 bits virtual
power management:



Memory: 4k page, physical 8096364k(324684k free), swap 8309756k(7461704k free)

vm_info: Java HotSpot(TM) 64-Bit Server VM (25.131-b11) for linux-amd64 JRE (1.8.0_131-b11), built on Mar 15 2017 01:23:40 by "java_re" with gcc 4.3.0 20080428 (Red Hat 4.3.0-8)

time: Tue Dec 19 17:33:33 2017
elapsed time: 314 seconds (0d 0h 5m 14s)

