#
# A fatal error has been detected by the Java Runtime Environment:
#
#  SIGSEGV (0xb) at pc=0x00007fd6ecb12811, pid=13337, tid=0x00007fd6cd9f9700
#
# JRE version: Java(TM) SE Runtime Environment (8.0_131-b11) (build 1.8.0_131-b11)
# Java VM: Java HotSpot(TM) 64-Bit Server VM (25.131-b11 mixed mode linux-amd64 compressed oops)
# Problematic frame:
# J 1589 C2 sun.nio.ch.IOUtil.write(Ljava/io/FileDescriptor;[Ljava/nio/ByteBuffer;IILsun/nio/ch/NativeDispatcher;)J (509 bytes) @ 0x00007fd6ecb12811 [0x00007fd6ecb122e0+0x531]
#
# Failed to write core dump. Core dumps have been disabled. To enable core dumping, try "ulimit -c unlimited" before starting Java again
#
# If you would like to submit a bug report, please visit:
#   http://bugreport.java.com/bugreport/crash.jsp
#

---------------  T H R E A D  ---------------

Current thread (0x00007fd694001000):  JavaThread "nioEventLoopGroup-0-4" daemon [_thread_in_Java, id=13401, stack(0x00007fd6cd8f9000,0x00007fd6cd9fa000)]

siginfo: si_signo: 11 (SIGSEGV), si_code: 1 (SEGV_MAPERR), si_addr: 0x00007fd65f2ae010

Registers:
RAX=0x000000000029ccde, RBX=0x00000000dd4b9b20, RCX=0x0000000000000051, RDX=0x00000000cafd53c0
RSP=0x00007fd6cd9f8170, RBP=0x00007fd6eb9e4000, RSI=0x00000000cafd5390, RDI=0x0000000000000000
R8 =0x00007fd65f2ae010, R9 =0x00007fd6589442d0, R10=0x00000000bd8927f8, R11=0x00000000cd9a21e0
R12=0x0000000000000000, R13=0x0000000000000008, R14=0x0000000000080300, R15=0x00007fd694001000
RIP=0x00007fd6ecb12811, EFLAGS=0x0000000000010202, CSGSFS=0x0000000000000033, ERR=0x0000000000000006
  TRAPNO=0x000000000000000e

Top of Stack: (sp=0x00007fd6cd9f8170)
0x00007fd6cd9f8170:   00000000bd8927f8 00007fd600000000
0x00007fd6cd9f8180:   00007fd6ec5aca90 000000008534c2d8
0x00007fd6cd9f8190:   00007fd6cd9f81e0 00007fd6ec90bd6c
0x00007fd6cd9f81a0:   00000000cafd5390 00007fd6e81b8ab0
0x00007fd6cd9f81b0:   00007fd6cfd33738 00007fd6eb476108
0x00007fd6cd9f81c0:   0000000084e2b178 0000000084c75ce0
0x00007fd6cd9f81d0:   0000000084c51ee8 00007fd6ec6da39c
0x00007fd6cd9f81e0:   00007fd6cd9f84d8 00007fd6ec6dabac
0x00007fd6cd9f81f0:   00007fd694001000 00007fd701c48a50
0x00007fd6cd9f8200:   00007fd694001000 0000000000000000
0x00007fd6cd9f8210:   00007fd6cd9f8260 000000510004fec0
0x00007fd6cd9f8220:   00000000851c6be0 00000000dd4b3c48
0x00007fd6cd9f8230:   00007fd694001000 00007fd6ec6ba0d9
0x00007fd6cd9f8240:   0000000000000051 0000000084e250b8
0x00007fd6cd9f8250:   00000000bd8927f8 0008030000000000
0x00007fd6cd9f8260:   0000000084e2b1a8 00007fd6ec613145
0x00007fd6cd9f8270:   00000000ffffffff 0000000084e2b1b8
0x00007fd6cd9f8280:   00007fd6cd9f9700 0000000000000000
0x00007fd6cd9f8290:   00000001dd4b3d88 00000051dd4b9ac8
0x00007fd6cd9f82a0:   0000000084776a88 000000010003f070
0x00007fd6cd9f82b0:   00000000dd4b9a50 0100000000052480
0x00007fd6cd9f82c0:   00000000851c6be0 00000000e0f1e940
0x00007fd6cd9f82d0:   0100000000000000 00000000dd4b9ac8
0x00007fd6cd9f82e0:   00000000dd4b9a50 000000008515c5f0
0x00007fd6cd9f82f0:   000000000288f300 00000000bd8927f8
0x00007fd6cd9f8300:   0000000000000000 0000000000000011
0x00007fd6cd9f8310:   0000000084e2b1a8 0000000000000011
0x00007fd6cd9f8320:   0000000084e2b1b8 0000000000000000
0x00007fd6cd9f8330:   00007fd6cd9f84d8 00007fd6ec9820e4
0x00007fd6cd9f8340:   0000000000000000 0000000084e2b1b8
0x00007fd6cd9f8350:   0000000000000001 0000000000000011
0x00007fd6cd9f8360:   0000000000000000 00007fd6cd9f8358 

Instructions: (pc=0x00007fd6ecb12811)
0x00007fd6ecb127f1:   f8 0e 7e 00 20 0f 85 8a 05 00 00 44 8b 5e 18 4d
0x00007fd6ecb12801:   63 c9 4c 03 4b 10 41 83 fd 04 74 49 4d 8b 43 18
0x00007fd6ecb12811:   4d 89 08 ba 08 00 00 00 41 83 fd 04 74 43 48 63
0x00007fd6ecb12821:   d9 4d 8b 5b 18 49 89 5b 08 41 bb 01 00 00 00 c5 

Register to memory mapping:

RAX=0x000000000029ccde is an unknown value
RBX=0x00000000dd4b9b20 is an oop
java.nio.DirectByteBuffer 
 - klass: 'java/nio/DirectByteBuffer'
RCX=0x0000000000000051 is an unknown value
RDX=0x00000000cafd53c0 is an oop
[Ljava.nio.ByteBuffer; 
 - klass: 'java/nio/ByteBuffer'[]
 - length: 2739422
RSP=0x00007fd6cd9f8170 is pointing into the stack for thread: 0x00007fd694001000
RBP=0x00007fd6eb9e4000 is an unknown value
RSI=0x00000000cafd5390 is an oop
sun.nio.ch.IOVecWrapper 
 - klass: 'sun/nio/ch/IOVecWrapper'
RDI=0x0000000000000000 is an unknown value
R8 =0x00007fd65f2ae010 is an unknown value
R9 =0x00007fd6589442d0 is an unknown value
R10=0x00000000bd8927f8 is an oop
[Ljava.nio.ByteBuffer; 
 - klass: 'java/nio/ByteBuffer'[]
 - length: 4194304
R11=0x00000000cd9a21e0 is an oop
sun.nio.ch.AllocatedNativeObject 
 - klass: 'sun/nio/ch/AllocatedNativeObject'
R12=0x0000000000000000 is an unknown value
R13=0x0000000000000008 is an unknown value
R14=0x0000000000080300 is an unknown value
R15=0x00007fd694001000 is a thread


Stack: [0x00007fd6cd8f9000,0x00007fd6cd9fa000],  sp=0x00007fd6cd9f8170,  free space=1020k
Native frames: (J=compiled Java code, j=interpreted, Vv=VM code, C=native code)
J 1589 C2 sun.nio.ch.IOUtil.write(Ljava/io/FileDescriptor;[Ljava/nio/ByteBuffer;IILsun/nio/ch/NativeDispatcher;)J (509 bytes) @ 0x00007fd6ecb12811 [0x00007fd6ecb122e0+0x531]
J 1703 C1 sun.nio.ch.SocketChannelImpl.write([Ljava/nio/ByteBuffer;II)J (436 bytes) @ 0x00007fd6ec6dabac [0x00007fd6ec6da0e0+0xacc]
J 1225 C1 io.netty.channel.socket.nio.NioSocketChannel.doWrite(Lio/netty/channel/ChannelOutboundBuffer;)V (259 bytes) @ 0x00007fd6ec9820e4 [0x00007fd6ec981a60+0x684]
J 1223 C1 io.netty.channel.AbstractChannel$AbstractUnsafe.flush0()V (123 bytes) @ 0x00007fd6ec9966e4 [0x00007fd6ec9960c0+0x624]
j  io.netty.channel.nio.AbstractNioChannel$AbstractNioUnsafe.forceFlush()V+1
J 1659 C2 io.netty.channel.nio.NioEventLoop.processSelectedKeysOptimized([Ljava/nio/channels/SelectionKey;)V (103 bytes) @ 0x00007fd6ecb51138 [0x00007fd6ecb50fa0+0x198]
J 1866 C1 io.netty.channel.nio.NioEventLoop.run()V (164 bytes) @ 0x00007fd6ecc227f4 [0x00007fd6ecc21ba0+0xc54]
J 1788 C2 io.netty.util.concurrent.SingleThreadEventExecutor$2.run()V (67 bytes) @ 0x00007fd6ec785fc8 [0x00007fd6ec785f40+0x88]
J 1857 C1 io.netty.util.internal.chmv8.ForkJoinTask$RunnableExecuteAction.exec()Z (11 bytes) @ 0x00007fd6ecc0b584 [0x00007fd6ecc0b480+0x104]
J 1740 C2 io.netty.util.internal.chmv8.ForkJoinTask.doExec()I (37 bytes) @ 0x00007fd6ec6d6a90 [0x00007fd6ec6d6a40+0x50]
J 1645 C2 io.netty.util.internal.chmv8.ForkJoinPool.scan(Lio/netty/util/internal/chmv8/ForkJoinPool$WorkQueue;I)I (317 bytes) @ 0x00007fd6ecb4546c [0x00007fd6ecb452c0+0x1ac]
J 1786% C1 io.netty.util.internal.chmv8.ForkJoinPool.runWorker(Lio/netty/util/internal/chmv8/ForkJoinPool$WorkQueue;)V (43 bytes) @ 0x00007fd6ec8f3824 [0x00007fd6ec8f3660+0x1c4]
j  io.netty.util.internal.chmv8.ForkJoinWorkerThread.run()V+14
v  ~StubRoutines::call_stub
V  [libjvm.so+0x691d16]  JavaCalls::call_helper(JavaValue*, methodHandle*, JavaCallArguments*, Thread*)+0x1056
V  [libjvm.so+0x692221]  JavaCalls::call_virtual(JavaValue*, KlassHandle, Symbol*, Symbol*, JavaCallArguments*, Thread*)+0x321
V  [libjvm.so+0x6926c7]  JavaCalls::call_virtual(JavaValue*, Handle, KlassHandle, Symbol*, Symbol*, Thread*)+0x47
V  [libjvm.so+0x72da50]  thread_entry(JavaThread*, Thread*)+0xa0
V  [libjvm.so+0xa76833]  JavaThread::thread_main_inner()+0x103
V  [libjvm.so+0xa7697c]  JavaThread::run()+0x11c
V  [libjvm.so+0x927568]  java_start(Thread*)+0x108
C  [libpthread.so.0+0x76ba]  start_thread+0xca


---------------  P R O C E S S  ---------------

Java Threads: ( => current thread )
  0x00007fd688021000 JavaThread "nioEventLoopGroup-0-7" daemon [_thread_in_native, id=13407, stack(0x00007fd6cc5f5000,0x00007fd6cc6f6000)]
  0x00007fd68800f000 JavaThread "nioEventLoopGroup-0-6" daemon [_thread_in_native, id=13404, stack(0x00007fd6cc6f6000,0x00007fd6cc7f7000)]
  0x00007fd688002000 JavaThread "nioEventLoopGroup-0-5" daemon [_thread_blocked, id=13403, stack(0x00007fd6cc7f7000,0x00007fd6cc8f8000)]
=>0x00007fd694001000 JavaThread "nioEventLoopGroup-0-4" daemon [_thread_in_Java, id=13401, stack(0x00007fd6cd8f9000,0x00007fd6cd9fa000)]
  0x00007fd690001000 JavaThread "nioEventLoopGroup-0-3" daemon [_thread_blocked, id=13392, stack(0x00007fd6ce9fb000,0x00007fd6ceafc000)]
  0x00007fd6a400b800 JavaThread "nioEventLoopGroup-0-2" daemon [_thread_in_native, id=13385, stack(0x00007fd6ceafc000,0x00007fd6cebfd000)]
  0x00007fd6a4009000 JavaThread "threadDeathWatcher-2-1" daemon [_thread_blocked, id=13376, stack(0x00007fd6cfbfe000,0x00007fd6cfcff000)]
  0x00007fd6a4002000 JavaThread "nioEventLoopGroup-0-1" daemon [_thread_in_native, id=13375, stack(0x00007fd6cfeff000,0x00007fd6d0000000)]
  0x00007fd6a0067000 JavaThread "nioEventLoopGroup-0-0" daemon [_thread_in_native, id=13374, stack(0x00007fd6e8095000,0x00007fd6e8196000)]
  0x00007fd6fc50d800 JavaThread "Timer-0" [_thread_blocked, id=13371, stack(0x00007fd6e85ac000,0x00007fd6e86ad000)]
  0x00007fd6fc1c6000 JavaThread "Service Thread" daemon [_thread_blocked, id=13367, stack(0x00007fd6e8889000,0x00007fd6e898a000)]
  0x00007fd6fc1c3000 JavaThread "C1 CompilerThread2" daemon [_thread_blocked, id=13366, stack(0x00007fd6e898a000,0x00007fd6e8a8b000)]
  0x00007fd6fc1c1000 JavaThread "C2 CompilerThread1" daemon [_thread_blocked, id=13365, stack(0x00007fd6e8fa3000,0x00007fd6e90a4000)]
  0x00007fd6fc1bf000 JavaThread "C2 CompilerThread0" daemon [_thread_blocked, id=13364, stack(0x00007fd6e90a4000,0x00007fd6e91a5000)]
  0x00007fd6fc1ac800 JavaThread "Monitor Ctrl-Break" daemon [_thread_in_native, id=13363, stack(0x00007fd6e91a5000,0x00007fd6e92a6000)]
  0x00007fd6fc17d000 JavaThread "Signal Dispatcher" daemon [_thread_blocked, id=13356, stack(0x00007fd6e92a6000,0x00007fd6e93a7000)]
  0x00007fd6fc14d000 JavaThread "Finalizer" daemon [_thread_blocked, id=13353, stack(0x00007fd6e9832000,0x00007fd6e9933000)]
  0x00007fd6fc148800 JavaThread "Reference Handler" daemon [_thread_blocked, id=13350, stack(0x00007fd6e9933000,0x00007fd6e9a34000)]
  0x00007fd6fc00b800 JavaThread "main" [_thread_in_Java, id=13339, stack(0x00007fd702766000,0x00007fd702867000)]

Other Threads:
  0x00007fd6fc140800 VMThread [stack: 0x00007fd6e9a34000,0x00007fd6e9b35000] [id=13348]
  0x00007fd6fc1ca800 WatcherThread [stack: 0x00007fd6e8788000,0x00007fd6e8889000] [id=13368]

VM state:not at safepoint (normal execution)

VM Mutex/Monitor currently owned by a thread: None

Heap:
 PSYoungGen      total 450048K, used 168219K [0x00000000d6d00000, 0x00000000ffe00000, 0x0000000100000000)
  eden space 227328K, 73% used [0x00000000d6d00000,0x00000000e1146e30,0x00000000e4b00000)
  from space 222720K, 0% used [0x00000000f2480000,0x00000000f2480000,0x00000000ffe00000)
  to   space 222720K, 0% used [0x00000000e4b00000,0x00000000e4b00000,0x00000000f2480000)
 ParOldGen       total 1350656K, used 1333913K [0x0000000084600000, 0x00000000d6d00000, 0x00000000d6d00000)
  object space 1350656K, 98% used [0x0000000084600000,0x00000000d5ca65b8,0x00000000d6d00000)
 Metaspace       used 12079K, capacity 12322K, committed 12544K, reserved 1060864K
  class space    used 1457K, capacity 1527K, committed 1536K, reserved 1048576K

Card table byte_map: [0x00007fd6ebe07000,0x00007fd6ec1e5000] byte_map_base: 0x00007fd6eb9e4000

Marking Bits: (ParMarkBitMap*) 0x00007fd701c31f60
 Begin Bits: [0x00007fd6d8230000, 0x00007fd6da118000)
 End Bits:   [0x00007fd6da118000, 0x00007fd6dc000000)

Polling page: 0x00007fd702882000

CodeCache: size=245760Kb used=6588Kb max_used=6620Kb free=239171Kb
 bounds [0x00007fd6ec5a5000, 0x00007fd6ecc35000, 0x00007fd6fb5a5000]
 total_blobs=2056 nmethods=1702 adapters=267
 compilation: enabled

Compilation events (10 events):
Event: 224.899 Thread 0x00007fd6fc1c1000 1862       4       io.netty.util.Recycler$Stack::push (96 bytes)
Event: 224.902 Thread 0x00007fd6fc1c1000 nmethod 1862 0x00007fd6ecc0dcd0 code [0x00007fd6ecc0de20, 0x00007fd6ecc0e0f8]
Event: 224.902 Thread 0x00007fd6fc1c1000 1863       4       io.netty.util.Recycler$DefaultHandle::recycle (105 bytes)
Event: 224.942 Thread 0x00007fd6fc1c1000 nmethod 1863 0x00007fd6ecc242d0 code [0x00007fd6ecc24580, 0x00007fd6ecc25ab0]
Event: 228.243 Thread 0x00007fd6fc1c3000 1866   !   3       io.netty.channel.nio.NioEventLoop::run (164 bytes)
Event: 228.243 Thread 0x00007fd6fc1bf000 1864       4       java.util.concurrent.atomic.AtomicBoolean::getAndSet (16 bytes)
Event: 228.244 Thread 0x00007fd6fc1c1000 1865       4       io.netty.channel.nio.NioEventLoop::processSelectedKeys (33 bytes)
Event: 228.245 Thread 0x00007fd6fc1bf000 nmethod 1864 0x00007fd6ec8bba90 code [0x00007fd6ec8bbbe0, 0x00007fd6ec8bbc98]
Event: 228.246 Thread 0x00007fd6fc1c3000 nmethod 1866 0x00007fd6ecc21850 code [0x00007fd6ecc21ba0, 0x00007fd6ecc23508]
Event: 228.254 Thread 0x00007fd6fc1c1000 nmethod 1865 0x00007fd6ec8a6790 code [0x00007fd6ec8a6960, 0x00007fd6ec8a7008]

GC Heap History (10 events):
Event: 220.352 GC heap before
{Heap before GC invocations=69 (full 31):
 PSYoungGen      total 450048K, used 227328K [0x00000000d6d00000, 0x00000000ffe00000, 0x0000000100000000)
  eden space 227328K, 100% used [0x00000000d6d00000,0x00000000e4b00000,0x00000000e4b00000)
  from space 222720K, 0% used [0x00000000f2480000,0x00000000f2480000,0x00000000ffe00000)
  to   space 222720K, 0% used [0x00000000e4b00000,0x00000000e4b00000,0x00000000f2480000)
 ParOldGen       total 1350656K, used 1350478K [0x0000000084600000, 0x00000000d6d00000, 0x00000000d6d00000)
  object space 1350656K, 99% used [0x0000000084600000,0x00000000d6cd3920,0x00000000d6d00000)
 Metaspace       used 12079K, capacity 12322K, committed 12544K, reserved 1060864K
  class space    used 1457K, capacity 1527K, committed 1536K, reserved 1048576K
Event: 222.988 GC heap after
Heap after GC invocations=69 (full 31):
 PSYoungGen      total 450048K, used 161372K [0x00000000d6d00000, 0x00000000ffe00000, 0x0000000100000000)
  eden space 227328K, 70% used [0x00000000d6d00000,0x00000000e0a972d8,0x00000000e4b00000)
  from space 222720K, 0% used [0x00000000f2480000,0x00000000f2480000,0x00000000ffe00000)
  to   space 222720K, 0% used [0x00000000e4b00000,0x00000000e4b00000,0x00000000f2480000)
 ParOldGen       total 1350656K, used 1347293K [0x0000000084600000, 0x00000000d6d00000, 0x00000000d6d00000)
  object space 1350656K, 99% used [0x0000000084600000,0x00000000d69b77d0,0x00000000d6d00000)
 Metaspace       used 12079K, capacity 12322K, committed 12544K, reserved 1060864K
  class space    used 1457K, capacity 1527K, committed 1536K, reserved 1048576K
}
Event: 223.057 GC heap before
{Heap before GC invocations=70 (full 32):
 PSYoungGen      total 450048K, used 227328K [0x00000000d6d00000, 0x00000000ffe00000, 0x0000000100000000)
  eden space 227328K, 100% used [0x00000000d6d00000,0x00000000e4b00000,0x00000000e4b00000)
  from space 222720K, 0% used [0x00000000f2480000,0x00000000f2480000,0x00000000ffe00000)
  to   space 222720K, 0% used [0x00000000e4b00000,0x00000000e4b00000,0x00000000f2480000)
 ParOldGen       total 1350656K, used 1347293K [0x0000000084600000, 0x00000000d6d00000, 0x00000000d6d00000)
  object space 1350656K, 99% used [0x0000000084600000,0x00000000d69b77d0,0x00000000d6d00000)
 Metaspace       used 12079K, capacity 12322K, committed 12544K, reserved 1060864K
  class space    used 1457K, capacity 1527K, committed 1536K, reserved 1048576K
Event: 224.844 GC heap after
Heap after GC invocations=70 (full 32):
 PSYoungGen      total 450048K, used 155963K [0x00000000d6d00000, 0x00000000ffe00000, 0x0000000100000000)
  eden space 227328K, 68% used [0x00000000d6d00000,0x00000000e054eed0,0x00000000e4b00000)
  from space 222720K, 0% used [0x00000000f2480000,0x00000000f2480000,0x00000000ffe00000)
  to   space 222720K, 0% used [0x00000000e4b00000,0x00000000e4b00000,0x00000000f2480000)
 ParOldGen       total 1350656K, used 1348248K [0x0000000084600000, 0x00000000d6d00000, 0x00000000d6d00000)
  object space 1350656K, 99% used [0x0000000084600000,0x00000000d6aa6158,0x00000000d6d00000)
 Metaspace       used 12079K, capacity 12322K, committed 12544K, reserved 1060864K
  class space    used 1457K, capacity 1527K, committed 1536K, reserved 1048576K
}
Event: 224.949 GC heap before
{Heap before GC invocations=71 (full 33):
 PSYoungGen      total 450048K, used 227328K [0x00000000d6d00000, 0x00000000ffe00000, 0x0000000100000000)
  eden space 227328K, 100% used [0x00000000d6d00000,0x00000000e4b00000,0x00000000e4b00000)
  from space 222720K, 0% used [0x00000000f2480000,0x00000000f2480000,0x00000000ffe00000)
  to   space 222720K, 0% used [0x00000000e4b00000,0x00000000e4b00000,0x00000000f2480000)
 ParOldGen       total 1350656K, used 1348248K [0x0000000084600000, 0x00000000d6d00000, 0x00000000d6d00000)
  object space 1350656K, 99% used [0x0000000084600000,0x00000000d6aa6158,0x00000000d6d00000)
 Metaspace       used 12079K, capacity 12322K, committed 12544K, reserved 1060864K
  class space    used 1457K, capacity 1527K, committed 1536K, reserved 1048576K
Event: 226.618 GC heap after
Heap after GC invocations=71 (full 33):
 PSYoungGen      total 450048K, used 119386K [0x00000000d6d00000, 0x00000000ffe00000, 0x0000000100000000)
  eden space 227328K, 52% used [0x00000000d6d00000,0x00000000de196b48,0x00000000e4b00000)
  from space 222720K, 0% used [0x00000000f2480000,0x00000000f2480000,0x00000000ffe00000)
  to   space 222720K, 0% used [0x00000000e4b00000,0x00000000e4b00000,0x00000000f2480000)
 ParOldGen       total 1350656K, used 1350505K [0x0000000084600000, 0x00000000d6d00000, 0x00000000d6d00000)
  object space 1350656K, 99% used [0x0000000084600000,0x00000000d6cda650,0x00000000d6d00000)
 Metaspace       used 12079K, capacity 12322K, committed 12544K, reserved 1060864K
  class space    used 1457K, capacity 1527K, committed 1536K, reserved 1048576K
}
Event: 226.744 GC heap before
{Heap before GC invocations=72 (full 34):
 PSYoungGen      total 450048K, used 227328K [0x00000000d6d00000, 0x00000000ffe00000, 0x0000000100000000)
  eden space 227328K, 100% used [0x00000000d6d00000,0x00000000e4b00000,0x00000000e4b00000)
  from space 222720K, 0% used [0x00000000f2480000,0x00000000f2480000,0x00000000ffe00000)
  to   space 222720K, 0% used [0x00000000e4b00000,0x00000000e4b00000,0x00000000f2480000)
 ParOldGen       total 1350656K, used 1350505K [0x0000000084600000, 0x00000000d6d00000, 0x00000000d6d00000)
  object space 1350656K, 99% used [0x0000000084600000,0x00000000d6cda650,0x00000000d6d00000)
 Metaspace       used 12079K, capacity 12322K, committed 12544K, reserved 1060864K
  class space    used 1457K, capacity 1527K, committed 1536K, reserved 1048576K
Event: 228.243 GC heap after
Heap after GC invocations=72 (full 34):
 PSYoungGen      total 450048K, used 47073K [0x00000000d6d00000, 0x00000000ffe00000, 0x0000000100000000)
  eden space 227328K, 20% used [0x00000000d6d00000,0x00000000d9af87c0,0x00000000e4b00000)
  from space 222720K, 0% used [0x00000000f2480000,0x00000000f2480000,0x00000000ffe00000)
  to   space 222720K, 0% used [0x00000000e4b00000,0x00000000e4b00000,0x00000000f2480000)
 ParOldGen       total 1350656K, used 1350191K [0x0000000084600000, 0x00000000d6d00000, 0x00000000d6d00000)
  object space 1350656K, 99% used [0x0000000084600000,0x00000000d6c8bca8,0x00000000d6d00000)
 Metaspace       used 12079K, capacity 12322K, committed 12544K, reserved 1060864K
  class space    used 1457K, capacity 1527K, committed 1536K, reserved 1048576K
}
Event: 228.439 GC heap before
{Heap before GC invocations=73 (full 35):
 PSYoungGen      total 450048K, used 227328K [0x00000000d6d00000, 0x00000000ffe00000, 0x0000000100000000)
  eden space 227328K, 100% used [0x00000000d6d00000,0x00000000e4b00000,0x00000000e4b00000)
  from space 222720K, 0% used [0x00000000f2480000,0x00000000f2480000,0x00000000ffe00000)
  to   space 222720K, 0% used [0x00000000e4b00000,0x00000000e4b00000,0x00000000f2480000)
 ParOldGen       total 1350656K, used 1350191K [0x0000000084600000, 0x00000000d6d00000, 0x00000000d6d00000)
  object space 1350656K, 99% used [0x0000000084600000,0x00000000d6c8bca8,0x00000000d6d00000)
 Metaspace       used 12079K, capacity 12322K, committed 12544K, reserved 1060864K
  class space    used 1457K, capacity 1527K, committed 1536K, reserved 1048576K
Event: 229.930 GC heap after
Heap after GC invocations=73 (full 35):
 PSYoungGen      total 450048K, used 0K [0x00000000d6d00000, 0x00000000ffe00000, 0x0000000100000000)
  eden space 227328K, 0% used [0x00000000d6d00000,0x00000000d6d00000,0x00000000e4b00000)
  from space 222720K, 0% used [0x00000000f2480000,0x00000000f2480000,0x00000000ffe00000)
  to   space 222720K, 0% used [0x00000000e4b00000,0x00000000e4b00000,0x00000000f2480000)
 ParOldGen       total 1350656K, used 1333913K [0x0000000084600000, 0x00000000d6d00000, 0x00000000d6d00000)
  object space 1350656K, 98% used [0x0000000084600000,0x00000000d5ca65b8,0x00000000d6d00000)
 Metaspace       used 12079K, capacity 12322K, committed 12544K, reserved 1060864K
  class space    used 1457K, capacity 1527K, committed 1536K, reserved 1048576K
}

Deoptimization events (10 events):
Event: 185.350 Thread 0x00007fd688021000 Uncommon trap: reason=unstable_if action=reinterpret pc=0x00007fd6eca69150 method=java.util.HashMap.isEmpty()Z @ 4
Event: 185.350 Thread 0x00007fd6a4002000 Uncommon trap: reason=unstable_if action=reinterpret pc=0x00007fd6eca6ddb8 method=java.util.HashMap.isEmpty()Z @ 4
Event: 185.350 Thread 0x00007fd688002000 Uncommon trap: reason=unstable_if action=reinterpret pc=0x00007fd6eca6ddb8 method=java.util.HashMap.isEmpty()Z @ 4
Event: 208.012 Thread 0x00007fd694001000 Uncommon trap: reason=unstable_if action=reinterpret pc=0x00007fd6ecc049a8 method=io.netty.buffer.PoolChunkList.free(Lio/netty/buffer/PoolChunk;J)V @ 13
Event: 208.015 Thread 0x00007fd694001000 Uncommon trap: reason=unstable_if action=reinterpret pc=0x00007fd6ecbffe18 method=io.netty.buffer.PoolChunkList.free(Lio/netty/buffer/PoolChunk;J)V @ 13
Event: 208.015 Thread 0x00007fd694001000 Uncommon trap: reason=unstable_if action=reinterpret pc=0x00007fd6ecb57364 method=io.netty.buffer.PoolChunk.usage()I @ 27
Event: 210.660 Thread 0x00007fd694001000 Uncommon trap: reason=unstable_if action=reinterpret pc=0x00007fd6ec915b14 method=java.lang.ref.SoftReference.get()Ljava/lang/Object; @ 6
Event: 224.895 Thread 0x00007fd694001000 Uncommon trap: reason=unstable_if action=reinterpret pc=0x00007fd6ecb42b28 method=io.netty.util.Recycler$Stack.push(Lio/netty/util/Recycler$DefaultHandle;)V @ 44
Event: 224.895 Thread 0x00007fd694001000 Uncommon trap: reason=unstable_if action=reinterpret pc=0x00007fd6ecaefc1c method=io.netty.util.Recycler$Stack.push(Lio/netty/util/Recycler$DefaultHandle;)V @ 44
Event: 228.273 Thread 0x00007fd694001000 Uncommon trap: reason=unstable_if action=reinterpret pc=0x00007fd6ecc0fb64 method=io.netty.channel.ChannelOutboundBuffer.removeEntry(Lio/netty/channel/ChannelOutboundBuffer$Entry;)V @ 24

Internal exceptions (10 events):
Event: 0.724 Thread 0x00007fd6fc00b800 Exception <a 'java/lang/ClassNotFoundException': ch/qos/logback/core/FileAppenderCustomizer> (0x00000000d813be10) thrown at [/HUDSON/workspace/8-2-build-linux-amd64/jdk8u131/8869/hotspot/src/share/vm/classfile/systemDictionary.cpp, line 210]
Event: 0.852 Thread 0x00007fd6fc00b800 Exception <a 'java/lang/NoClassDefFoundError': javassist/ClassPath> (0x00000000d8625f38) thrown at [/HUDSON/workspace/8-2-build-linux-amd64/jdk8u131/8869/hotspot/src/share/vm/classfile/systemDictionary.cpp, line 199]
Event: 1.022 Thread 0x00007fd6fc50d800 Exception <a 'java/lang/NoSuchFieldError': method resolution failed> (0x00000000d6ef5370) thrown at [/HUDSON/workspace/8-2-build-linux-amd64/jdk8u131/8869/hotspot/src/share/vm/prims/methodHandles.cpp, line 1146]
Event: 1.038 Thread 0x00007fd6fc50d800 Exception <a 'java/lang/NoSuchFieldError': method resolution failed> (0x00000000d6f03300) thrown at [/HUDSON/workspace/8-2-build-linux-amd64/jdk8u131/8869/hotspot/src/share/vm/prims/methodHandles.cpp, line 1146]
Event: 129.571 Thread 0x00007fd694001000 Implicit null exception at 0x00007fd6ecaa5b1d to 0x00007fd6ecaa7d9d
Event: 129.671 Thread 0x00007fd68800f000 Implicit null exception at 0x00007fd6ecacc9d2 to 0x00007fd6ecacfed5
Event: 181.876 Thread 0x00007fd6fc50d800 Implicit null exception at 0x00007fd6eca201f8 to 0x00007fd6eca208c5
Event: 181.876 Thread 0x00007fd690001000 Implicit null exception at 0x00007fd6eca4218e to 0x00007fd6eca429a9
Event: 205.860 Thread 0x00007fd694001000 Exception <a 'java/lang/OutOfMemoryError'> (0x0000000084ad0aa8) thrown at [/HUDSON/workspace/8-2-build-linux-amd64/jdk8u131/8869/hotspot/src/share/vm/gc_interface/collectedHeap.inline.hpp, line 159]
Event: 210.660 Thread 0x00007fd694001000 Implicit null exception at 0x00007fd6ec91537e to 0x00007fd6ec915ad5

Events (10 events):
Event: 228.254 Thread 0x00007fd6fc1c1000 flushing nmethod 0x00007fd6ec8d3910
Event: 228.254 Thread 0x00007fd6fc1c1000 flushing nmethod 0x00007fd6ec8d5650
Event: 228.254 Thread 0x00007fd6fc1c1000 flushing nmethod 0x00007fd6ec8d7ad0
Event: 228.254 Thread 0x00007fd6fc1c1000 flushing nmethod 0x00007fd6ec8d9150
Event: 228.254 Thread 0x00007fd6fc1c1000 flushing nmethod 0x00007fd6ec8df550
Event: 228.273 Thread 0x00007fd694001000 Uncommon trap: trap_request=0xffffff65 fr.pc=0x00007fd6ecc0fb64
Event: 228.273 Thread 0x00007fd694001000 DEOPT PACKING pc=0x00007fd6ecc0fb64 sp=0x00007fd6cd9f8330
Event: 228.273 Thread 0x00007fd694001000 DEOPT UNPACKING pc=0x00007fd6ec5aa229 sp=0x00007fd6cd9f82b0 mode 2
Event: 228.439 Executing VM operation: ParallelGCFailedAllocation
Event: 229.930 Executing VM operation: ParallelGCFailedAllocation done


Dynamic libraries:
00400000-00401000 r-xp 00000000 08:08 2507804                            /usr/lib/jdk1.8.0_131/bin/java
00600000-00601000 rw-p 00000000 08:08 2507804                            /usr/lib/jdk1.8.0_131/bin/java
00e71000-00e92000 rw-p 00000000 00:00 0                                  [heap]
84600000-d6d00000 rw-p 00000000 00:00 0 
d6d00000-ffe00000 rw-p 00000000 00:00 0 
ffe00000-100000000 ---p 00000000 00:00 0 
100000000-100180000 rw-p 00000000 00:00 0 
100180000-140000000 ---p 00000000 00:00 0 
7fd658000000-7fd659021000 rw-p 00000000 00:00 0 
7fd659021000-7fd65c000000 ---p 00000000 00:00 0 
7fd661c7b000-7fd6644a2000 rw-p 00000000 00:00 0 
7fd666a66000-7fd668a2e000 rw-p 00000000 00:00 0 
7fd66a8fc000-7fd66fa22000 rw-p 00000000 00:00 0 
7fd67247b000-7fd673a60000 rw-p 00000000 00:00 0 
7fd674969000-7fd67596a000 rw-p 00000000 00:00 0 
7fd678000000-7fd67a005000 rw-p 00000000 00:00 0 
7fd67a005000-7fd67c000000 ---p 00000000 00:00 0 
7fd67e81f000-7fd67f820000 rw-p 00000000 00:00 0 
7fd680000000-7fd681008000 rw-p 00000000 00:00 0 
7fd681008000-7fd684000000 ---p 00000000 00:00 0 
7fd684495000-7fd684fd8000 rw-p 00000000 00:00 0 
7fd685749000-7fd68674a000 rw-p 00000000 00:00 0 
7fd686fff000-7fd688000000 rw-p 00000000 00:00 0 
7fd688000000-7fd68b027000 rw-p 00000000 00:00 0 
7fd68b027000-7fd68c000000 ---p 00000000 00:00 0 
7fd68c000000-7fd68c0f0000 rw-p 00000000 00:00 0 
7fd68c0f0000-7fd690000000 ---p 00000000 00:00 0 
7fd690000000-7fd691006000 rw-p 00000000 00:00 0 
7fd691006000-7fd694000000 ---p 00000000 00:00 0 
7fd694000000-7fd69412c000 rw-p 00000000 00:00 0 
7fd69412c000-7fd698000000 ---p 00000000 00:00 0 
7fd698000000-7fd69a005000 rw-p 00000000 00:00 0 
7fd69a005000-7fd69c000000 ---p 00000000 00:00 0 
7fd69c000000-7fd69c021000 rw-p 00000000 00:00 0 
7fd69c021000-7fd6a0000000 ---p 00000000 00:00 0 
7fd6a0000000-7fd6a0078000 rw-p 00000000 00:00 0 
7fd6a0078000-7fd6a4000000 ---p 00000000 00:00 0 
7fd6a4000000-7fd6a4021000 rw-p 00000000 00:00 0 
7fd6a4021000-7fd6a8000000 ---p 00000000 00:00 0 
7fd6a8000000-7fd6a8021000 rw-p 00000000 00:00 0 
7fd6a8021000-7fd6ac000000 ---p 00000000 00:00 0 
7fd6ac000000-7fd6ac021000 rw-p 00000000 00:00 0 
7fd6ac021000-7fd6b0000000 ---p 00000000 00:00 0 
7fd6b0000000-7fd6b148b000 rw-p 00000000 00:00 0 
7fd6b148b000-7fd6b4000000 ---p 00000000 00:00 0 
7fd6b4000000-7fd6b4415000 rw-p 00000000 00:00 0 
7fd6b4415000-7fd6b8000000 ---p 00000000 00:00 0 
7fd6b8000000-7fd6b8021000 rw-p 00000000 00:00 0 
7fd6b8021000-7fd6bc000000 ---p 00000000 00:00 0 
7fd6bc000000-7fd6bd2d2000 rw-p 00000000 00:00 0 
7fd6bd2d2000-7fd6c0000000 ---p 00000000 00:00 0 
7fd6c0000000-7fd6c0021000 rw-p 00000000 00:00 0 
7fd6c0021000-7fd6c4000000 ---p 00000000 00:00 0 
7fd6c4000000-7fd6c4021000 rw-p 00000000 00:00 0 
7fd6c4021000-7fd6c8000000 ---p 00000000 00:00 0 
7fd6c8000000-7fd6c8021000 rw-p 00000000 00:00 0 
7fd6c8021000-7fd6cc000000 ---p 00000000 00:00 0 
7fd6cc5f5000-7fd6cc5f8000 ---p 00000000 00:00 0 
7fd6cc5f8000-7fd6cc6f6000 rw-p 00000000 00:00 0 
7fd6cc6f6000-7fd6cc6f9000 ---p 00000000 00:00 0 
7fd6cc6f9000-7fd6cc7f7000 rw-p 00000000 00:00 0 
7fd6cc7f7000-7fd6cc7fa000 ---p 00000000 00:00 0 
7fd6cc7fa000-7fd6cd8f9000 rw-p 00000000 00:00 0 
7fd6cd8f9000-7fd6cd8fc000 ---p 00000000 00:00 0 
7fd6cd8fc000-7fd6ce9fb000 rw-p 00000000 00:00 0 
7fd6ce9fb000-7fd6ce9fe000 ---p 00000000 00:00 0 
7fd6ce9fe000-7fd6ceafc000 rw-p 00000000 00:00 0 
7fd6ceafc000-7fd6ceaff000 ---p 00000000 00:00 0 
7fd6ceaff000-7fd6cfbfe000 rw-p 00000000 00:00 0 
7fd6cfbfe000-7fd6cfc01000 ---p 00000000 00:00 0 
7fd6cfc01000-7fd6cfdbf000 rw-p 00000000 00:00 0 
7fd6cfdbf000-7fd6cfeff000 ---p 00000000 00:00 0 
7fd6cfeff000-7fd6cff02000 ---p 00000000 00:00 0 
7fd6cff02000-7fd6d0000000 rw-p 00000000 00:00 0 
7fd6d0000000-7fd6d004b000 rw-p 00000000 00:00 0 
7fd6d004b000-7fd6d4000000 ---p 00000000 00:00 0 
7fd6d4000000-7fd6d417f000 rw-p 00000000 00:00 0 
7fd6d417f000-7fd6d8000000 ---p 00000000 00:00 0 
7fd6d8027000-7fd6d8030000 r-xp 00000000 08:08 2507916                    /usr/lib/jdk1.8.0_131/jre/lib/amd64/libmanagement.so
7fd6d8030000-7fd6d822f000 ---p 00009000 08:08 2507916                    /usr/lib/jdk1.8.0_131/jre/lib/amd64/libmanagement.so
7fd6d822f000-7fd6d8230000 rw-p 00008000 08:08 2507916                    /usr/lib/jdk1.8.0_131/jre/lib/amd64/libmanagement.so
7fd6d8230000-7fd6dc000000 rw-p 00000000 00:00 0 
7fd6dc000000-7fd6dc199000 rw-p 00000000 00:00 0 
7fd6dc199000-7fd6e0000000 ---p 00000000 00:00 0 
7fd6e0000000-7fd6e00e8000 rw-p 00000000 00:00 0 
7fd6e00e8000-7fd6e4000000 ---p 00000000 00:00 0 
7fd6e4000000-7fd6e4138000 rw-p 00000000 00:00 0 
7fd6e4138000-7fd6e8000000 ---p 00000000 00:00 0 
7fd6e8095000-7fd6e8098000 ---p 00000000 00:00 0 
7fd6e8098000-7fd6e8396000 rw-p 00000000 00:00 0 
7fd6e8396000-7fd6e83a7000 r-xp 00000000 08:08 2507911                    /usr/lib/jdk1.8.0_131/jre/lib/amd64/libnio.so
7fd6e83a7000-7fd6e85a6000 ---p 00011000 08:08 2507911                    /usr/lib/jdk1.8.0_131/jre/lib/amd64/libnio.so
7fd6e85a6000-7fd6e85a7000 rw-p 00010000 08:08 2507911                    /usr/lib/jdk1.8.0_131/jre/lib/amd64/libnio.so
7fd6e85a7000-7fd6e85ac000 r--s 0009a000 08:08 2507855                    /usr/lib/jdk1.8.0_131/jre/lib/jsse.jar
7fd6e85ac000-7fd6e85af000 ---p 00000000 00:00 0 
7fd6e85af000-7fd6e86ad000 rw-p 00000000 00:00 0 
7fd6e86ad000-7fd6e86b7000 r--s 00116000 08:08 2508061                    /usr/lib/jdk1.8.0_131/jre/lib/ext/localedata.jar
7fd6e86b7000-7fd6e86be000 r--s 00000000 08:08 2759455                    /usr/lib/x86_64-linux-gnu/gconv/gconv-modules.cache
7fd6e86be000-7fd6e86df000 r--p 00000000 08:08 3280382                    /usr/share/locale-langpack/zh_CN/LC_MESSAGES/libc.mo
7fd6e86df000-7fd6e86e9000 r--s 0005d000 08:08 2369933                    /home/fbhw/.m2/repository/ch/qos/logback/logback-core/1.0.13/logback-core-1.0.13.jar
7fd6e86e9000-7fd6e86ef000 r--s 0003b000 08:08 2375036                    /home/fbhw/.m2/repository/ch/qos/logback/logback-classic/1.0.13/logback-classic-1.0.13.jar
7fd6e86ef000-7fd6e871d000 r--s 00263000 08:08 2361338                    /home/fbhw/.m2/repository/io/netty/netty-all/5.0.0.Alpha2/netty-all-5.0.0.Alpha2.jar
7fd6e871d000-7fd6e8731000 r--s 000dc000 08:08 2375283                    /home/fbhw/.m2/repository/org/assertj/assertj-core/2.6.0/assertj-core-2.6.0.jar
7fd6e8731000-7fd6e8739000 r--s 00045000 08:08 1846761                    /home/fbhw/.m2/repository/junit/junit/4.12/junit-4.12.jar
7fd6e8739000-7fd6e8748000 r--s 00130000 08:08 1846953                    /home/fbhw/.m2/repository/com/google/protobuf/protobuf-java/3.0.0/protobuf-java-3.0.0.jar
7fd6e8748000-7fd6e875b000 r--s 00345000 08:08 2507854                    /usr/lib/jdk1.8.0_131/jre/lib/resources.jar
7fd6e875b000-7fd6e876d000 r--s 000d6000 08:08 2507835                    /usr/lib/jdk1.8.0_131/jre/lib/plugin.jar
7fd6e876d000-7fd6e8788000 r--s 0020b000 08:08 2507822                    /usr/lib/jdk1.8.0_131/jre/lib/deploy.jar
7fd6e8788000-7fd6e8789000 ---p 00000000 00:00 0 
7fd6e8789000-7fd6e8889000 rw-p 00000000 00:00 0 
7fd6e8889000-7fd6e888c000 ---p 00000000 00:00 0 
7fd6e888c000-7fd6e898a000 rw-p 00000000 00:00 0 
7fd6e898a000-7fd6e898d000 ---p 00000000 00:00 0 
7fd6e898d000-7fd6e8d8c000 rw-p 00000000 00:00 0 
7fd6e8d8c000-7fd6e8da2000 r-xp 00000000 08:08 2507908                    /usr/lib/jdk1.8.0_131/jre/lib/amd64/libnet.so
7fd6e8da2000-7fd6e8fa2000 ---p 00016000 08:08 2507908                    /usr/lib/jdk1.8.0_131/jre/lib/amd64/libnet.so
7fd6e8fa2000-7fd6e8fa3000 rw-p 00016000 08:08 2507908                    /usr/lib/jdk1.8.0_131/jre/lib/amd64/libnet.so
7fd6e8fa3000-7fd6e8fa6000 ---p 00000000 00:00 0 
7fd6e8fa6000-7fd6e90a4000 rw-p 00000000 00:00 0 
7fd6e90a4000-7fd6e90a7000 ---p 00000000 00:00 0 
7fd6e90a7000-7fd6e91a5000 rw-p 00000000 00:00 0 
7fd6e91a5000-7fd6e91a8000 ---p 00000000 00:00 0 
7fd6e91a8000-7fd6e92a6000 rw-p 00000000 00:00 0 
7fd6e92a6000-7fd6e92a9000 ---p 00000000 00:00 0 
7fd6e92a9000-7fd6e93a7000 rw-p 00000000 00:00 0 
7fd6e93a7000-7fd6e9832000 r--p 00000000 08:08 2491892                    /usr/lib/locale/locale-archive
7fd6e9832000-7fd6e9835000 ---p 00000000 00:00 0 
7fd6e9835000-7fd6e9933000 rw-p 00000000 00:00 0 
7fd6e9933000-7fd6e9936000 ---p 00000000 00:00 0 
7fd6e9936000-7fd6e9a34000 rw-p 00000000 00:00 0 
7fd6e9a34000-7fd6e9a35000 ---p 00000000 00:00 0 
7fd6e9a35000-7fd6eaa44000 rw-p 00000000 00:00 0 
7fd6eaa44000-7fd6eac1d000 r--s 03d40000 08:08 2507850                    /usr/lib/jdk1.8.0_131/jre/lib/rt.jar
7fd6eac1d000-7fd6eb870000 rw-p 00000000 00:00 0 
7fd6eb870000-7fd6eb871000 ---p 00000000 00:00 0 
7fd6eb871000-7fd6eb971000 rw-p 00000000 00:00 0 
7fd6eb971000-7fd6eb972000 ---p 00000000 00:00 0 
7fd6eb972000-7fd6eba72000 rw-p 00000000 00:00 0 
7fd6eba72000-7fd6eba73000 ---p 00000000 00:00 0 
7fd6eba73000-7fd6ebe07000 rw-p 00000000 00:00 0 
7fd6ebe07000-7fd6ec09a000 rw-p 00000000 00:00 0 
7fd6ec09a000-7fd6ec1e3000 rw-p 00000000 00:00 0 
7fd6ec1e3000-7fd6ec1e4000 ---p 00000000 00:00 0 
7fd6ec1e4000-7fd6ec200000 rw-p 00000000 00:00 0 
7fd6ec200000-7fd6ec5a5000 ---p 00000000 00:00 0 
7fd6ec5a5000-7fd6ecc35000 rwxp 00000000 00:00 0 
7fd6ecc35000-7fd6fb5a5000 ---p 00000000 00:00 0 
7fd6fb5a5000-7fd6fb5bf000 r-xp 00000000 08:08 2507904                    /usr/lib/jdk1.8.0_131/jre/lib/amd64/libzip.so
7fd6fb5bf000-7fd6fb7bf000 ---p 0001a000 08:08 2507904                    /usr/lib/jdk1.8.0_131/jre/lib/amd64/libzip.so
7fd6fb7bf000-7fd6fb7c0000 rw-p 0001a000 08:08 2507904                    /usr/lib/jdk1.8.0_131/jre/lib/amd64/libzip.so
7fd6fb7c0000-7fd6fb7cb000 r-xp 00000000 08:08 655443                     /lib/x86_64-linux-gnu/libnss_files-2.23.so
7fd6fb7cb000-7fd6fb9ca000 ---p 0000b000 08:08 655443                     /lib/x86_64-linux-gnu/libnss_files-2.23.so
7fd6fb9ca000-7fd6fb9cb000 r--p 0000a000 08:08 655443                     /lib/x86_64-linux-gnu/libnss_files-2.23.so
7fd6fb9cb000-7fd6fb9cc000 rw-p 0000b000 08:08 655443                     /lib/x86_64-linux-gnu/libnss_files-2.23.so
7fd6fb9cc000-7fd6fb9d2000 rw-p 00000000 00:00 0 
7fd6fb9d2000-7fd6fb9dd000 r-xp 00000000 08:08 655446                     /lib/x86_64-linux-gnu/libnss_nis-2.23.so
7fd6fb9dd000-7fd6fbbdc000 ---p 0000b000 08:08 655446                     /lib/x86_64-linux-gnu/libnss_nis-2.23.so
7fd6fbbdc000-7fd6fbbdd000 r--p 0000a000 08:08 655446                     /lib/x86_64-linux-gnu/libnss_nis-2.23.so
7fd6fbbdd000-7fd6fbbde000 rw-p 0000b000 08:08 655446                     /lib/x86_64-linux-gnu/libnss_nis-2.23.so
7fd6fbbde000-7fd6fbbf4000 r-xp 00000000 08:08 655365                     /lib/x86_64-linux-gnu/libnsl-2.23.so
7fd6fbbf4000-7fd6fbdf3000 ---p 00016000 08:08 655365                     /lib/x86_64-linux-gnu/libnsl-2.23.so
7fd6fbdf3000-7fd6fbdf4000 r--p 00015000 08:08 655365                     /lib/x86_64-linux-gnu/libnsl-2.23.so
7fd6fbdf4000-7fd6fbdf5000 rw-p 00016000 08:08 655365                     /lib/x86_64-linux-gnu/libnsl-2.23.so
7fd6fbdf5000-7fd6fbdf7000 rw-p 00000000 00:00 0 
7fd6fbdf7000-7fd6fbdff000 r-xp 00000000 08:08 655452                     /lib/x86_64-linux-gnu/libnss_compat-2.23.so
7fd6fbdff000-7fd6fbffe000 ---p 00008000 08:08 655452                     /lib/x86_64-linux-gnu/libnss_compat-2.23.so
7fd6fbffe000-7fd6fbfff000 r--p 00007000 08:08 655452                     /lib/x86_64-linux-gnu/libnss_compat-2.23.so
7fd6fbfff000-7fd6fc000000 rw-p 00008000 08:08 655452                     /lib/x86_64-linux-gnu/libnss_compat-2.23.so
7fd6fc000000-7fd6fc794000 rw-p 00000000 00:00 0 
7fd6fc794000-7fd700000000 ---p 00000000 00:00 0 
7fd700000000-7fd700002000 r--s 00006000 08:08 1710023                    /home/fbhw/.m2/repository/org/slf4j/slf4j-api/1.7.7/slf4j-api-1.7.7.jar
7fd700002000-7fd700004000 r--s 00009000 08:08 1841014                    /home/fbhw/.m2/repository/org/hamcrest/hamcrest-core/1.3/hamcrest-core-1.3.jar
7fd700004000-7fd700006000 r--s 00003000 08:08 3583971                    /home/fbhw/下载/dysms_java/java/api_demo/alicom-dysms-api/libs/aliyun-java-sdk-dysmsapi-1.0.0.jar
7fd700006000-7fd700009000 r--s 00018000 08:08 3583970                    /home/fbhw/下载/dysms_java/java/api_demo/alicom-dysms-api/libs/aliyun-java-sdk-core-3.3.1.jar
7fd700009000-7fd70000a000 r--s 00000000 08:08 2507828                    /usr/lib/jdk1.8.0_131/jre/lib/management-agent.jar
7fd70000a000-7fd70000f000 r--s 0009a000 08:08 2507855                    /usr/lib/jdk1.8.0_131/jre/lib/jsse.jar
7fd70000f000-7fd700011000 r--s 00007000 08:08 2507932                    /usr/lib/jdk1.8.0_131/jre/lib/jfxswt.jar
7fd700011000-7fd700016000 r--s 00084000 08:08 2507821                    /usr/lib/jdk1.8.0_131/jre/lib/jfr.jar
7fd700016000-7fd700017000 ---p 00000000 00:00 0 
7fd700017000-7fd700117000 rw-p 00000000 00:00 0 
7fd700117000-7fd700121000 r-xp 00000000 08:08 2507913                    /usr/lib/jdk1.8.0_131/jre/lib/amd64/libinstrument.so
7fd700121000-7fd700320000 ---p 0000a000 08:08 2507913                    /usr/lib/jdk1.8.0_131/jre/lib/amd64/libinstrument.so
7fd700320000-7fd700321000 rw-p 00009000 08:08 2507913                    /usr/lib/jdk1.8.0_131/jre/lib/amd64/libinstrument.so
7fd700321000-7fd70034c000 r-xp 00000000 08:08 2507898                    /usr/lib/jdk1.8.0_131/jre/lib/amd64/libjava.so
7fd70034c000-7fd70054b000 ---p 0002b000 08:08 2507898                    /usr/lib/jdk1.8.0_131/jre/lib/amd64/libjava.so
7fd70054b000-7fd70054d000 rw-p 0002a000 08:08 2507898                    /usr/lib/jdk1.8.0_131/jre/lib/amd64/libjava.so
7fd70054d000-7fd70055a000 r-xp 00000000 08:08 2507903                    /usr/lib/jdk1.8.0_131/jre/lib/amd64/libverify.so
7fd70055a000-7fd700759000 ---p 0000d000 08:08 2507903                    /usr/lib/jdk1.8.0_131/jre/lib/amd64/libverify.so
7fd700759000-7fd70075b000 rw-p 0000c000 08:08 2507903                    /usr/lib/jdk1.8.0_131/jre/lib/amd64/libverify.so
7fd70075b000-7fd700762000 r-xp 00000000 08:08 655448                     /lib/x86_64-linux-gnu/librt-2.23.so
7fd700762000-7fd700961000 ---p 00007000 08:08 655448                     /lib/x86_64-linux-gnu/librt-2.23.so
7fd700961000-7fd700962000 r--p 00006000 08:08 655448                     /lib/x86_64-linux-gnu/librt-2.23.so
7fd700962000-7fd700963000 rw-p 00007000 08:08 655448                     /lib/x86_64-linux-gnu/librt-2.23.so
7fd700963000-7fd700a6b000 r-xp 00000000 08:08 655457                     /lib/x86_64-linux-gnu/libm-2.23.so
7fd700a6b000-7fd700c6a000 ---p 00108000 08:08 655457                     /lib/x86_64-linux-gnu/libm-2.23.so
7fd700c6a000-7fd700c6b000 r--p 00107000 08:08 655457                     /lib/x86_64-linux-gnu/libm-2.23.so
7fd700c6b000-7fd700c6c000 rw-p 00108000 08:08 655457                     /lib/x86_64-linux-gnu/libm-2.23.so
7fd700c6c000-7fd70193b000 r-xp 00000000 08:08 2507926                    /usr/lib/jdk1.8.0_131/jre/lib/amd64/server/libjvm.so
7fd70193b000-7fd701b3b000 ---p 00ccf000 08:08 2507926                    /usr/lib/jdk1.8.0_131/jre/lib/amd64/server/libjvm.so
7fd701b3b000-7fd701c14000 rw-p 00ccf000 08:08 2507926                    /usr/lib/jdk1.8.0_131/jre/lib/amd64/server/libjvm.so
7fd701c14000-7fd701c5f000 rw-p 00000000 00:00 0 
7fd701c5f000-7fd701e1f000 r-xp 00000000 08:08 660010                     /lib/x86_64-linux-gnu/libc-2.23.so
7fd701e1f000-7fd70201f000 ---p 001c0000 08:08 660010                     /lib/x86_64-linux-gnu/libc-2.23.so
7fd70201f000-7fd702023000 r--p 001c0000 08:08 660010                     /lib/x86_64-linux-gnu/libc-2.23.so
7fd702023000-7fd702025000 rw-p 001c4000 08:08 660010                     /lib/x86_64-linux-gnu/libc-2.23.so
7fd702025000-7fd702029000 rw-p 00000000 00:00 0 
7fd702029000-7fd70202c000 r-xp 00000000 08:08 655451                     /lib/x86_64-linux-gnu/libdl-2.23.so
7fd70202c000-7fd70222b000 ---p 00003000 08:08 655451                     /lib/x86_64-linux-gnu/libdl-2.23.so
7fd70222b000-7fd70222c000 r--p 00002000 08:08 655451                     /lib/x86_64-linux-gnu/libdl-2.23.so
7fd70222c000-7fd70222d000 rw-p 00003000 08:08 655451                     /lib/x86_64-linux-gnu/libdl-2.23.so
7fd70222d000-7fd702242000 r-xp 00000000 08:08 2509527                    /usr/lib/jdk1.8.0_131/lib/amd64/jli/libjli.so
7fd702242000-7fd702442000 ---p 00015000 08:08 2509527                    /usr/lib/jdk1.8.0_131/lib/amd64/jli/libjli.so
7fd702442000-7fd702443000 rw-p 00015000 08:08 2509527                    /usr/lib/jdk1.8.0_131/lib/amd64/jli/libjli.so
7fd702443000-7fd70245b000 r-xp 00000000 08:08 655445                     /lib/x86_64-linux-gnu/libpthread-2.23.so
7fd70245b000-7fd70265a000 ---p 00018000 08:08 655445                     /lib/x86_64-linux-gnu/libpthread-2.23.so
7fd70265a000-7fd70265b000 r--p 00017000 08:08 655445                     /lib/x86_64-linux-gnu/libpthread-2.23.so
7fd70265b000-7fd70265c000 rw-p 00018000 08:08 655445                     /lib/x86_64-linux-gnu/libpthread-2.23.so
7fd70265c000-7fd702660000 rw-p 00000000 00:00 0 
7fd702660000-7fd702686000 r-xp 00000000 08:08 655374                     /lib/x86_64-linux-gnu/ld-2.23.so
7fd702686000-7fd702690000 r--s 0006c000 08:08 2507831                    /usr/lib/jdk1.8.0_131/jre/lib/javaws.jar
7fd702690000-7fd702695000 r--s 002f9000 08:08 2507848                    /usr/lib/jdk1.8.0_131/jre/lib/charsets.jar
7fd702695000-7fd702766000 rw-p 00000000 00:00 0 
7fd702766000-7fd702769000 ---p 00000000 00:00 0 
7fd702769000-7fd70286b000 rw-p 00000000 00:00 0 
7fd70286b000-7fd70286e000 r--s 0001a000 08:08 2507930                    /usr/lib/jdk1.8.0_131/jre/lib/jce.jar
7fd70286e000-7fd702870000 r--s 00020000 08:08 1836381                    /home/fbhw/下载/idea-IC-171.4694.23/plugins/junit/lib/junit-rt.jar
7fd702870000-7fd702872000 r--s 0001a000 08:08 806622                     /home/fbhw/下载/idea-IC-171.4694.23/lib/idea_rt.jar
7fd702872000-7fd702879000 r--s 000a7000 08:08 2491572                    /usr/lib/jdk1.8.0_131/jre/lib/ext/mysql-connector-java-5.1.7-bin.jar
7fd702879000-7fd702881000 rw-s 00000000 08:08 3162112                    /tmp/hsperfdata_fbhw/13337
7fd702881000-7fd702882000 rw-p 00000000 00:00 0 
7fd702882000-7fd702883000 r--p 00000000 00:00 0 
7fd702883000-7fd702885000 rw-p 00000000 00:00 0 
7fd702885000-7fd702886000 r--p 00025000 08:08 655374                     /lib/x86_64-linux-gnu/ld-2.23.so
7fd702886000-7fd702887000 rw-p 00026000 08:08 655374                     /lib/x86_64-linux-gnu/ld-2.23.so
7fd702887000-7fd702888000 rw-p 00000000 00:00 0 
7ffd75f23000-7ffd75f45000 rw-p 00000000 00:00 0                          [stack]
7ffd75f47000-7ffd75f49000 r--p 00000000 00:00 0                          [vvar]
7ffd75f49000-7ffd75f4b000 r-xp 00000000 00:00 0                          [vdso]
ffffffffff600000-ffffffffff601000 r-xp 00000000 00:00 0                  [vsyscall]

VM Arguments:
jvm_args: -ea -Didea.test.cyclic.buffer.size=1048576 -javaagent:/home/fbhw/下载/idea-IC-171.4694.23/lib/idea_rt.jar=44384:/home/fbhw/下载/idea-IC-171.4694.23/bin -Dfile.encoding=UTF-8 
java_command: com.intellij.rt.execution.junit.JUnitStarter -ideVersion5 io.openmessaging.client.producer.AbstractProducerTest
java_class_path (initial): /home/fbhw/下载/idea-IC-171.4694.23/lib/idea_rt.jar:/home/fbhw/下载/idea-IC-171.4694.23/plugins/junit/lib/junit-rt.jar:/usr/lib/jdk1.8.0_131/jre/lib/charsets.jar:/usr/lib/jdk1.8.0_131/jre/lib/deploy.jar:/usr/lib/jdk1.8.0_131/jre/lib/ext/cldrdata.jar:/usr/lib/jdk1.8.0_131/jre/lib/ext/dnsns.jar:/usr/lib/jdk1.8.0_131/jre/lib/ext/jaccess.jar:/usr/lib/jdk1.8.0_131/jre/lib/ext/jfxrt.jar:/usr/lib/jdk1.8.0_131/jre/lib/ext/localedata.jar:/usr/lib/jdk1.8.0_131/jre/lib/ext/nashorn.jar:/usr/lib/jdk1.8.0_131/jre/lib/ext/sunec.jar:/usr/lib/jdk1.8.0_131/jre/lib/ext/sunjce_provider.jar:/usr/lib/jdk1.8.0_131/jre/lib/ext/sunpkcs11.jar:/usr/lib/jdk1.8.0_131/jre/lib/ext/zipfs.jar:/usr/lib/jdk1.8.0_131/jre/lib/javaws.jar:/usr/lib/jdk1.8.0_131/jre/lib/jce.jar:/usr/lib/jdk1.8.0_131/jre/lib/jfr.jar:/usr/lib/jdk1.8.0_131/jre/lib/jfxswt.jar:/usr/lib/jdk1.8.0_131/jre/lib/jsse.jar:/usr/lib/jdk1.8.0_131/jre/lib/management-agent.jar:/usr/lib/jdk1.8.0_131/jre/lib/plugin.jar:/usr/lib/jdk1.8.0_131/jre/lib/resources.jar:/usr/lib/jdk1.8.0_131/jre/lib/rt.jar:/home/fbhw/javaworkpath/boltmq/client/target/test-classes:/home/fbhw/javaworkpath/boltmq/client/target/classes:/home/fbhw/下载/dysms_java/java/api_demo/alicom-dysms-api/libs/aliyun-java-sdk-core-3.3.1.jar:/home/fbhw/下载/dysms_java/java/api_demo/alicom-dysms-api/libs/aliyun-java-sdk-dysmsapi-1.0.0.jar:/home/fbhw/.m2/repository/com/google/protobuf/protobuf-java/3.0.0/protobuf-java-3.0.0.jar:/home/fbhw/.m2/repository/junit/junit/4.12/junit-4.12.jar:/home/fbhw/.m2/repository/org/hamcrest/hamcrest-core/1.3/hamcrest-core-1.3.jar:/home/fbhw/.m2/repository/org/assertj/assertj-core/2.6.0/assertj-core-2.6.0.jar:/home/fbhw/.m2/repository/io/netty/netty-all/5.0.0.Alpha2/netty-all-5.0.0.Alpha2.jar:/home/fbhw/.m2/repository/org/slf4j/slf4j-api/1.7.7/slf4j-api-1.7.7.jar:/home/fbhw/.m2/repository/ch/qos/logback/logback-classic/1.0.13/logback-classic-1.0.13.jar:/home/fbhw/.m2/repository/ch/qos/logback/logback-core/1.0.13/logba
Launcher Type: SUN_STANDARD

Environment Variables:
JAVA_HOME=/usr/lib/jdk1.8.0_131
CLASSPATH=../lib/bootstrap.jar:../lib/extensions.jar:../lib/util.jar:../lib/jdom.jar:../lib/log4j.jar:../lib/trove4j.jar:../lib/jna.jar:../jre64/lib/tools.jar
PATH=/usr/lib/jdk1.8.0_131/bin:/usr/lib/jdk1.8.0_131/jre/bin:/usr/local/sbin:/usr/local/bin:/usr/sbin:/usr/bin:/sbin:/bin:/usr/games:/usr/local/games:/snap/bin:/usr/local/go/bin/:/usr/local/go/pkg/tool/
LD_LIBRARY_PATH=.:
SHELL=/bin/bash
DISPLAY=:0

Signal Handlers:
SIGSEGV: [libjvm.so+0xac8af0], sa_mask[0]=11111111011111111101111111111110, sa_flags=SA_RESTART|SA_SIGINFO
SIGBUS: [libjvm.so+0xac8af0], sa_mask[0]=11111111011111111101111111111110, sa_flags=SA_RESTART|SA_SIGINFO
SIGFPE: [libjvm.so+0x921dd0], sa_mask[0]=11111111011111111101111111111110, sa_flags=SA_RESTART|SA_SIGINFO
SIGPIPE: [libjvm.so+0x921dd0], sa_mask[0]=11111111011111111101111111111110, sa_flags=SA_RESTART|SA_SIGINFO
SIGXFSZ: [libjvm.so+0x921dd0], sa_mask[0]=11111111011111111101111111111110, sa_flags=SA_RESTART|SA_SIGINFO
SIGILL: [libjvm.so+0x921dd0], sa_mask[0]=11111111011111111101111111111110, sa_flags=SA_RESTART|SA_SIGINFO
SIGUSR1: SIG_DFL, sa_mask[0]=00000000000000000000000000000000, sa_flags=none
SIGUSR2: [libjvm.so+0x923610], sa_mask[0]=00100000000000000000000000000000, sa_flags=SA_RESTART|SA_SIGINFO
SIGHUP: [libjvm.so+0x924a10], sa_mask[0]=11111111011111111101111111111110, sa_flags=SA_RESTART|SA_SIGINFO
SIGINT: [libjvm.so+0x924a10], sa_mask[0]=11111111011111111101111111111110, sa_flags=SA_RESTART|SA_SIGINFO
SIGTERM: [libjvm.so+0x924a10], sa_mask[0]=11111111011111111101111111111110, sa_flags=SA_RESTART|SA_SIGINFO
SIGQUIT: [libjvm.so+0x924a10], sa_mask[0]=11111111011111111101111111111110, sa_flags=SA_RESTART|SA_SIGINFO


---------------  S Y S T E M  ---------------

OS:DISTRIB_ID=Ubuntu
DISTRIB_RELEASE=16.04
DISTRIB_CODENAME=xenial
DISTRIB_DESCRIPTION="Ubuntu 16.04 LTS"

uname:Linux 4.4.0-103-generic #126-Ubuntu SMP Mon Dec 4 16:23:28 UTC 2017 x86_64
libc:glibc 2.23 NPTL 2.23 
rlimit: STACK 8192k, CORE 0k, NPROC 31206, NOFILE 65536, AS infinity
load average:3.72 1.91 1.45

/proc/meminfo:
MemTotal:        8096364 kB
MemFree:          674556 kB
MemAvailable:     918628 kB
Buffers:           17188 kB
Cached:           611856 kB
SwapCached:        77140 kB
Active:          5872540 kB
Inactive:        1296468 kB
Active(anon):    5526812 kB
Inactive(anon):  1203276 kB
Active(file):     345728 kB
Inactive(file):    93192 kB
Unevictable:          16 kB
Mlocked:              16 kB
SwapTotal:       8309756 kB
SwapFree:        7683472 kB
Dirty:               184 kB
Writeback:             0 kB
AnonPages:       6472332 kB
Mapped:           227816 kB
Shmem:            189848 kB
Slab:              96216 kB
SReclaimable:      55264 kB
SUnreclaim:        40952 kB
KernelStack:       13024 kB
PageTables:        50500 kB
NFS_Unstable:          0 kB
Bounce:                0 kB
WritebackTmp:          0 kB
CommitLimit:    12357936 kB
Committed_AS:   11898940 kB
VmallocTotal:   34359738367 kB
VmallocUsed:           0 kB
VmallocChunk:          0 kB
HardwareCorrupted:     0 kB
AnonHugePages:   4966400 kB
CmaTotal:              0 kB
CmaFree:               0 kB
HugePages_Total:       0
HugePages_Free:        0
HugePages_Rsvd:        0
HugePages_Surp:        0
Hugepagesize:       2048 kB
DirectMap4k:      167596 kB
DirectMap2M:     6045696 kB
DirectMap1G:     3145728 kB


CPU:total 4 (initial active 4) (2 cores per cpu, 2 threads per core) family 6 model 69 stepping 1, cmov, cx8, fxsr, mmx, sse, sse2, sse3, ssse3, sse4.1, sse4.2, popcnt, avx, avx2, aes, clmul, erms, lzcnt, ht, tsc, tscinvbit, bmi1, bmi2

/proc/cpuinfo:
processor	: 0
vendor_id	: GenuineIntel
cpu family	: 6
model		: 69
model name	: Intel(R) Core(TM) i5-4210U CPU @ 1.70GHz
stepping	: 1
microcode	: 0x1c
cpu MHz		: 2399.906
cache size	: 3072 KB
physical id	: 0
siblings	: 4
core id		: 0
cpu cores	: 2
apicid		: 0
initial apicid	: 0
fpu		: yes
fpu_exception	: yes
cpuid level	: 13
wp		: yes
flags		: fpu vme de pse tsc msr pae mce cx8 apic sep mtrr pge mca cmov pat pse36 clflush dts acpi mmx fxsr sse sse2 ss ht tm pbe syscall nx pdpe1gb rdtscp lm constant_tsc arch_perfmon pebs bts rep_good nopl xtopology nonstop_tsc aperfmperf eagerfpu pni pclmulqdq dtes64 monitor ds_cpl vmx est tm2 ssse3 sdbg fma cx16 xtpr pdcm pcid sse4_1 sse4_2 movbe popcnt tsc_deadline_timer aes xsave avx f16c rdrand lahf_lm abm epb tpr_shadow vnmi flexpriority ept vpid fsgsbase tsc_adjust bmi1 avx2 smep bmi2 erms invpcid xsaveopt dtherm ida arat pln pts
bugs		:
bogomips	: 4789.06
clflush size	: 64
cache_alignment	: 64
address sizes	: 39 bits physical, 48 bits virtual
power management:

processor	: 1
vendor_id	: GenuineIntel
cpu family	: 6
model		: 69
model name	: Intel(R) Core(TM) i5-4210U CPU @ 1.70GHz
stepping	: 1
microcode	: 0x1c
cpu MHz		: 2400.093
cache size	: 3072 KB
physical id	: 0
siblings	: 4
core id		: 0
cpu cores	: 2
apicid		: 1
initial apicid	: 1
fpu		: yes
fpu_exception	: yes
cpuid level	: 13
wp		: yes
flags		: fpu vme de pse tsc msr pae mce cx8 apic sep mtrr pge mca cmov pat pse36 clflush dts acpi mmx fxsr sse sse2 ss ht tm pbe syscall nx pdpe1gb rdtscp lm constant_tsc arch_perfmon pebs bts rep_good nopl xtopology nonstop_tsc aperfmperf eagerfpu pni pclmulqdq dtes64 monitor ds_cpl vmx est tm2 ssse3 sdbg fma cx16 xtpr pdcm pcid sse4_1 sse4_2 movbe popcnt tsc_deadline_timer aes xsave avx f16c rdrand lahf_lm abm epb tpr_shadow vnmi flexpriority ept vpid fsgsbase tsc_adjust bmi1 avx2 smep bmi2 erms invpcid xsaveopt dtherm ida arat pln pts
bugs		:
bogomips	: 4789.06
clflush size	: 64
cache_alignment	: 64
address sizes	: 39 bits physical, 48 bits virtual
power management:

processor	: 2
vendor_id	: GenuineIntel
cpu family	: 6
model		: 69
model name	: Intel(R) Core(TM) i5-4210U CPU @ 1.70GHz
stepping	: 1
microcode	: 0x1c
cpu MHz		: 2659.312
cache size	: 3072 KB
physical id	: 0
siblings	: 4
core id		: 1
cpu cores	: 2
apicid		: 2
initial apicid	: 2
fpu		: yes
fpu_exception	: yes
cpuid level	: 13
wp		: yes
flags		: fpu vme de pse tsc msr pae mce cx8 apic sep mtrr pge mca cmov pat pse36 clflush dts acpi mmx fxsr sse sse2 ss ht tm pbe syscall nx pdpe1gb rdtscp lm constant_tsc arch_perfmon pebs bts rep_good nopl xtopology nonstop_tsc aperfmperf eagerfpu pni pclmulqdq dtes64 monitor ds_cpl vmx est tm2 ssse3 sdbg fma cx16 xtpr pdcm pcid sse4_1 sse4_2 movbe popcnt tsc_deadline_timer aes xsave avx f16c rdrand lahf_lm abm epb tpr_shadow vnmi flexpriority ept vpid fsgsbase tsc_adjust bmi1 avx2 smep bmi2 erms invpcid xsaveopt dtherm ida arat pln pts
bugs		:
bogomips	: 4789.06
clflush size	: 64
cache_alignment	: 64
address sizes	: 39 bits physical, 48 bits virtual
power management:

processor	: 3
vendor_id	: GenuineIntel
cpu family	: 6
model		: 69
model name	: Intel(R) Core(TM) i5-4210U CPU @ 1.70GHz
stepping	: 1
microcode	: 0x1c
cpu MHz		: 2400.000
cache size	: 3072 KB
physical id	: 0
siblings	: 4
core id		: 1
cpu cores	: 2
apicid		: 3
initial apicid	: 3
fpu		: yes
fpu_exception	: yes
cpuid level	: 13
wp		: yes
flags		: fpu vme de pse tsc msr pae mce cx8 apic sep mtrr pge mca cmov pat pse36 clflush dts acpi mmx fxsr sse sse2 ss ht tm pbe syscall nx pdpe1gb rdtscp lm constant_tsc arch_perfmon pebs bts rep_good nopl xtopology nonstop_tsc aperfmperf eagerfpu pni pclmulqdq dtes64 monitor ds_cpl vmx est tm2 ssse3 sdbg fma cx16 xtpr pdcm pcid sse4_1 sse4_2 movbe popcnt tsc_deadline_timer aes xsave avx f16c rdrand lahf_lm abm epb tpr_shadow vnmi flexpriority ept vpid fsgsbase tsc_adjust bmi1 avx2 smep bmi2 erms invpcid xsaveopt dtherm ida arat pln pts
bugs		:
bogomips	: 4789.06
clflush size	: 64
cache_alignment	: 64
address sizes	: 39 bits physical, 48 bits virtual
power management:



Memory: 4k page, physical 8096364k(674556k free), swap 8309756k(7683472k free)

vm_info: Java HotSpot(TM) 64-Bit Server VM (25.131-b11) for linux-amd64 JRE (1.8.0_131-b11), built on Mar 15 2017 01:23:40 by "java_re" with gcc 4.3.0 20080428 (Red Hat 4.3.0-8)

time: Tue Dec 19 16:32:14 2017
elapsed time: 230 seconds (0d 0h 3m 50s)

