#
# A fatal error has been detected by the Java Runtime Environment:
#
#  SIGSEGV (0xb) at pc=0x00007f9435587817, pid=2537, tid=0x00007f940dac4700
#
# JRE version: Java(TM) SE Runtime Environment (8.0_131-b11) (build 1.8.0_131-b11)
# Java VM: Java HotSpot(TM) 64-Bit Server VM (25.131-b11 mixed mode linux-amd64 compressed oops)
# Problematic frame:
# J 1606 C2 sun.nio.ch.IOUtil.write(Ljava/io/FileDescriptor;[Ljava/nio/ByteBuffer;IILsun/nio/ch/NativeDispatcher;)J (509 bytes) @ 0x00007f9435587817 [0x00007f94355872e0+0x537]
#
# Failed to write core dump. Core dumps have been disabled. To enable core dumping, try "ulimit -c unlimited" before starting Java again
#
# If you would like to submit a bug report, please visit:
#   http://bugreport.java.com/bugreport/crash.jsp
#

---------------  T H R E A D  ---------------

Current thread (0x00007f93f002a000):  JavaThread "nioEventLoopGroup-0-3" daemon [_thread_in_Java, id=2585, stack(0x00007f940d9c4000,0x00007f940dac5000)]

siginfo: si_signo: 11 (SIGSEGV), si_code: 1 (SEGV_MAPERR), si_addr: 0x00007f93a3ed2010

Registers:
RAX=0x0000000000400000, RBX=0x000000000082ef60, RCX=0x00007f93c4ceff70, RDX=0x0000000000000000
RSP=0x00007f940dac3100, RBP=0x00000000000274c7, RSI=0x00000000000001d8, RDI=0x00007f9449a14000
R8 =0x0000000000000051, R9 =0x0000000020007e0e, R10=0x00007f93a3ed2010, R11=0x00000000c912f508
R12=0x0000000000000000, R13=0x00000000e08872a0, R14=0x00000000d42230a8, R15=0x00007f93f002a000
RIP=0x00007f9435587817, EFLAGS=0x0000000000010202, CSGSFS=0x0000000000000033, ERR=0x0000000000000006
  TRAPNO=0x000000000000000e

Top of Stack: (sp=0x00007f940dac3100)
0x00007f940dac3100:   00000000c912f508 00007f9400000000
0x00007f940dac3110:   00007f9435007a90 00000000850e15b0
0x00007f940dac3120:   00007f940dac3170 00007f943538696c
0x00007f940dac3130:   00007f940dac3178 00007f940f2ede88
0x00007f940dac3140:   00007f940ecfed20 00007f94493aa0a0
0x00007f940dac3150:   0000000084dcfed8 0000000084e8b0c8
0x00007f940dac3160:   0000000084dfdc20 00007f94355fef5c
0x00007f940dac3170:   00000000850839d8 00007f94355ff76c
0x00007f940dac3180:   00007f93f002a000 00007f944cb61a50
0x00007f940dac3190:   00007f93f002a000 0000000000000000
0x00007f940dac31a0:   00007f940dac31f0 0000005100eb22a0
0x00007f940dac31b0:   00000000d8f52090 00000000a23f0a40
0x00007f940dac31c0:   00007f93f002a000 00007f943510bb99
0x00007f940dac31d0:   0000000000e41860 0000000084dcfe68
0x00007f940dac31e0:   00000000c912f508 000274c700000000
0x00007f940dac31f0:   0000000084dcfef8 00007f943506fb85
0x00007f940dac3200:   00000000ffffffff 000000008491e480
0x00007f940dac3210:   00007f940dac4700 0000000000000000
0x00007f940dac3220:   00000000c912f508 00000051a08834a8
0x00007f940dac3230:   0000000085083a80 00000000a23d6760
0x00007f940dac3240:   00000000a08834a8 00eb386000000051
0x00007f940dac3250:   0100000000eb3860 00000000d8f52090
0x00007f940dac3260:   00000000e125ab28 0000000084728790
0x00007f940dac3270:   000000010003f070 0100000000000000
0x00007f940dac3280:   0000000400000003 0000000084abc320
0x00007f940dac3290:   000000200000001f 0000000000000009
0x00007f940dac32a0:   0000000084dcfef8 0000000000000001
0x00007f940dac32b0:   000000008491e480 000000008491e108
0x00007f940dac32c0:   00000000850839d8 00007f94353b5ba4
0x00007f940dac32d0:   000000008491e108 00007f9435615504
0x00007f940dac32e0:   00007f940dac3578 000000008491e480
0x00007f940dac32f0:   0000000000000001 0000000000000001 

Instructions: (pc=0x00007f9435587817)
0x00007f94355877f7:   00 00 48 63 cb 49 03 4d 10 c4 c1 79 7e ca 41 83
0x00007f9435587807:   fa 04 0f 84 ae 04 00 00 45 8b 56 18 4d 8b 52 18
0x00007f9435587817:   49 89 0a 4d 63 c0 4d 89 42 08 41 ba 01 00 00 00
0x00007f9435587827:   c5 f9 7e d1 e9 3f fb ff ff 33 c0 e9 69 fe ff ff 

Register to memory mapping:

RAX=0x0000000000400000: <offset 0> in /usr/lib/jdk1.8.0_131/bin/java at 0x0000000000400000
RBX=0x000000000082ef60 is an unknown value
RCX=0x00007f93c4ceff70 is an unknown value
RDX=0x0000000000000000 is an unknown value
RSP=0x00007f940dac3100 is pointing into the stack for thread: 0x00007f93f002a000
RBP=0x00000000000274c7 is an unknown value
RSI=0x00000000000001d8 is an unknown value
RDI=0x00007f9449a14000 is an unknown value
R8 =0x0000000000000051 is an unknown value
R9 =0x0000000020007e0e is an unknown value
R10=0x00007f93a3ed2010 is an unknown value
R11=0x00000000c912f508 is an oop
[Ljava.nio.ByteBuffer; 
 - klass: 'java/nio/ByteBuffer'[]
 - length: 4194304
R12=0x0000000000000000 is an unknown value
R13=0x00000000e08872a0 is an oop
java.nio.DirectByteBuffer 
 - klass: 'java/nio/DirectByteBuffer'
R14=0x00000000d42230a8 is an oop
sun.nio.ch.IOVecWrapper 
 - klass: 'sun/nio/ch/IOVecWrapper'
R15=0x00007f93f002a000 is a thread


Stack: [0x00007f940d9c4000,0x00007f940dac5000],  sp=0x00007f940dac3100,  free space=1020k
Native frames: (J=compiled Java code, j=interpreted, Vv=VM code, C=native code)
J 1606 C2 sun.nio.ch.IOUtil.write(Ljava/io/FileDescriptor;[Ljava/nio/ByteBuffer;IILsun/nio/ch/NativeDispatcher;)J (509 bytes) @ 0x00007f9435587817 [0x00007f94355872e0+0x537]
J 1706 C1 sun.nio.ch.SocketChannelImpl.write([Ljava/nio/ByteBuffer;II)J (436 bytes) @ 0x00007f94355ff76c [0x00007f94355feca0+0xacc]
J 1183 C1 io.netty.channel.socket.nio.NioSocketChannel.doWrite(Lio/netty/channel/ChannelOutboundBuffer;)V (259 bytes) @ 0x00007f94353b5ba4 [0x00007f94353b5520+0x684]
J 1180 C1 io.netty.channel.AbstractChannel$AbstractUnsafe.flush0()V (123 bytes) @ 0x00007f94353e39a4 [0x00007f94353e3380+0x624]
J 1657 C1 io.netty.channel.nio.NioEventLoop.processSelectedKey(Ljava/nio/channels/SelectionKey;Lio/netty/channel/nio/AbstractNioChannel;)V (120 bytes) @ 0x00007f94355aecb4 [0x00007f94355ae300+0x9b4]
J 1633 C2 io.netty.channel.nio.NioEventLoop.processSelectedKeysOptimized([Ljava/nio/channels/SelectionKey;)V (103 bytes) @ 0x00007f9435598f9c [0x00007f9435598f00+0x9c]
j  io.netty.channel.nio.NioEventLoop.processSelectedKeys()V+15
j  io.netty.channel.nio.NioEventLoop.run()V+84
J 1824 C1 io.netty.util.concurrent.SingleThreadEventExecutor$2.run()V (67 bytes) @ 0x00007f94352f8b54 [0x00007f94352f8740+0x414]
J 1822 C1 io.netty.util.internal.chmv8.ForkJoinTask$RunnableExecuteAction.exec()Z (11 bytes) @ 0x00007f9435186504 [0x00007f9435186400+0x104]
J 1694 C2 io.netty.util.internal.chmv8.ForkJoinTask.doExec()I (37 bytes) @ 0x00007f943512b750 [0x00007f943512b700+0x50]
J 1689% C2 io.netty.util.internal.chmv8.ForkJoinPool.runWorker(Lio/netty/util/internal/chmv8/ForkJoinPool$WorkQueue;)V (43 bytes) @ 0x00007f94355e9794 [0x00007f94355e93e0+0x3b4]
j  io.netty.util.internal.chmv8.ForkJoinWorkerThread.run()V+14
v  ~StubRoutines::call_stub
V  [libjvm.so+0x691d16]  JavaCalls::call_helper(JavaValue*, methodHandle*, JavaCallArguments*, Thread*)+0x1056
V  [libjvm.so+0x692221]  JavaCalls::call_virtual(JavaValue*, KlassHandle, Symbol*, Symbol*, JavaCallArguments*, Thread*)+0x321
V  [libjvm.so+0x6926c7]  JavaCalls::call_virtual(JavaValue*, Handle, KlassHandle, Symbol*, Symbol*, Thread*)+0x47
V  [libjvm.so+0x72da50]  thread_entry(JavaThread*, Thread*)+0xa0
V  [libjvm.so+0xa76833]  JavaThread::thread_main_inner()+0x103
V  [libjvm.so+0xa7697c]  JavaThread::run()+0x11c
V  [libjvm.so+0x927568]  java_start(Thread*)+0x108
C  [libpthread.so.0+0x76ba]  start_thread+0xca


---------------  P R O C E S S  ---------------

Java Threads: ( => current thread )
  0x00007f93e0002800 JavaThread "nioEventLoopGroup-0-7" daemon [_thread_in_native, id=2602, stack(0x00007f940c5bf000,0x00007f940c6c0000)]
  0x00007f93f0014000 JavaThread "nioEventLoopGroup-0-6" daemon [_thread_in_native, id=2601, stack(0x00007f940c6c0000,0x00007f940c7c1000)]
  0x00007f93f0012000 JavaThread "nioEventLoopGroup-0-5" daemon [_thread_in_native, id=2599, stack(0x00007f940c7c1000,0x00007f940c8c2000)]
  0x00007f93dc001000 JavaThread "nioEventLoopGroup-0-4" daemon [_thread_in_native, id=2596, stack(0x00007f940c8c2000,0x00007f940c9c3000)]
=>0x00007f93f002a000 JavaThread "nioEventLoopGroup-0-3" daemon [_thread_in_Java, id=2585, stack(0x00007f940d9c4000,0x00007f940dac5000)]
  0x00007f93f000f000 JavaThread "nioEventLoopGroup-0-2" daemon [_thread_in_native, id=2584, stack(0x00007f940dac5000,0x00007f940dbc6000)]
  0x00007f93f000c800 JavaThread "threadDeathWatcher-2-1" daemon [_thread_blocked, id=2577, stack(0x00007f940ebc7000,0x00007f940ecc8000)]
  0x00007f93f0002000 JavaThread "nioEventLoopGroup-0-1" daemon [_thread_in_native, id=2576, stack(0x00007f940eec8000,0x00007f940efc9000)]
  0x00007f93ec063000 JavaThread "nioEventLoopGroup-0-0" daemon [_thread_in_native, id=2575, stack(0x00007f940efc9000,0x00007f940f0ca000)]
  0x00007f9444513800 JavaThread "Timer-0" [_thread_blocked, id=2572, stack(0x00007f940f6e4000,0x00007f940f7e5000)]
  0x00007f94441c6000 JavaThread "Service Thread" daemon [_thread_blocked, id=2568, stack(0x00007f940f8e6000,0x00007f940f9e7000)]
  0x00007f94441c3000 JavaThread "C1 CompilerThread2" daemon [_thread_blocked, id=2567, stack(0x00007f940f9e7000,0x00007f940fae8000)]
  0x00007f94441c0800 JavaThread "C2 CompilerThread1" daemon [_thread_blocked, id=2566, stack(0x00007f942c02e000,0x00007f942c12f000)]
  0x00007f94441bf000 JavaThread "C2 CompilerThread0" daemon [_thread_blocked, id=2564, stack(0x00007f942c12f000,0x00007f942c230000)]
  0x00007f94441ac800 JavaThread "Monitor Ctrl-Break" daemon [_thread_in_native, id=2563, stack(0x00007f943406a000,0x00007f943416b000)]
  0x00007f944417d000 JavaThread "Signal Dispatcher" daemon [_thread_blocked, id=2557, stack(0x00007f943416b000,0x00007f943426c000)]
  0x00007f944414d000 JavaThread "Finalizer" daemon [_thread_blocked, id=2553, stack(0x00007f94346f7000,0x00007f94347f8000)]
  0x00007f9444148800 JavaThread "Reference Handler" daemon [_thread_blocked, id=2551, stack(0x00007f94347f8000,0x00007f94348f9000)]
  0x00007f944400b800 JavaThread "main" [_thread_blocked, id=2540, stack(0x00007f944d67f000,0x00007f944d780000)]

Other Threads:
  0x00007f9444140800 VMThread [stack: 0x00007f94348f9000,0x00007f94349fa000] [id=2550]
  0x00007f94441cb000 WatcherThread [stack: 0x00007f940f7e5000,0x00007f940f8e6000] [id=2569]

VM state:not at safepoint (normal execution)

VM Mutex/Monitor currently owned by a thread: None

Heap:
 PSYoungGen      total 450048K, used 169372K [0x00000000d6d00000, 0x0000000100000000, 0x0000000100000000)
  eden space 225280K, 75% used [0x00000000d6d00000,0x00000000e1267028,0x00000000e4900000)
  from space 224768K, 0% used [0x00000000f2480000,0x00000000f2480000,0x0000000100000000)
  to   space 224768K, 0% used [0x00000000e4900000,0x00000000e4900000,0x00000000f2480000)
 ParOldGen       total 1350656K, used 1341072K [0x0000000084600000, 0x00000000d6d00000, 0x00000000d6d00000)
  object space 1350656K, 99% used [0x0000000084600000,0x00000000d63a4160,0x00000000d6d00000)
 Metaspace       used 12075K, capacity 12316K, committed 12544K, reserved 1060864K
  class space    used 1457K, capacity 1528K, committed 1536K, reserved 1048576K

Card table byte_map: [0x00007f9449e37000,0x00007f944a215000] byte_map_base: 0x00007f9449a14000

Marking Bits: (ParMarkBitMap*) 0x00007f944cb4af60
 Begin Bits: [0x00007f942c230000, 0x00007f942e118000)
 End Bits:   [0x00007f942e118000, 0x00007f9430000000)

Polling page: 0x00007f944d79b000

CodeCache: size=245760Kb used=5285Kb max_used=6198Kb free=240474Kb
 bounds [0x00007f9435000000, 0x00007f9435620000, 0x00007f9444000000]
 total_blobs=1814 nmethods=1460 adapters=267
 compilation: enabled

Compilation events (10 events):
Event: 196.759 Thread 0x00007f94441bf000 nmethod 1842 0x00007f943533c910 code [0x00007f943533ca60, 0x00007f943533caf8]
Event: 196.759 Thread 0x00007f94441bf000 1843   !   4       io.netty.channel.ChannelHandlerInvokerUtil::invokeWriteNow (24 bytes)
Event: 196.760 Thread 0x00007f94441c3000 1845       3       io.netty.buffer.PoolChunkList::allocate (85 bytes)
Event: 196.760 Thread 0x00007f94441c3000 nmethod 1845 0x00007f943521d190 code [0x00007f943521d360, 0x00007f943521da78]
Event: 196.770 Thread 0x00007f94441bf000 nmethod 1843 0x00007f94352f6c90 code [0x00007f94352f6e80, 0x00007f94352f77f0]
Event: 196.771 Thread 0x00007f94441bf000 1844       4       io.netty.channel.ChannelOutboundBuffer::decrementPendingOutboundBytes (7 bytes)
Event: 196.773 Thread 0x00007f94441c0800 nmethod 1840 0x00007f94353d4490 code [0x00007f94353d4700, 0x00007f94353d56c0]
Event: 196.773 Thread 0x00007f94441c0800 1846       4       io.netty.util.internal.InternalThreadLocalMap::indexedVariable (21 bytes)
Event: 196.774 Thread 0x00007f94441c0800 nmethod 1846 0x00007f943510f1d0 code [0x00007f943510f320, 0x00007f943510f3d8]
Event: 196.777 Thread 0x00007f94441bf000 nmethod 1844 0x00007f94353b9190 code [0x00007f94353b9320, 0x00007f94353b9648]

GC Heap History (10 events):
Event: 181.585 GC heap before
{Heap before GC invocations=76 (full 40):
 PSYoungGen      total 450048K, used 225280K [0x00000000d6d00000, 0x0000000100000000, 0x0000000100000000)
  eden space 225280K, 100% used [0x00000000d6d00000,0x00000000e4900000,0x00000000e4900000)
  from space 224768K, 0% used [0x00000000f2480000,0x00000000f2480000,0x0000000100000000)
  to   space 224768K, 0% used [0x00000000e4900000,0x00000000e4900000,0x00000000f2480000)
 ParOldGen       total 1350656K, used 1350378K [0x0000000084600000, 0x00000000d6d00000, 0x00000000d6d00000)
  object space 1350656K, 99% used [0x0000000084600000,0x00000000d6cba9b8,0x00000000d6d00000)
 Metaspace       used 12066K, capacity 12310K, committed 12544K, reserved 1060864K
  class space    used 1456K, capacity 1527K, committed 1536K, reserved 1048576K
Event: 183.589 GC heap after
Heap after GC invocations=76 (full 40):
 PSYoungGen      total 450048K, used 219428K [0x00000000d6d00000, 0x0000000100000000, 0x0000000100000000)
  eden space 225280K, 97% used [0x00000000d6d00000,0x00000000e4349288,0x00000000e4900000)
  from space 224768K, 0% used [0x00000000f2480000,0x00000000f2480000,0x0000000100000000)
  to   space 224768K, 0% used [0x00000000e4900000,0x00000000e4900000,0x00000000f2480000)
 ParOldGen       total 1350656K, used 1350323K [0x0000000084600000, 0x00000000d6d00000, 0x00000000d6d00000)
  object space 1350656K, 99% used [0x0000000084600000,0x00000000d6cacc60,0x00000000d6d00000)
 Metaspace       used 12066K, capacity 12310K, committed 12544K, reserved 1060864K
  class space    used 1456K, capacity 1527K, committed 1536K, reserved 1048576K
}
Event: 183.596 GC heap before
{Heap before GC invocations=77 (full 41):
 PSYoungGen      total 450048K, used 225280K [0x00000000d6d00000, 0x0000000100000000, 0x0000000100000000)
  eden space 225280K, 100% used [0x00000000d6d00000,0x00000000e4900000,0x00000000e4900000)
  from space 224768K, 0% used [0x00000000f2480000,0x00000000f2480000,0x0000000100000000)
  to   space 224768K, 0% used [0x00000000e4900000,0x00000000e4900000,0x00000000f2480000)
 ParOldGen       total 1350656K, used 1350323K [0x0000000084600000, 0x00000000d6d00000, 0x00000000d6d00000)
  object space 1350656K, 99% used [0x0000000084600000,0x00000000d6cacc60,0x00000000d6d00000)
 Metaspace       used 12072K, capacity 12316K, committed 12544K, reserved 1060864K
  class space    used 1457K, capacity 1528K, committed 1536K, reserved 1048576K
Event: 186.931 GC heap after
Heap after GC invocations=77 (full 41):
 PSYoungGen      total 450048K, used 218881K [0x00000000d6d00000, 0x0000000100000000, 0x0000000100000000)
  eden space 225280K, 97% used [0x00000000d6d00000,0x00000000e42c06e0,0x00000000e4900000)
  from space 224768K, 0% used [0x00000000f2480000,0x00000000f2480000,0x0000000100000000)
  to   space 224768K, 0% used [0x00000000e4900000,0x00000000e4900000,0x00000000f2480000)
 ParOldGen       total 1350656K, used 1350278K [0x0000000084600000, 0x00000000d6d00000, 0x00000000d6d00000)
  object space 1350656K, 99% used [0x0000000084600000,0x00000000d6ca1a00,0x00000000d6d00000)
 Metaspace       used 12072K, capacity 12316K, committed 12544K, reserved 1060864K
  class space    used 1457K, capacity 1528K, committed 1536K, reserved 1048576K
}
Event: 187.042 GC heap before
{Heap before GC invocations=78 (full 42):
 PSYoungGen      total 450048K, used 225280K [0x00000000d6d00000, 0x0000000100000000, 0x0000000100000000)
  eden space 225280K, 100% used [0x00000000d6d00000,0x00000000e4900000,0x00000000e4900000)
  from space 224768K, 0% used [0x00000000f2480000,0x00000000f2480000,0x0000000100000000)
  to   space 224768K, 0% used [0x00000000e4900000,0x00000000e4900000,0x00000000f2480000)
 ParOldGen       total 1350656K, used 1350278K [0x0000000084600000, 0x00000000d6d00000, 0x00000000d6d00000)
  object space 1350656K, 99% used [0x0000000084600000,0x00000000d6ca1a00,0x00000000d6d00000)
 Metaspace       used 12072K, capacity 12316K, committed 12544K, reserved 1060864K
  class space    used 1457K, capacity 1528K, committed 1536K, reserved 1048576K
Event: 191.356 GC heap after
Heap after GC invocations=78 (full 42):
 PSYoungGen      total 450048K, used 210038K [0x00000000d6d00000, 0x0000000100000000, 0x0000000100000000)
  eden space 225280K, 93% used [0x00000000d6d00000,0x00000000e3a1da58,0x00000000e4900000)
  from space 224768K, 0% used [0x00000000f2480000,0x00000000f2480000,0x0000000100000000)
  to   space 224768K, 0% used [0x00000000e4900000,0x00000000e4900000,0x00000000f2480000)
 ParOldGen       total 1350656K, used 1350551K [0x0000000084600000, 0x00000000d6d00000, 0x00000000d6d00000)
  object space 1350656K, 99% used [0x0000000084600000,0x00000000d6ce5f40,0x00000000d6d00000)
 Metaspace       used 12072K, capacity 12316K, committed 12544K, reserved 1060864K
  class space    used 1457K, capacity 1528K, committed 1536K, reserved 1048576K
}
Event: 191.460 GC heap before
{Heap before GC invocations=79 (full 43):
 PSYoungGen      total 450048K, used 225280K [0x00000000d6d00000, 0x0000000100000000, 0x0000000100000000)
  eden space 225280K, 100% used [0x00000000d6d00000,0x00000000e4900000,0x00000000e4900000)
  from space 224768K, 0% used [0x00000000f2480000,0x00000000f2480000,0x0000000100000000)
  to   space 224768K, 0% used [0x00000000e4900000,0x00000000e4900000,0x00000000f2480000)
 ParOldGen       total 1350656K, used 1350551K [0x0000000084600000, 0x00000000d6d00000, 0x00000000d6d00000)
  object space 1350656K, 99% used [0x0000000084600000,0x00000000d6ce5f40,0x00000000d6d00000)
 Metaspace       used 12072K, capacity 12316K, committed 12544K, reserved 1060864K
  class space    used 1457K, capacity 1528K, committed 1536K, reserved 1048576K
Event: 193.497 GC heap after
Heap after GC invocations=79 (full 43):
 PSYoungGen      total 450048K, used 187708K [0x00000000d6d00000, 0x0000000100000000, 0x0000000100000000)
  eden space 225280K, 83% used [0x00000000d6d00000,0x00000000e244f258,0x00000000e4900000)
  from space 224768K, 0% used [0x00000000f2480000,0x00000000f2480000,0x0000000100000000)
  to   space 224768K, 0% used [0x00000000e4900000,0x00000000e4900000,0x00000000f2480000)
 ParOldGen       total 1350656K, used 1346667K [0x0000000084600000, 0x00000000d6d00000, 0x00000000d6d00000)
  object space 1350656K, 99% used [0x0000000084600000,0x00000000d691ad58,0x00000000d6d00000)
 Metaspace       used 12072K, capacity 12316K, committed 12544K, reserved 1060864K
  class space    used 1457K, capacity 1528K, committed 1536K, reserved 1048576K
}
Event: 193.739 GC heap before
{Heap before GC invocations=80 (full 44):
 PSYoungGen      total 450048K, used 225280K [0x00000000d6d00000, 0x0000000100000000, 0x0000000100000000)
  eden space 225280K, 100% used [0x00000000d6d00000,0x00000000e4900000,0x00000000e4900000)
  from space 224768K, 0% used [0x00000000f2480000,0x00000000f2480000,0x0000000100000000)
  to   space 224768K, 0% used [0x00000000e4900000,0x00000000e4900000,0x00000000f2480000)
 ParOldGen       total 1350656K, used 1346667K [0x0000000084600000, 0x00000000d6d00000, 0x00000000d6d00000)
  object space 1350656K, 99% used [0x0000000084600000,0x00000000d691ad58,0x00000000d6d00000)
 Metaspace       used 12075K, capacity 12316K, committed 12544K, reserved 1060864K
  class space    used 1457K, capacity 1528K, committed 1536K, reserved 1048576K
Event: 196.562 GC heap after
Heap after GC invocations=80 (full 44):
 PSYoungGen      total 450048K, used 128582K [0x00000000d6d00000, 0x0000000100000000, 0x0000000100000000)
  eden space 225280K, 57% used [0x00000000d6d00000,0x00000000dea91b70,0x00000000e4900000)
  from space 224768K, 0% used [0x00000000f2480000,0x00000000f2480000,0x0000000100000000)
  to   space 224768K, 0% used [0x00000000e4900000,0x00000000e4900000,0x00000000f2480000)
 ParOldGen       total 1350656K, used 1341072K [0x0000000084600000, 0x00000000d6d00000, 0x00000000d6d00000)
  object space 1350656K, 99% used [0x0000000084600000,0x00000000d63a4160,0x00000000d6d00000)
 Metaspace       used 12075K, capacity 12316K, committed 12544K, reserved 1060864K
  class space    used 1457K, capacity 1528K, committed 1536K, reserved 1048576K
}

Deoptimization events (10 events):
Event: 186.939 Thread 0x00007f944400b800 Uncommon trap: reason=class_check action=maybe_recompile pc=0x00007f943554a08c method=io.netty.channel.DefaultChannelHandlerInvoker.invokeWrite(Lio/netty/channel/ChannelHandlerContext;Ljava/lang/Object;Lio/netty/channel/ChannelPromise;)V @ 51
Event: 186.939 Thread 0x00007f93f0002000 Uncommon trap: reason=unstable_if action=reinterpret pc=0x00007f94354f09cc method=io.netty.channel.ChannelOutboundBuffer.decrementPendingOutboundBytes(JZ)V @ 22
Event: 186.939 Thread 0x00007f944400b800 Uncommon trap: reason=class_check action=maybe_recompile pc=0x00007f9435556fbc method=io.netty.channel.DefaultChannelHandlerInvoker.invokeFlush(Lio/netty/channel/ChannelHandlerContext;)V @ 20
Event: 186.939 Thread 0x00007f944400b800 Uncommon trap: reason=unstable_if action=reinterpret pc=0x00007f94353354a0 method=io.openmessaging.client.producer.AbstractProducer.send(Lio/openmessaging/client/producer/Message;ILjava/lang/Object;Lio/openmessaging/client/common/SendCallBack;Z)V @ 19
Event: 186.939 Thread 0x00007f93f000f000 Uncommon trap: reason=class_check action=maybe_recompile pc=0x00007f9435470604 method=io.netty.channel.DefaultChannelHandlerInvoker$WriteTask.run()V @ 11
Event: 191.356 Thread 0x00007f93f0002000 Uncommon trap: reason=unstable_if action=reinterpret pc=0x00007f943530b108 method=io.netty.buffer.PoolArena.isTiny(I)Z @ 5
Event: 196.719 Thread 0x00007f93f002a000 Uncommon trap: reason=unstable_if action=reinterpret pc=0x00007f9435543f48 method=io.netty.util.Recycler$Stack.push(Lio/netty/util/Recycler$DefaultHandle;)V @ 44
Event: 196.719 Thread 0x00007f93f002a000 Uncommon trap: reason=unstable_if action=reinterpret pc=0x00007f9435560350 method=io.netty.util.Recycler$Stack.push(Lio/netty/util/Recycler$DefaultHandle;)V @ 44
Event: 196.756 Thread 0x00007f93f002a000 Uncommon trap: reason=unstable_if action=reinterpret pc=0x00007f94351b2eac method=io.netty.channel.ChannelOutboundBuffer.remove(Ljava/lang/Throwable;)Z @ 6
Event: 196.756 Thread 0x00007f93f002a000 Uncommon trap: reason=unstable_if action=reinterpret pc=0x00007f94353cecc0 method=io.netty.channel.ChannelOutboundBuffer.failFlushed(Ljava/lang/Throwable;)V @ 18

Internal exceptions (10 events):
Event: 0.822 Thread 0x00007f944400b800 Exception <a 'java/lang/ClassNotFoundException': ch/qos/logback/core/FileAppenderCustomizer> (0x00000000d813ec30) thrown at [/HUDSON/workspace/8-2-build-linux-amd64/jdk8u131/8869/hotspot/src/share/vm/classfile/systemDictionary.cpp, line 210]
Event: 1.010 Thread 0x00007f944400b800 Exception <a 'java/lang/NoClassDefFoundError': javassist/ClassPath> (0x00000000d86256f0) thrown at [/HUDSON/workspace/8-2-build-linux-amd64/jdk8u131/8869/hotspot/src/share/vm/classfile/systemDictionary.cpp, line 199]
Event: 1.192 Thread 0x00007f9444513800 Exception <a 'java/lang/NoSuchFieldError': method resolution failed> (0x00000000d6ea6b50) thrown at [/HUDSON/workspace/8-2-build-linux-amd64/jdk8u131/8869/hotspot/src/share/vm/prims/methodHandles.cpp, line 1146]
Event: 1.194 Thread 0x00007f9444513800 Exception <a 'java/lang/NoSuchFieldError': method resolution failed> (0x00000000d6eb4ae0) thrown at [/HUDSON/workspace/8-2-build-linux-amd64/jdk8u131/8869/hotspot/src/share/vm/prims/methodHandles.cpp, line 1146]
Event: 71.852 Thread 0x00007f93f0012000 Implicit null exception at 0x00007f94355048b0 to 0x00007f94355053d5
Event: 121.781 Thread 0x00007f9444513800 Implicit null exception at 0x00007f9435514c3d to 0x00007f94355172fd
Event: 166.766 Thread 0x00007f93f002a000 Exception <a 'java/lang/OutOfMemoryError'> (0x00000000849daa48) thrown at [/HUDSON/workspace/8-2-build-linux-amd64/jdk8u131/8869/hotspot/src/share/vm/gc_interface/collectedHeap.inline.hpp, line 159]
Event: 166.766 Thread 0x00007f944400b800 Implicit null exception at 0x00007f943536982a to 0x00007f943536a061
Event: 186.933 Thread 0x00007f9444513800 Implicit null exception at 0x00007f9435358f7e to 0x00007f94353596d5
Event: 196.756 Thread 0x00007f93f002a000 Implicit null exception at 0x00007f94351b2478 to 0x00007f94351b2e99

Events (10 events):
Event: 196.777 Thread 0x00007f94441bf000 flushing nmethod 0x00007f94354b2210
Event: 196.777 Thread 0x00007f94441bf000 flushing nmethod 0x00007f94354b4e90
Event: 196.777 Thread 0x00007f94441bf000 flushing nmethod 0x00007f94354b8e50
Event: 196.777 Thread 0x00007f94441bf000 flushing nmethod 0x00007f94354b9390
Event: 196.777 Thread 0x00007f94441bf000 flushing nmethod 0x00007f94354c6590
Event: 196.777 Thread 0x00007f94441bf000 flushing nmethod 0x00007f94354c6a90
Event: 196.777 Thread 0x00007f94441bf000 flushing nmethod 0x00007f94354c7010
Event: 196.777 Thread 0x00007f94441bf000 flushing nmethod 0x00007f94354d1610
Event: 196.777 Thread 0x00007f94441bf000 flushing nmethod 0x00007f94354d1bd0
Event: 196.777 Thread 0x00007f94441bf000 flushing nmethod 0x00007f94354d2450


Dynamic libraries:
00400000-00401000 r-xp 00000000 08:08 2507804                            /usr/lib/jdk1.8.0_131/bin/java
00600000-00601000 rw-p 00000000 08:08 2507804                            /usr/lib/jdk1.8.0_131/bin/java
00b2f000-00b50000 rw-p 00000000 00:00 0                                  [heap]
84600000-d6d00000 rw-p 00000000 00:00 0 
d6d00000-100000000 rw-p 00000000 00:00 0 
100000000-100180000 rw-p 00000000 00:00 0 
100180000-140000000 ---p 00000000 00:00 0 
7f93a6add000-7f93a96d4000 rw-p 00000000 00:00 0 
7f93ac000000-7f93ad021000 rw-p 00000000 00:00 0 
7f93ad021000-7f93b0000000 ---p 00000000 00:00 0 
7f93b1851000-7f93b4000000 rw-p 00000000 00:00 0 
7f93b4000000-7f93b7001000 rw-p 00000000 00:00 0 
7f93b7001000-7f93b8000000 ---p 00000000 00:00 0 
7f93b8b96000-7f93bb29b000 rw-p 00000000 00:00 0 
7f93bd4e5000-7f93be4e6000 rw-p 00000000 00:00 0 
7f93c03a5000-7f93c13a6000 rw-p 00000000 00:00 0 
7f93c2a33000-7f93c3a34000 rw-p 00000000 00:00 0 
7f93c44c1000-7f93c54c2000 rw-p 00000000 00:00 0 
7f93c5fba000-7f93c8000000 rw-p 00000000 00:00 0 
7f93c8000000-7f93c8021000 rw-p 00000000 00:00 0 
7f93c8021000-7f93cc000000 ---p 00000000 00:00 0 
7f93cc000000-7f93ce004000 rw-p 00000000 00:00 0 
7f93ce004000-7f93d0000000 ---p 00000000 00:00 0 
7f93d0000000-7f93d0021000 rw-p 00000000 00:00 0 
7f93d0021000-7f93d4000000 ---p 00000000 00:00 0 
7f93d4000000-7f93d7008000 rw-p 00000000 00:00 0 
7f93d7008000-7f93d8000000 ---p 00000000 00:00 0 
7f93d8ffc000-7f93d9681000 rw-p 00000000 00:00 0 
7f93d9bdf000-7f93dc000000 rw-p 00000000 00:00 0 
7f93dc000000-7f93dc68f000 rw-p 00000000 00:00 0 
7f93dc68f000-7f93e0000000 ---p 00000000 00:00 0 
7f93e0000000-7f93e12a8000 rw-p 00000000 00:00 0 
7f93e12a8000-7f93e4000000 ---p 00000000 00:00 0 
7f93e4000000-7f93e6006000 rw-p 00000000 00:00 0 
7f93e6006000-7f93e8000000 ---p 00000000 00:00 0 
7f93e8000000-7f93e8021000 rw-p 00000000 00:00 0 
7f93e8021000-7f93ec000000 ---p 00000000 00:00 0 
7f93ec000000-7f93ec07a000 rw-p 00000000 00:00 0 
7f93ec07a000-7f93f0000000 ---p 00000000 00:00 0 
7f93f0000000-7f93f002c000 rw-p 00000000 00:00 0 
7f93f002c000-7f93f4000000 ---p 00000000 00:00 0 
7f93f4000000-7f93f4021000 rw-p 00000000 00:00 0 
7f93f4021000-7f93f8000000 ---p 00000000 00:00 0 
7f93f8000000-7f93f8021000 rw-p 00000000 00:00 0 
7f93f8021000-7f93fc000000 ---p 00000000 00:00 0 
7f93fc000000-7f93fcb8e000 rw-p 00000000 00:00 0 
7f93fcb8e000-7f9400000000 ---p 00000000 00:00 0 
7f9400000000-7f94003f3000 rw-p 00000000 00:00 0 
7f94003f3000-7f9404000000 ---p 00000000 00:00 0 
7f9404000000-7f9404d5a000 rw-p 00000000 00:00 0 
7f9404d5a000-7f9408000000 ---p 00000000 00:00 0 
7f9408000000-7f9408021000 rw-p 00000000 00:00 0 
7f9408021000-7f940c000000 ---p 00000000 00:00 0 
7f940c5bf000-7f940c5c2000 ---p 00000000 00:00 0 
7f940c5c2000-7f940c6c0000 rw-p 00000000 00:00 0 
7f940c6c0000-7f940c6c3000 ---p 00000000 00:00 0 
7f940c6c3000-7f940c7c1000 rw-p 00000000 00:00 0 
7f940c7c1000-7f940c7c4000 ---p 00000000 00:00 0 
7f940c7c4000-7f940c8c2000 rw-p 00000000 00:00 0 
7f940c8c2000-7f940c8c5000 ---p 00000000 00:00 0 
7f940c8c5000-7f940d9c4000 rw-p 00000000 00:00 0 
7f940d9c4000-7f940d9c7000 ---p 00000000 00:00 0 
7f940d9c7000-7f940dac5000 rw-p 00000000 00:00 0 
7f940dac5000-7f940dac8000 ---p 00000000 00:00 0 
7f940dac8000-7f940ebc7000 rw-p 00000000 00:00 0 
7f940ebc7000-7f940ebca000 ---p 00000000 00:00 0 
7f940ebca000-7f940ed88000 rw-p 00000000 00:00 0 
7f940ed88000-7f940eec8000 ---p 00000000 00:00 0 
7f940eec8000-7f940eecb000 ---p 00000000 00:00 0 
7f940eecb000-7f940efc9000 rw-p 00000000 00:00 0 
7f940efc9000-7f940efcc000 ---p 00000000 00:00 0 
7f940efcc000-7f940f0ca000 rw-p 00000000 00:00 0 
7f940f0ca000-7f940f0d3000 r-xp 00000000 08:08 2507916                    /usr/lib/jdk1.8.0_131/jre/lib/amd64/libmanagement.so
7f940f0d3000-7f940f2d2000 ---p 00009000 08:08 2507916                    /usr/lib/jdk1.8.0_131/jre/lib/amd64/libmanagement.so
7f940f2d2000-7f940f2d3000 rw-p 00008000 08:08 2507916                    /usr/lib/jdk1.8.0_131/jre/lib/amd64/libmanagement.so
7f940f2d3000-7f940f4d3000 rw-p 00000000 00:00 0 
7f940f4d3000-7f940f4e4000 r-xp 00000000 08:08 2507911                    /usr/lib/jdk1.8.0_131/jre/lib/amd64/libnio.so
7f940f4e4000-7f940f6e3000 ---p 00011000 08:08 2507911                    /usr/lib/jdk1.8.0_131/jre/lib/amd64/libnio.so
7f940f6e3000-7f940f6e4000 rw-p 00010000 08:08 2507911                    /usr/lib/jdk1.8.0_131/jre/lib/amd64/libnio.so
7f940f6e4000-7f940f6e7000 ---p 00000000 00:00 0 
7f940f6e7000-7f940f7e5000 rw-p 00000000 00:00 0 
7f940f7e5000-7f940f7e6000 ---p 00000000 00:00 0 
7f940f7e6000-7f940f8e6000 rw-p 00000000 00:00 0 
7f940f8e6000-7f940f8e9000 ---p 00000000 00:00 0 
7f940f8e9000-7f940f9e7000 rw-p 00000000 00:00 0 
7f940f9e7000-7f940f9ea000 ---p 00000000 00:00 0 
7f940f9ea000-7f940fde9000 rw-p 00000000 00:00 0 
7f940fde9000-7f940fdff000 r-xp 00000000 08:08 2507908                    /usr/lib/jdk1.8.0_131/jre/lib/amd64/libnet.so
7f940fdff000-7f940ffff000 ---p 00016000 08:08 2507908                    /usr/lib/jdk1.8.0_131/jre/lib/amd64/libnet.so
7f940ffff000-7f9410000000 rw-p 00016000 08:08 2507908                    /usr/lib/jdk1.8.0_131/jre/lib/amd64/libnet.so
7f9410000000-7f9410021000 rw-p 00000000 00:00 0 
7f9410021000-7f9414000000 ---p 00000000 00:00 0 
7f9414000000-7f9414021000 rw-p 00000000 00:00 0 
7f9414021000-7f9418000000 ---p 00000000 00:00 0 
7f9418000000-7f9418081000 rw-p 00000000 00:00 0 
7f9418081000-7f941c000000 ---p 00000000 00:00 0 
7f941c000000-7f941c021000 rw-p 00000000 00:00 0 
7f941c021000-7f9420000000 ---p 00000000 00:00 0 
7f9420000000-7f9420021000 rw-p 00000000 00:00 0 
7f9420021000-7f9424000000 ---p 00000000 00:00 0 
7f9424000000-7f94240ea000 rw-p 00000000 00:00 0 
7f94240ea000-7f9428000000 ---p 00000000 00:00 0 
7f9428000000-7f9428021000 rw-p 00000000 00:00 0 
7f9428021000-7f942c000000 ---p 00000000 00:00 0 
7f942c008000-7f942c00d000 r--s 0009a000 08:08 2507855                    /usr/lib/jdk1.8.0_131/jre/lib/jsse.jar
7f942c00d000-7f942c02e000 r--p 00000000 08:08 3280382                    /usr/share/locale-langpack/zh_CN/LC_MESSAGES/libc.mo
7f942c02e000-7f942c031000 ---p 00000000 00:00 0 
7f942c031000-7f942c12f000 rw-p 00000000 00:00 0 
7f942c12f000-7f942c132000 ---p 00000000 00:00 0 
7f942c132000-7f9430000000 rw-p 00000000 00:00 0 
7f9430000000-7f9430092000 rw-p 00000000 00:00 0 
7f9430092000-7f9434000000 ---p 00000000 00:00 0 
7f9434003000-7f943400d000 r--s 00116000 08:08 2508061                    /usr/lib/jdk1.8.0_131/jre/lib/ext/localedata.jar
7f943400d000-7f9434014000 r--s 00000000 08:08 2759455                    /usr/lib/x86_64-linux-gnu/gconv/gconv-modules.cache
7f9434014000-7f943401e000 r--s 0005d000 08:08 2369933                    /home/fbhw/.m2/repository/ch/qos/logback/logback-core/1.0.13/logback-core-1.0.13.jar
7f943401e000-7f9434024000 r--s 0003b000 08:08 2375036                    /home/fbhw/.m2/repository/ch/qos/logback/logback-classic/1.0.13/logback-classic-1.0.13.jar
7f9434024000-7f9434026000 r--s 00006000 08:08 1710023                    /home/fbhw/.m2/repository/org/slf4j/slf4j-api/1.7.7/slf4j-api-1.7.7.jar
7f9434026000-7f9434054000 r--s 00263000 08:08 2361338                    /home/fbhw/.m2/repository/io/netty/netty-all/5.0.0.Alpha2/netty-all-5.0.0.Alpha2.jar
7f9434054000-7f9434068000 r--s 000dc000 08:08 2375283                    /home/fbhw/.m2/repository/org/assertj/assertj-core/2.6.0/assertj-core-2.6.0.jar
7f9434068000-7f943406a000 r--s 00009000 08:08 1841014                    /home/fbhw/.m2/repository/org/hamcrest/hamcrest-core/1.3/hamcrest-core-1.3.jar
7f943406a000-7f943406d000 ---p 00000000 00:00 0 
7f943406d000-7f943416b000 rw-p 00000000 00:00 0 
7f943416b000-7f943416e000 ---p 00000000 00:00 0 
7f943416e000-7f943426c000 rw-p 00000000 00:00 0 
7f943426c000-7f94346f7000 r--p 00000000 08:08 2491892                    /usr/lib/locale/locale-archive
7f94346f7000-7f94346fa000 ---p 00000000 00:00 0 
7f94346fa000-7f94347f8000 rw-p 00000000 00:00 0 
7f94347f8000-7f94347fb000 ---p 00000000 00:00 0 
7f94347fb000-7f94348f9000 rw-p 00000000 00:00 0 
7f94348f9000-7f94348fa000 ---p 00000000 00:00 0 
7f94348fa000-7f9435000000 rw-p 00000000 00:00 0 
7f9435000000-7f9435620000 rwxp 00000000 00:00 0 
7f9435620000-7f9444000000 ---p 00000000 00:00 0 
7f9444000000-7f944479b000 rw-p 00000000 00:00 0 
7f944479b000-7f9448000000 ---p 00000000 00:00 0 
7f9448001000-7f9448009000 r--s 00045000 08:08 1846761                    /home/fbhw/.m2/repository/junit/junit/4.12/junit-4.12.jar
7f9448009000-7f9448018000 r--s 00130000 08:08 1846953                    /home/fbhw/.m2/repository/com/google/protobuf/protobuf-java/3.0.0/protobuf-java-3.0.0.jar
7f9448018000-7f944801a000 r--s 00003000 08:08 3583971                    /home/fbhw/下载/dysms_java/java/api_demo/alicom-dysms-api/libs/aliyun-java-sdk-dysmsapi-1.0.0.jar
7f944801a000-7f944801d000 r--s 00018000 08:08 3583970                    /home/fbhw/下载/dysms_java/java/api_demo/alicom-dysms-api/libs/aliyun-java-sdk-core-3.3.1.jar
7f944801d000-7f9448030000 r--s 00345000 08:08 2507854                    /usr/lib/jdk1.8.0_131/jre/lib/resources.jar
7f9448030000-7f9448042000 r--s 000d6000 08:08 2507835                    /usr/lib/jdk1.8.0_131/jre/lib/plugin.jar
7f9448042000-7f9448043000 r--s 00000000 08:08 2507828                    /usr/lib/jdk1.8.0_131/jre/lib/management-agent.jar
7f9448043000-7f9448048000 r--s 0009a000 08:08 2507855                    /usr/lib/jdk1.8.0_131/jre/lib/jsse.jar
7f9448048000-7f944804a000 r--s 00007000 08:08 2507932                    /usr/lib/jdk1.8.0_131/jre/lib/jfxswt.jar
7f944804a000-7f944804f000 r--s 00084000 08:08 2507821                    /usr/lib/jdk1.8.0_131/jre/lib/jfr.jar
7f944804f000-7f944806a000 r--s 0020b000 08:08 2507822                    /usr/lib/jdk1.8.0_131/jre/lib/deploy.jar
7f944806a000-7f9448973000 rw-p 00000000 00:00 0 
7f9448973000-7f9448b4c000 r--s 03d40000 08:08 2507850                    /usr/lib/jdk1.8.0_131/jre/lib/rt.jar
7f9448b4c000-7f944979f000 rw-p 00000000 00:00 0 
7f944979f000-7f94497a0000 ---p 00000000 00:00 0 
7f94497a0000-7f94498a0000 rw-p 00000000 00:00 0 
7f94498a0000-7f94498a1000 ---p 00000000 00:00 0 
7f94498a1000-7f94499a1000 rw-p 00000000 00:00 0 
7f94499a1000-7f94499a2000 ---p 00000000 00:00 0 
7f94499a2000-7f9449aa2000 rw-p 00000000 00:00 0 
7f9449aa2000-7f9449aa3000 ---p 00000000 00:00 0 
7f9449aa3000-7f9449e37000 rw-p 00000000 00:00 0 
7f9449e37000-7f944a0ca000 rw-p 00000000 00:00 0 
7f944a0ca000-7f944a214000 rw-p 00000000 00:00 0 
7f944a214000-7f944a22e000 rw-p 00000000 00:00 0 
7f944a22e000-7f944a5d5000 ---p 00000000 00:00 0 
7f944a5d5000-7f944a5ef000 r-xp 00000000 08:08 2507904                    /usr/lib/jdk1.8.0_131/jre/lib/amd64/libzip.so
7f944a5ef000-7f944a7ef000 ---p 0001a000 08:08 2507904                    /usr/lib/jdk1.8.0_131/jre/lib/amd64/libzip.so
7f944a7ef000-7f944a7f0000 rw-p 0001a000 08:08 2507904                    /usr/lib/jdk1.8.0_131/jre/lib/amd64/libzip.so
7f944a7f0000-7f944a7fb000 r-xp 00000000 08:08 655443                     /lib/x86_64-linux-gnu/libnss_files-2.23.so
7f944a7fb000-7f944a9fa000 ---p 0000b000 08:08 655443                     /lib/x86_64-linux-gnu/libnss_files-2.23.so
7f944a9fa000-7f944a9fb000 r--p 0000a000 08:08 655443                     /lib/x86_64-linux-gnu/libnss_files-2.23.so
7f944a9fb000-7f944a9fc000 rw-p 0000b000 08:08 655443                     /lib/x86_64-linux-gnu/libnss_files-2.23.so
7f944a9fc000-7f944aa02000 rw-p 00000000 00:00 0 
7f944aa02000-7f944aa0d000 r-xp 00000000 08:08 655446                     /lib/x86_64-linux-gnu/libnss_nis-2.23.so
7f944aa0d000-7f944ac0c000 ---p 0000b000 08:08 655446                     /lib/x86_64-linux-gnu/libnss_nis-2.23.so
7f944ac0c000-7f944ac0d000 r--p 0000a000 08:08 655446                     /lib/x86_64-linux-gnu/libnss_nis-2.23.so
7f944ac0d000-7f944ac0e000 rw-p 0000b000 08:08 655446                     /lib/x86_64-linux-gnu/libnss_nis-2.23.so
7f944ac0e000-7f944ac24000 r-xp 00000000 08:08 655365                     /lib/x86_64-linux-gnu/libnsl-2.23.so
7f944ac24000-7f944ae23000 ---p 00016000 08:08 655365                     /lib/x86_64-linux-gnu/libnsl-2.23.so
7f944ae23000-7f944ae24000 r--p 00015000 08:08 655365                     /lib/x86_64-linux-gnu/libnsl-2.23.so
7f944ae24000-7f944ae25000 rw-p 00016000 08:08 655365                     /lib/x86_64-linux-gnu/libnsl-2.23.so
7f944ae25000-7f944ae27000 rw-p 00000000 00:00 0 
7f944ae27000-7f944ae2f000 r-xp 00000000 08:08 655452                     /lib/x86_64-linux-gnu/libnss_compat-2.23.so
7f944ae2f000-7f944b02e000 ---p 00008000 08:08 655452                     /lib/x86_64-linux-gnu/libnss_compat-2.23.so
7f944b02e000-7f944b02f000 r--p 00007000 08:08 655452                     /lib/x86_64-linux-gnu/libnss_compat-2.23.so
7f944b02f000-7f944b030000 rw-p 00008000 08:08 655452                     /lib/x86_64-linux-gnu/libnss_compat-2.23.so
7f944b030000-7f944b03a000 r-xp 00000000 08:08 2507913                    /usr/lib/jdk1.8.0_131/jre/lib/amd64/libinstrument.so
7f944b03a000-7f944b239000 ---p 0000a000 08:08 2507913                    /usr/lib/jdk1.8.0_131/jre/lib/amd64/libinstrument.so
7f944b239000-7f944b23a000 rw-p 00009000 08:08 2507913                    /usr/lib/jdk1.8.0_131/jre/lib/amd64/libinstrument.so
7f944b23a000-7f944b265000 r-xp 00000000 08:08 2507898                    /usr/lib/jdk1.8.0_131/jre/lib/amd64/libjava.so
7f944b265000-7f944b464000 ---p 0002b000 08:08 2507898                    /usr/lib/jdk1.8.0_131/jre/lib/amd64/libjava.so
7f944b464000-7f944b466000 rw-p 0002a000 08:08 2507898                    /usr/lib/jdk1.8.0_131/jre/lib/amd64/libjava.so
7f944b466000-7f944b473000 r-xp 00000000 08:08 2507903                    /usr/lib/jdk1.8.0_131/jre/lib/amd64/libverify.so
7f944b473000-7f944b672000 ---p 0000d000 08:08 2507903                    /usr/lib/jdk1.8.0_131/jre/lib/amd64/libverify.so
7f944b672000-7f944b674000 rw-p 0000c000 08:08 2507903                    /usr/lib/jdk1.8.0_131/jre/lib/amd64/libverify.so
7f944b674000-7f944b67b000 r-xp 00000000 08:08 655448                     /lib/x86_64-linux-gnu/librt-2.23.so
7f944b67b000-7f944b87a000 ---p 00007000 08:08 655448                     /lib/x86_64-linux-gnu/librt-2.23.so
7f944b87a000-7f944b87b000 r--p 00006000 08:08 655448                     /lib/x86_64-linux-gnu/librt-2.23.so
7f944b87b000-7f944b87c000 rw-p 00007000 08:08 655448                     /lib/x86_64-linux-gnu/librt-2.23.so
7f944b87c000-7f944b984000 r-xp 00000000 08:08 655457                     /lib/x86_64-linux-gnu/libm-2.23.so
7f944b984000-7f944bb83000 ---p 00108000 08:08 655457                     /lib/x86_64-linux-gnu/libm-2.23.so
7f944bb83000-7f944bb84000 r--p 00107000 08:08 655457                     /lib/x86_64-linux-gnu/libm-2.23.so
7f944bb84000-7f944bb85000 rw-p 00108000 08:08 655457                     /lib/x86_64-linux-gnu/libm-2.23.so
7f944bb85000-7f944c854000 r-xp 00000000 08:08 2507926                    /usr/lib/jdk1.8.0_131/jre/lib/amd64/server/libjvm.so
7f944c854000-7f944ca54000 ---p 00ccf000 08:08 2507926                    /usr/lib/jdk1.8.0_131/jre/lib/amd64/server/libjvm.so
7f944ca54000-7f944cb2d000 rw-p 00ccf000 08:08 2507926                    /usr/lib/jdk1.8.0_131/jre/lib/amd64/server/libjvm.so
7f944cb2d000-7f944cb78000 rw-p 00000000 00:00 0 
7f944cb78000-7f944cd38000 r-xp 00000000 08:08 660010                     /lib/x86_64-linux-gnu/libc-2.23.so
7f944cd38000-7f944cf38000 ---p 001c0000 08:08 660010                     /lib/x86_64-linux-gnu/libc-2.23.so
7f944cf38000-7f944cf3c000 r--p 001c0000 08:08 660010                     /lib/x86_64-linux-gnu/libc-2.23.so
7f944cf3c000-7f944cf3e000 rw-p 001c4000 08:08 660010                     /lib/x86_64-linux-gnu/libc-2.23.so
7f944cf3e000-7f944cf42000 rw-p 00000000 00:00 0 
7f944cf42000-7f944cf45000 r-xp 00000000 08:08 655451                     /lib/x86_64-linux-gnu/libdl-2.23.so
7f944cf45000-7f944d144000 ---p 00003000 08:08 655451                     /lib/x86_64-linux-gnu/libdl-2.23.so
7f944d144000-7f944d145000 r--p 00002000 08:08 655451                     /lib/x86_64-linux-gnu/libdl-2.23.so
7f944d145000-7f944d146000 rw-p 00003000 08:08 655451                     /lib/x86_64-linux-gnu/libdl-2.23.so
7f944d146000-7f944d15b000 r-xp 00000000 08:08 2509527                    /usr/lib/jdk1.8.0_131/lib/amd64/jli/libjli.so
7f944d15b000-7f944d35b000 ---p 00015000 08:08 2509527                    /usr/lib/jdk1.8.0_131/lib/amd64/jli/libjli.so
7f944d35b000-7f944d35c000 rw-p 00015000 08:08 2509527                    /usr/lib/jdk1.8.0_131/lib/amd64/jli/libjli.so
7f944d35c000-7f944d374000 r-xp 00000000 08:08 655445                     /lib/x86_64-linux-gnu/libpthread-2.23.so
7f944d374000-7f944d573000 ---p 00018000 08:08 655445                     /lib/x86_64-linux-gnu/libpthread-2.23.so
7f944d573000-7f944d574000 r--p 00017000 08:08 655445                     /lib/x86_64-linux-gnu/libpthread-2.23.so
7f944d574000-7f944d575000 rw-p 00018000 08:08 655445                     /lib/x86_64-linux-gnu/libpthread-2.23.so
7f944d575000-7f944d579000 rw-p 00000000 00:00 0 
7f944d579000-7f944d59f000 r-xp 00000000 08:08 655374                     /lib/x86_64-linux-gnu/ld-2.23.so
7f944d59f000-7f944d5a9000 r--s 0006c000 08:08 2507831                    /usr/lib/jdk1.8.0_131/jre/lib/javaws.jar
7f944d5a9000-7f944d5ae000 r--s 002f9000 08:08 2507848                    /usr/lib/jdk1.8.0_131/jre/lib/charsets.jar
7f944d5ae000-7f944d67f000 rw-p 00000000 00:00 0 
7f944d67f000-7f944d682000 ---p 00000000 00:00 0 
7f944d682000-7f944d784000 rw-p 00000000 00:00 0 
7f944d784000-7f944d787000 r--s 0001a000 08:08 2507930                    /usr/lib/jdk1.8.0_131/jre/lib/jce.jar
7f944d787000-7f944d789000 r--s 00020000 08:08 1836381                    /home/fbhw/下载/idea-IC-171.4694.23/plugins/junit/lib/junit-rt.jar
7f944d789000-7f944d78b000 r--s 0001a000 08:08 806622                     /home/fbhw/下载/idea-IC-171.4694.23/lib/idea_rt.jar
7f944d78b000-7f944d792000 r--s 000a7000 08:08 2491572                    /usr/lib/jdk1.8.0_131/jre/lib/ext/mysql-connector-java-5.1.7-bin.jar
7f944d792000-7f944d79a000 rw-s 00000000 08:08 929920                     /tmp/hsperfdata_fbhw/2537
7f944d79a000-7f944d79b000 rw-p 00000000 00:00 0 
7f944d79b000-7f944d79c000 r--p 00000000 00:00 0 
7f944d79c000-7f944d79e000 rw-p 00000000 00:00 0 
7f944d79e000-7f944d79f000 r--p 00025000 08:08 655374                     /lib/x86_64-linux-gnu/ld-2.23.so
7f944d79f000-7f944d7a0000 rw-p 00026000 08:08 655374                     /lib/x86_64-linux-gnu/ld-2.23.so
7f944d7a0000-7f944d7a1000 rw-p 00000000 00:00 0 
7ffdf55b1000-7ffdf55d3000 rw-p 00000000 00:00 0                          [stack]
7ffdf55ef000-7ffdf55f1000 r--p 00000000 00:00 0                          [vvar]
7ffdf55f1000-7ffdf55f3000 r-xp 00000000 00:00 0                          [vdso]
ffffffffff600000-ffffffffff601000 r-xp 00000000 00:00 0                  [vsyscall]

VM Arguments:
jvm_args: -ea -Didea.test.cyclic.buffer.size=1048576 -javaagent:/home/fbhw/下载/idea-IC-171.4694.23/lib/idea_rt.jar=38860:/home/fbhw/下载/idea-IC-171.4694.23/bin -Dfile.encoding=UTF-8 
java_command: com.intellij.rt.execution.junit.JUnitStarter -ideVersion5 io.openmessaging.client.producer.AbstractProducerTest
java_class_path (initial): /home/fbhw/下载/idea-IC-171.4694.23/lib/idea_rt.jar:/home/fbhw/下载/idea-IC-171.4694.23/plugins/junit/lib/junit-rt.jar:/usr/lib/jdk1.8.0_131/jre/lib/charsets.jar:/usr/lib/jdk1.8.0_131/jre/lib/deploy.jar:/usr/lib/jdk1.8.0_131/jre/lib/ext/cldrdata.jar:/usr/lib/jdk1.8.0_131/jre/lib/ext/dnsns.jar:/usr/lib/jdk1.8.0_131/jre/lib/ext/jaccess.jar:/usr/lib/jdk1.8.0_131/jre/lib/ext/jfxrt.jar:/usr/lib/jdk1.8.0_131/jre/lib/ext/localedata.jar:/usr/lib/jdk1.8.0_131/jre/lib/ext/nashorn.jar:/usr/lib/jdk1.8.0_131/jre/lib/ext/sunec.jar:/usr/lib/jdk1.8.0_131/jre/lib/ext/sunjce_provider.jar:/usr/lib/jdk1.8.0_131/jre/lib/ext/sunpkcs11.jar:/usr/lib/jdk1.8.0_131/jre/lib/ext/zipfs.jar:/usr/lib/jdk1.8.0_131/jre/lib/javaws.jar:/usr/lib/jdk1.8.0_131/jre/lib/jce.jar:/usr/lib/jdk1.8.0_131/jre/lib/jfr.jar:/usr/lib/jdk1.8.0_131/jre/lib/jfxswt.jar:/usr/lib/jdk1.8.0_131/jre/lib/jsse.jar:/usr/lib/jdk1.8.0_131/jre/lib/management-agent.jar:/usr/lib/jdk1.8.0_131/jre/lib/plugin.jar:/usr/lib/jdk1.8.0_131/jre/lib/resources.jar:/usr/lib/jdk1.8.0_131/jre/lib/rt.jar:/home/fbhw/javaworkpath/boltmq/client/target/test-classes:/home/fbhw/javaworkpath/boltmq/client/target/classes:/home/fbhw/下载/dysms_java/java/api_demo/alicom-dysms-api/libs/aliyun-java-sdk-core-3.3.1.jar:/home/fbhw/下载/dysms_java/java/api_demo/alicom-dysms-api/libs/aliyun-java-sdk-dysmsapi-1.0.0.jar:/home/fbhw/.m2/repository/com/google/protobuf/protobuf-java/3.0.0/protobuf-java-3.0.0.jar:/home/fbhw/.m2/repository/junit/junit/4.12/junit-4.12.jar:/home/fbhw/.m2/repository/org/hamcrest/hamcrest-core/1.3/hamcrest-core-1.3.jar:/home/fbhw/.m2/repository/org/assertj/assertj-core/2.6.0/assertj-core-2.6.0.jar:/home/fbhw/.m2/repository/io/netty/netty-all/5.0.0.Alpha2/netty-all-5.0.0.Alpha2.jar:/home/fbhw/.m2/repository/org/slf4j/slf4j-api/1.7.7/slf4j-api-1.7.7.jar:/home/fbhw/.m2/repository/ch/qos/logback/logback-classic/1.0.13/logback-classic-1.0.13.jar:/home/fbhw/.m2/repository/ch/qos/logback/logback-core/1.0.13/logba
Launcher Type: SUN_STANDARD

Environment Variables:
JAVA_HOME=/usr/lib/jdk1.8.0_131
CLASSPATH=../lib/bootstrap.jar:../lib/extensions.jar:../lib/util.jar:../lib/jdom.jar:../lib/log4j.jar:../lib/trove4j.jar:../lib/jna.jar:../jre64/lib/tools.jar
PATH=/usr/lib/jdk1.8.0_131/bin:/usr/lib/jdk1.8.0_131/jre/bin:/usr/local/sbin:/usr/local/bin:/usr/sbin:/usr/bin:/sbin:/bin:/usr/games:/usr/local/games:/snap/bin:/usr/local/go/bin/:/usr/local/go/pkg/tool/
LD_LIBRARY_PATH=.:
SHELL=/bin/bash
DISPLAY=:0

Signal Handlers:
SIGSEGV: [libjvm.so+0xac8af0], sa_mask[0]=11111111011111111101111111111110, sa_flags=SA_RESTART|SA_SIGINFO
SIGBUS: [libjvm.so+0xac8af0], sa_mask[0]=11111111011111111101111111111110, sa_flags=SA_RESTART|SA_SIGINFO
SIGFPE: [libjvm.so+0x921dd0], sa_mask[0]=11111111011111111101111111111110, sa_flags=SA_RESTART|SA_SIGINFO
SIGPIPE: [libjvm.so+0x921dd0], sa_mask[0]=11111111011111111101111111111110, sa_flags=SA_RESTART|SA_SIGINFO
SIGXFSZ: [libjvm.so+0x921dd0], sa_mask[0]=11111111011111111101111111111110, sa_flags=SA_RESTART|SA_SIGINFO
SIGILL: [libjvm.so+0x921dd0], sa_mask[0]=11111111011111111101111111111110, sa_flags=SA_RESTART|SA_SIGINFO
SIGUSR1: SIG_DFL, sa_mask[0]=00000000000000000000000000000000, sa_flags=none
SIGUSR2: [libjvm.so+0x923610], sa_mask[0]=00100000000000000000000000000000, sa_flags=SA_RESTART|SA_SIGINFO
SIGHUP: [libjvm.so+0x924a10], sa_mask[0]=11111111011111111101111111111110, sa_flags=SA_RESTART|SA_SIGINFO
SIGINT: [libjvm.so+0x924a10], sa_mask[0]=11111111011111111101111111111110, sa_flags=SA_RESTART|SA_SIGINFO
SIGTERM: [libjvm.so+0x924a10], sa_mask[0]=11111111011111111101111111111110, sa_flags=SA_RESTART|SA_SIGINFO
SIGQUIT: [libjvm.so+0x924a10], sa_mask[0]=11111111011111111101111111111110, sa_flags=SA_RESTART|SA_SIGINFO


---------------  S Y S T E M  ---------------

OS:DISTRIB_ID=Ubuntu
DISTRIB_RELEASE=16.04
DISTRIB_CODENAME=xenial
DISTRIB_DESCRIPTION="Ubuntu 16.04 LTS"

uname:Linux 4.4.0-104-generic #127-Ubuntu SMP Mon Dec 11 12:16:42 UTC 2017 x86_64
libc:glibc 2.23 NPTL 2.23 
rlimit: STACK 8192k, CORE 0k, NPROC 31206, NOFILE 65536, AS infinity
load average:4.10 2.60 1.36

/proc/meminfo:
MemTotal:        8096364 kB
MemFree:          159228 kB
MemAvailable:     958704 kB
Buffers:           64852 kB
Cached:          1066016 kB
SwapCached:          464 kB
Active:          6732976 kB
Inactive:         956024 kB
Active(anon):    6218484 kB
Inactive(anon):   482548 kB
Active(file):     514492 kB
Inactive(file):   473476 kB
Unevictable:           0 kB
Mlocked:               0 kB
SwapTotal:       8309756 kB
SwapFree:        8303820 kB
Dirty:               180 kB
Writeback:             0 kB
AnonPages:       6557736 kB
Mapped:           283260 kB
Shmem:            142884 kB
Slab:             104364 kB
SReclaimable:      67972 kB
SUnreclaim:        36392 kB
KernelStack:       10208 kB
PageTables:        41336 kB
NFS_Unstable:          0 kB
Bounce:                0 kB
WritebackTmp:          0 kB
CommitLimit:    12357936 kB
Committed_AS:   10216860 kB
VmallocTotal:   34359738367 kB
VmallocUsed:           0 kB
VmallocChunk:          0 kB
HardwareCorrupted:     0 kB
AnonHugePages:   5095424 kB
CmaTotal:              0 kB
CmaFree:               0 kB
HugePages_Total:       0
HugePages_Free:        0
HugePages_Rsvd:        0
HugePages_Surp:        0
Hugepagesize:       2048 kB
DirectMap4k:      126636 kB
DirectMap2M:     2940928 kB
DirectMap1G:     6291456 kB


CPU:total 4 (initial active 4) (2 cores per cpu, 2 threads per core) family 6 model 69 stepping 1, cmov, cx8, fxsr, mmx, sse, sse2, sse3, ssse3, sse4.1, sse4.2, popcnt, avx, avx2, aes, clmul, erms, lzcnt, ht, tsc, tscinvbit, bmi1, bmi2

/proc/cpuinfo:
processor	: 0
vendor_id	: GenuineIntel
cpu family	: 6
model		: 69
model name	: Intel(R) Core(TM) i5-4210U CPU @ 1.70GHz
stepping	: 1
microcode	: 0x1c
cpu MHz		: 2400.000
cache size	: 3072 KB
physical id	: 0
siblings	: 4
core id		: 0
cpu cores	: 2
apicid		: 0
initial apicid	: 0
fpu		: yes
fpu_exception	: yes
cpuid level	: 13
wp		: yes
flags		: fpu vme de pse tsc msr pae mce cx8 apic sep mtrr pge mca cmov pat pse36 clflush dts acpi mmx fxsr sse sse2 ss ht tm pbe syscall nx pdpe1gb rdtscp lm constant_tsc arch_perfmon pebs bts rep_good nopl xtopology nonstop_tsc aperfmperf eagerfpu pni pclmulqdq dtes64 monitor ds_cpl vmx est tm2 ssse3 sdbg fma cx16 xtpr pdcm pcid sse4_1 sse4_2 movbe popcnt tsc_deadline_timer aes xsave avx f16c rdrand lahf_lm abm epb tpr_shadow vnmi flexpriority ept vpid fsgsbase tsc_adjust bmi1 avx2 smep bmi2 erms invpcid xsaveopt dtherm ida arat pln pts
bugs		:
bogomips	: 4788.92
clflush size	: 64
cache_alignment	: 64
address sizes	: 39 bits physical, 48 bits virtual
power management:

processor	: 1
vendor_id	: GenuineIntel
cpu family	: 6
model		: 69
model name	: Intel(R) Core(TM) i5-4210U CPU @ 1.70GHz
stepping	: 1
microcode	: 0x1c
cpu MHz		: 2316.562
cache size	: 3072 KB
physical id	: 0
siblings	: 4
core id		: 0
cpu cores	: 2
apicid		: 1
initial apicid	: 1
fpu		: yes
fpu_exception	: yes
cpuid level	: 13
wp		: yes
flags		: fpu vme de pse tsc msr pae mce cx8 apic sep mtrr pge mca cmov pat pse36 clflush dts acpi mmx fxsr sse sse2 ss ht tm pbe syscall nx pdpe1gb rdtscp lm constant_tsc arch_perfmon pebs bts rep_good nopl xtopology nonstop_tsc aperfmperf eagerfpu pni pclmulqdq dtes64 monitor ds_cpl vmx est tm2 ssse3 sdbg fma cx16 xtpr pdcm pcid sse4_1 sse4_2 movbe popcnt tsc_deadline_timer aes xsave avx f16c rdrand lahf_lm abm epb tpr_shadow vnmi flexpriority ept vpid fsgsbase tsc_adjust bmi1 avx2 smep bmi2 erms invpcid xsaveopt dtherm ida arat pln pts
bugs		:
bogomips	: 4788.92
clflush size	: 64
cache_alignment	: 64
address sizes	: 39 bits physical, 48 bits virtual
power management:

processor	: 2
vendor_id	: GenuineIntel
cpu family	: 6
model		: 69
model name	: Intel(R) Core(TM) i5-4210U CPU @ 1.70GHz
stepping	: 1
microcode	: 0x1c
cpu MHz		: 2424.750
cache size	: 3072 KB
physical id	: 0
siblings	: 4
core id		: 1
cpu cores	: 2
apicid		: 2
initial apicid	: 2
fpu		: yes
fpu_exception	: yes
cpuid level	: 13
wp		: yes
flags		: fpu vme de pse tsc msr pae mce cx8 apic sep mtrr pge mca cmov pat pse36 clflush dts acpi mmx fxsr sse sse2 ss ht tm pbe syscall nx pdpe1gb rdtscp lm constant_tsc arch_perfmon pebs bts rep_good nopl xtopology nonstop_tsc aperfmperf eagerfpu pni pclmulqdq dtes64 monitor ds_cpl vmx est tm2 ssse3 sdbg fma cx16 xtpr pdcm pcid sse4_1 sse4_2 movbe popcnt tsc_deadline_timer aes xsave avx f16c rdrand lahf_lm abm epb tpr_shadow vnmi flexpriority ept vpid fsgsbase tsc_adjust bmi1 avx2 smep bmi2 erms invpcid xsaveopt dtherm ida arat pln pts
bugs		:
bogomips	: 4788.92
clflush size	: 64
cache_alignment	: 64
address sizes	: 39 bits physical, 48 bits virtual
power management:

processor	: 3
vendor_id	: GenuineIntel
cpu family	: 6
model		: 69
model name	: Intel(R) Core(TM) i5-4210U CPU @ 1.70GHz
stepping	: 1
microcode	: 0x1c
cpu MHz		: 2393.625
cache size	: 3072 KB
physical id	: 0
siblings	: 4
core id		: 1
cpu cores	: 2
apicid		: 3
initial apicid	: 3
fpu		: yes
fpu_exception	: yes
cpuid level	: 13
wp		: yes
flags		: fpu vme de pse tsc msr pae mce cx8 apic sep mtrr pge mca cmov pat pse36 clflush dts acpi mmx fxsr sse sse2 ss ht tm pbe syscall nx pdpe1gb rdtscp lm constant_tsc arch_perfmon pebs bts rep_good nopl xtopology nonstop_tsc aperfmperf eagerfpu pni pclmulqdq dtes64 monitor ds_cpl vmx est tm2 ssse3 sdbg fma cx16 xtpr pdcm pcid sse4_1 sse4_2 movbe popcnt tsc_deadline_timer aes xsave avx f16c rdrand lahf_lm abm epb tpr_shadow vnmi flexpriority ept vpid fsgsbase tsc_adjust bmi1 avx2 smep bmi2 erms invpcid xsaveopt dtherm ida arat pln pts
bugs		:
bogomips	: 4788.92
clflush size	: 64
cache_alignment	: 64
address sizes	: 39 bits physical, 48 bits virtual
power management:



Memory: 4k page, physical 8096364k(159228k free), swap 8309756k(8303820k free)

vm_info: Java HotSpot(TM) 64-Bit Server VM (25.131-b11) for linux-amd64 JRE (1.8.0_131-b11), built on Mar 15 2017 01:23:40 by "java_re" with gcc 4.3.0 20080428 (Red Hat 4.3.0-8)

time: Wed Dec 20 22:27:58 2017
elapsed time: 196 seconds (0d 0h 3m 16s)

