#
# A fatal error has been detected by the Java Runtime Environment:
#
#  SIGSEGV (0xb) at pc=0x00007f5dc40d99aa, pid=6185, tid=0x00007f5d62dfc700
#
# JRE version: Java(TM) SE Runtime Environment (8.0_131-b11) (build 1.8.0_131-b11)
# Java VM: Java HotSpot(TM) 64-Bit Server VM (25.131-b11 mixed mode linux-amd64 compressed oops)
# Problematic frame:
# J 1853 C2 sun.nio.ch.IOUtil.write(Ljava/io/FileDescriptor;[Ljava/nio/ByteBuffer;IILsun/nio/ch/NativeDispatcher;)J (509 bytes) @ 0x00007f5dc40d99aa [0x00007f5dc40d9460+0x54a]
#
# Failed to write core dump. Core dumps have been disabled. To enable core dumping, try "ulimit -c unlimited" before starting Java again
#
# If you would like to submit a bug report, please visit:
#   http://bugreport.java.com/bugreport/crash.jsp
#

---------------  T H R E A D  ---------------

Current thread (0x00007f5d64003000):  JavaThread "nioEventLoopGroup-0-6" daemon [_thread_in_Java, id=6236, stack(0x00007f5d62cfc000,0x00007f5d62dfd000)]

siginfo: si_signo: 11 (SIGSEGV), si_code: 1 (SEGV_MAPERR), si_addr: 0x00007f5d52081010

Registers:
RAX=0x0000000000400000, RBX=0x00000000006766f0, RCX=0x00007f5d6126f700, RDX=0x0000000000000000
RSP=0x00007f5d62dfb4d0, RBP=0x00000000001902fd, RSI=0x00007f5d62dfb470, RDI=0x00007f5dc3198000
R8 =0x000000000000000a, R9 =0x00000000b31f0828, R10=0x00007f5d52081010, R11=0x00000000b560bd98
R12=0x0000000000000000, R13=0x00000000dc685700, R14=0x00000000b31f07f8, R15=0x00007f5d64003000
RIP=0x00007f5dc40d99aa, EFLAGS=0x0000000000010202, CSGSFS=0x0000000000000033, ERR=0x0000000000000006
  TRAPNO=0x000000000000000e

Top of Stack: (sp=0x00007f5d62dfb4d0)
0x00007f5d62dfb4d0:   00000000b560bd98 00007f5d00000000
0x00007f5d62dfb4e0:   00007f5d64003b50 00007f5d64003b68
0x00007f5d62dfb4f0:   00007f5d62dfb550 00007f5dd866695b
0x00007f5d62dfb500:   00007f5d62dfba00 0000000000000000
0x00007f5d62dfb510:   00007f5d62dfb560 00007f5dc40c4d6c
0x00007f5d62dfb520:   0000000085e89b08 000000008475add0
0x00007f5d62dfb530:   00007f5d62dfb550 0000000085e89b48
0x00007f5d62dfb540:   00007f5d62dfb5e8 00007f5dc3d60dd0
0x00007f5d62dfb550:   00000000850b81c8 00007f5dc3d60dd0
0x00007f5d62dfb560:   000000008475add0 00000000001902fd
0x00007f5d62dfb570:   0000000000000000 00000000b560bd98
0x00007f5d62dfb580:   0000000085e89b08 0000000000000021
0x00007f5d62dfb590:   0000000000000000 0000000000000021
0x00007f5d62dfb5a0:   0000000085e89b38 00007f5d62dfb588
0x00007f5d62dfb5b0:   00007f5db3a1012c 00007f5d62dfb680
0x00007f5d62dfb5c0:   00007f5db3a12d58 0000000000000000
0x00007f5d62dfb5d0:   00007f5db3a102d0 00007f5d62dfb560
0x00007f5d62dfb5e0:   00007f5d62dfb690 0000000085e3e598
0x00007f5d62dfb5f0:   00007f5dc433e8c8 0000000000000000
0x00007f5d62dfb600:   0000000000000000 0000000000000000
0x00007f5d62dfb610:   0000000000000000 0000000000000000
0x00007f5d62dfb620:   0000000000000000 0000000000000000
0x00007f5d62dfb630:   0000000000000000 0000000000000000
0x00007f5d62dfb640:   0000000000000000 0000000085e89b48
0x00007f5d62dfb650:   0000000000000000 0000000000000000
0x00007f5d62dfb660:   0000000085e89b38 00000000001902fd
0x00007f5d62dfb670:   0000000000000000 00000000b560bd98
0x00007f5d62dfb680:   0000000085e89a38 00007f5dc433e8c8
0x00007f5d62dfb690:   001902fd00000000 0000000085e3e570
0x00007f5d62dfb6a0:   0000000085e3e598 0000000085e3e4a0
0x00007f5d62dfb6b0:   0000000000fa1de2 0000000f85e89a38
0x00007f5d62dfb6c0:   0000000000000000 0000000185e3e598 

Instructions: (pc=0x00007f5dc40d99aa)
0x00007f5dc40d998a:   00 00 48 63 cb 49 03 4d 10 c4 c1 79 7e e2 41 83
0x00007f5dc40d999a:   fa 04 0f 84 ab 04 00 00 45 8b 4e 18 4d 8b 51 18
0x00007f5dc40d99aa:   49 89 0a 4d 63 c0 4d 89 42 08 41 ba 01 00 00 00
0x00007f5dc40d99ba:   c5 f9 7e d1 e9 2c fb ff ff c5 f9 7e d1 be 65 ff 

Register to memory mapping:

RAX=0x0000000000400000: <offset 0> in /usr/lib/jdk1.8.0_131/bin/java at 0x0000000000400000
RBX=0x00000000006766f0 is an unknown value
RCX=0x00007f5d6126f700 is an unknown value
RDX=0x0000000000000000 is an unknown value
RSP=0x00007f5d62dfb4d0 is pointing into the stack for thread: 0x00007f5d64003000
RBP=0x00000000001902fd is an unknown value
RSI=0x00007f5d62dfb470 is pointing into the stack for thread: 0x00007f5d64003000
RDI=0x00007f5dc3198000 is an unknown value
R8 =0x000000000000000a is an unknown value
R9 =0x00000000b31f0828 is an oop
sun.nio.ch.AllocatedNativeObject 
 - klass: 'sun/nio/ch/AllocatedNativeObject'
R10=0x00007f5d52081010 is an unknown value
R11=0x00000000b560bd98 is an oop
[Ljava.nio.ByteBuffer; 
 - klass: 'java/nio/ByteBuffer'[]
 - length: 4194304
R12=0x0000000000000000 is an unknown value
R13=0x00000000dc685700 is an oop
java.nio.DirectByteBuffer 
 - klass: 'java/nio/DirectByteBuffer'
R14=0x00000000b31f07f8 is an oop
sun.nio.ch.IOVecWrapper 
 - klass: 'sun/nio/ch/IOVecWrapper'
R15=0x00007f5d64003000 is a thread


Stack: [0x00007f5d62cfc000,0x00007f5d62dfd000],  sp=0x00007f5d62dfb4d0,  free space=1021k
Native frames: (J=compiled Java code, j=interpreted, Vv=VM code, C=native code)
J 1853 C2 sun.nio.ch.IOUtil.write(Ljava/io/FileDescriptor;[Ljava/nio/ByteBuffer;IILsun/nio/ch/NativeDispatcher;)J (509 bytes) @ 0x00007f5dc40d99aa [0x00007f5dc40d9460+0x54a]
j  sun.nio.ch.SocketChannelImpl.write([Ljava/nio/ByteBuffer;II)J+196
J 1764 C2 io.netty.channel.AbstractChannel$AbstractUnsafe.flush0()V (123 bytes) @ 0x00007f5dc433e8c8 [0x00007f5dc433dca0+0xc28]
J 1802 C2 io.netty.util.concurrent.SingleThreadEventExecutor$2.run()V (67 bytes) @ 0x00007f5dc4356484 [0x00007f5dc4355820+0xc64]
j  io.netty.util.internal.chmv8.ForkJoinTask$RunnableExecuteAction.exec()Z+4
J 1669 C2 io.netty.util.internal.chmv8.ForkJoinTask.doExec()I (37 bytes) @ 0x00007f5dc42cd210 [0x00007f5dc42cd1c0+0x50]
J 1614 C2 io.netty.util.internal.chmv8.ForkJoinPool.scan(Lio/netty/util/internal/chmv8/ForkJoinPool$WorkQueue;I)I (317 bytes) @ 0x00007f5dc42a58ec [0x00007f5dc42a5740+0x1ac]
j  io.netty.util.internal.chmv8.ForkJoinPool.runWorker(Lio/netty/util/internal/chmv8/ForkJoinPool$WorkQueue;)V+13
j  io.netty.util.internal.chmv8.ForkJoinWorkerThread.run()V+14
v  ~StubRoutines::call_stub
V  [libjvm.so+0x691d16]  JavaCalls::call_helper(JavaValue*, methodHandle*, JavaCallArguments*, Thread*)+0x1056
V  [libjvm.so+0x692221]  JavaCalls::call_virtual(JavaValue*, KlassHandle, Symbol*, Symbol*, JavaCallArguments*, Thread*)+0x321
V  [libjvm.so+0x6926c7]  JavaCalls::call_virtual(JavaValue*, Handle, KlassHandle, Symbol*, Symbol*, Thread*)+0x47
V  [libjvm.so+0x72da50]  thread_entry(JavaThread*, Thread*)+0xa0
V  [libjvm.so+0xa76833]  JavaThread::thread_main_inner()+0x103
V  [libjvm.so+0xa7697c]  JavaThread::run()+0x11c
V  [libjvm.so+0x927568]  java_start(Thread*)+0x108
C  [libpthread.so.0+0x76ba]  start_thread+0xca


---------------  P R O C E S S  ---------------

Java Threads: ( => current thread )
  0x00007f5d68002800 JavaThread "nioEventLoopGroup-0-7" daemon [_thread_in_native, id=6237, stack(0x00007f5d62bfb000,0x00007f5d62cfc000)]
=>0x00007f5d64003000 JavaThread "nioEventLoopGroup-0-6" daemon [_thread_in_Java, id=6236, stack(0x00007f5d62cfc000,0x00007f5d62dfd000)]
  0x00007f5d6c017000 JavaThread "nioEventLoopGroup-0-5" daemon [_thread_blocked, id=6235, stack(0x00007f5d62dfd000,0x00007f5d62efe000)]
  0x00007f5d64001000 JavaThread "nioEventLoopGroup-0-4" daemon [_thread_in_native, id=6234, stack(0x00007f5d63eff000,0x00007f5d64000000)]
  0x00007f5d6c015000 JavaThread "nioEventLoopGroup-0-3" daemon [_thread_in_native, id=6233, stack(0x00007f5db00dc000,0x00007f5db01dd000)]
  0x00007f5d6c002000 JavaThread "nioEventLoopGroup-0-2" daemon [_thread_in_native, id=6232, stack(0x00007f5db21df000,0x00007f5db22e0000)]
  0x00007f5d78010000 JavaThread "threadDeathWatcher-2-1" daemon [_thread_blocked, id=6223, stack(0x00007f5db32e1000,0x00007f5db33e2000)]
  0x00007f5d7800c000 JavaThread "nioEventLoopGroup-0-1" daemon [_thread_blocked, id=6222, stack(0x00007f5db35e2000,0x00007f5db36e3000)]
  0x00007f5d7405f800 JavaThread "nioEventLoopGroup-0-0" daemon [_thread_in_native, id=6221, stack(0x00007f5db36e3000,0x00007f5db37e4000)]
  0x00007f5dd4517800 JavaThread "Timer-0" [_thread_blocked, id=6220, stack(0x00007f5db3bed000,0x00007f5db3cee000)]
  0x00007f5dd41c6000 JavaThread "Service Thread" daemon [_thread_blocked, id=6208, stack(0x00007f5db812f000,0x00007f5db8230000)]
  0x00007f5dd41c3000 JavaThread "C1 CompilerThread2" daemon [_thread_blocked, id=6207, stack(0x00007f5dc00b3000,0x00007f5dc01b4000)]
  0x00007f5dd41c0800 JavaThread "C2 CompilerThread1" daemon [_thread_blocked, id=6206, stack(0x00007f5dc06cc000,0x00007f5dc07cd000)]
  0x00007f5dd41bf000 JavaThread "C2 CompilerThread0" daemon [_thread_blocked, id=6205, stack(0x00007f5dc07cd000,0x00007f5dc08ce000)]
  0x00007f5dd41ac800 JavaThread "Monitor Ctrl-Break" daemon [_thread_in_native, id=6204, stack(0x00007f5dc08ce000,0x00007f5dc09cf000)]
  0x00007f5dd417d000 JavaThread "Signal Dispatcher" daemon [_thread_blocked, id=6203, stack(0x00007f5dc09cf000,0x00007f5dc0ad0000)]
  0x00007f5dd414d000 JavaThread "Finalizer" daemon [_thread_blocked, id=6196, stack(0x00007f5dc0f5b000,0x00007f5dc105c000)]
  0x00007f5dd4148000 JavaThread "Reference Handler" daemon [_thread_blocked, id=6195, stack(0x00007f5dc105c000,0x00007f5dc115d000)]
  0x00007f5dd400b800 JavaThread "main" [_thread_blocked, id=6186, stack(0x00007f5dd9e82000,0x00007f5dd9f83000)]

Other Threads:
  0x00007f5dd4140800 VMThread [stack: 0x00007f5dc115d000,0x00007f5dc125e000] [id=6194]
  0x00007f5dd41c8800 WatcherThread [stack: 0x00007f5db802e000,0x00007f5db812f000] [id=6209]

VM state:not at safepoint (normal execution)

VM Mutex/Monitor currently owned by a thread: None

Heap:
 PSYoungGen      total 450048K, used 195552K [0x00000000d6d00000, 0x0000000100000000, 0x0000000100000000)
  eden space 225280K, 86% used [0x00000000d6d00000,0x00000000e2bf8068,0x00000000e4900000)
  from space 224768K, 0% used [0x00000000f2480000,0x00000000f2480000,0x0000000100000000)
  to   space 224768K, 0% used [0x00000000e4900000,0x00000000e4900000,0x00000000f2480000)
 ParOldGen       total 1350656K, used 1044612K [0x0000000084600000, 0x00000000d6d00000, 0x00000000d6d00000)
  object space 1350656K, 77% used [0x0000000084600000,0x00000000c42213a8,0x00000000d6d00000)
 Metaspace       used 12012K, capacity 12242K, committed 12544K, reserved 1060864K
  class space    used 1452K, capacity 1527K, committed 1536K, reserved 1048576K

Card table byte_map: [0x00007f5dc35bb000,0x00007f5dc3999000] byte_map_base: 0x00007f5dc3198000

Marking Bits: (ParMarkBitMap*) 0x00007f5dd934df60
 Begin Bits: [0x00007f5db8230000, 0x00007f5dba118000)
 End Bits:   [0x00007f5dba118000, 0x00007f5dbc000000)

Polling page: 0x00007f5dd9f9e000

CodeCache: size=245760Kb used=5129Kb max_used=6117Kb free=240630Kb
 bounds [0x00007f5dc3d59000, 0x00007f5dc4379000, 0x00007f5dd2d59000]
 total_blobs=1793 nmethods=1441 adapters=265
 compilation: enabled

Compilation events (10 events):
Event: 366.447 Thread 0x00007f5dd41bf000 1889       4       io.netty.buffer.PoolChunk::updateParentsFree (89 bytes)
Event: 366.450 Thread 0x00007f5dd41bf000 nmethod 1889 0x00007f5dc40bf850 code [0x00007f5dc40bf9a0, 0x00007f5dc40bfb78]
Event: 366.470 Thread 0x00007f5dd41c0800 1890       4       io.netty.buffer.PoolSubpage::addToPool (70 bytes)
Event: 366.473 Thread 0x00007f5dd41c0800 nmethod 1890 0x00007f5dc41125d0 code [0x00007f5dc4112740, 0x00007f5dc4112918]
Event: 369.144 Thread 0x00007f5dd41c3000 1891       3       java.lang.String::<init> (100 bytes)
Event: 369.144 Thread 0x00007f5dd41c3000 nmethod 1891 0x00007f5dc4108990 code [0x00007f5dc4108b40, 0x00007f5dc4109048]
Event: 369.188 Thread 0x00007f5dd41bf000 1892       4       io.netty.util.internal.MpscLinkedQueueNode::clearMaybe (5 bytes)
Event: 369.189 Thread 0x00007f5dd41bf000 nmethod 1892 0x00007f5dc40db390 code [0x00007f5dc40db4e0, 0x00007f5dc40db578]
Event: 369.283 Thread 0x00007f5dd41c3000 1893       3       io.netty.buffer.PoolThreadCache::trim (43 bytes)
Event: 369.283 Thread 0x00007f5dd41c3000 nmethod 1893 0x00007f5dc40f9410 code [0x00007f5dc40f95c0, 0x00007f5dc40f9858]

GC Heap History (10 events):
Event: 358.029 GC heap before
{Heap before GC invocations=82 (full 64):
 PSYoungGen      total 450048K, used 219432K [0x00000000d6d00000, 0x0000000100000000, 0x0000000100000000)
  eden space 225280K, 97% used [0x00000000d6d00000,0x00000000e434a2a8,0x00000000e4900000)
  from space 224768K, 0% used [0x00000000f2480000,0x00000000f2480000,0x0000000100000000)
  to   space 224768K, 0% used [0x00000000e4900000,0x00000000e4900000,0x00000000f2480000)
 ParOldGen       total 1350656K, used 1350609K [0x0000000084600000, 0x00000000d6d00000, 0x00000000d6d00000)
  object space 1350656K, 99% used [0x0000000084600000,0x00000000d6cf4480,0x00000000d6d00000)
 Metaspace       used 12006K, capacity 12242K, committed 12544K, reserved 1060864K
  class space    used 1452K, capacity 1527K, committed 1536K, reserved 1048576K
Event: 360.376 GC heap after
Heap after GC invocations=82 (full 64):
 PSYoungGen      total 450048K, used 219384K [0x00000000d6d00000, 0x0000000100000000, 0x0000000100000000)
  eden space 225280K, 97% used [0x00000000d6d00000,0x00000000e433e1b0,0x00000000e4900000)
  from space 224768K, 0% used [0x00000000f2480000,0x00000000f2480000,0x0000000100000000)
  to   space 224768K, 0% used [0x00000000e4900000,0x00000000e4900000,0x00000000f2480000)
 ParOldGen       total 1350656K, used 1350609K [0x0000000084600000, 0x00000000d6d00000, 0x00000000d6d00000)
  object space 1350656K, 99% used [0x0000000084600000,0x00000000d6cf4480,0x00000000d6d00000)
 Metaspace       used 12006K, capacity 12242K, committed 12544K, reserved 1060864K
  class space    used 1452K, capacity 1527K, committed 1536K, reserved 1048576K
}
Event: 360.376 GC heap before
{Heap before GC invocations=83 (full 65):
 PSYoungGen      total 450048K, used 219384K [0x00000000d6d00000, 0x0000000100000000, 0x0000000100000000)
  eden space 225280K, 97% used [0x00000000d6d00000,0x00000000e433e1b0,0x00000000e4900000)
  from space 224768K, 0% used [0x00000000f2480000,0x00000000f2480000,0x0000000100000000)
  to   space 224768K, 0% used [0x00000000e4900000,0x00000000e4900000,0x00000000f2480000)
 ParOldGen       total 1350656K, used 1350609K [0x0000000084600000, 0x00000000d6d00000, 0x00000000d6d00000)
  object space 1350656K, 99% used [0x0000000084600000,0x00000000d6cf4480,0x00000000d6d00000)
 Metaspace       used 12006K, capacity 12242K, committed 12544K, reserved 1060864K
  class space    used 1452K, capacity 1527K, committed 1536K, reserved 1048576K
Event: 363.040 GC heap after
Heap after GC invocations=83 (full 65):
 PSYoungGen      total 450048K, used 219384K [0x00000000d6d00000, 0x0000000100000000, 0x0000000100000000)
  eden space 225280K, 97% used [0x00000000d6d00000,0x00000000e433e1b0,0x00000000e4900000)
  from space 224768K, 0% used [0x00000000f2480000,0x00000000f2480000,0x0000000100000000)
  to   space 224768K, 0% used [0x00000000e4900000,0x00000000e4900000,0x00000000f2480000)
 ParOldGen       total 1350656K, used 1350609K [0x0000000084600000, 0x00000000d6d00000, 0x00000000d6d00000)
  object space 1350656K, 99% used [0x0000000084600000,0x00000000d6cf4480,0x00000000d6d00000)
 Metaspace       used 12006K, capacity 12242K, committed 12544K, reserved 1060864K
  class space    used 1452K, capacity 1527K, committed 1536K, reserved 1048576K
}
Event: 363.071 GC heap before
{Heap before GC invocations=84 (full 66):
 PSYoungGen      total 450048K, used 225280K [0x00000000d6d00000, 0x0000000100000000, 0x0000000100000000)
  eden space 225280K, 100% used [0x00000000d6d00000,0x00000000e4900000,0x00000000e4900000)
  from space 224768K, 0% used [0x00000000f2480000,0x00000000f2480000,0x0000000100000000)
  to   space 224768K, 0% used [0x00000000e4900000,0x00000000e4900000,0x00000000f2480000)
 ParOldGen       total 1350656K, used 1350609K [0x0000000084600000, 0x00000000d6d00000, 0x00000000d6d00000)
  object space 1350656K, 99% used [0x0000000084600000,0x00000000d6cf4480,0x00000000d6d00000)
 Metaspace       used 12012K, capacity 12248K, committed 12544K, reserved 1060864K
  class space    used 1452K, capacity 1528K, committed 1536K, reserved 1048576K
Event: 366.364 GC heap after
Heap after GC invocations=84 (full 66):
 PSYoungGen      total 450048K, used 199423K [0x00000000d6d00000, 0x0000000100000000, 0x0000000100000000)
  eden space 225280K, 88% used [0x00000000d6d00000,0x00000000e2fbffc0,0x00000000e4900000)
  from space 224768K, 0% used [0x00000000f2480000,0x00000000f2480000,0x0000000100000000)
  to   space 224768K, 0% used [0x00000000e4900000,0x00000000e4900000,0x00000000f2480000)
 ParOldGen       total 1350656K, used 1350365K [0x0000000084600000, 0x00000000d6d00000, 0x00000000d6d00000)
  object space 1350656K, 99% used [0x0000000084600000,0x00000000d6cb77f0,0x00000000d6d00000)
 Metaspace       used 12008K, capacity 12242K, committed 12544K, reserved 1060864K
  class space    used 1452K, capacity 1527K, committed 1536K, reserved 1048576K
}
Event: 366.527 GC heap before
{Heap before GC invocations=85 (full 67):
 PSYoungGen      total 450048K, used 225280K [0x00000000d6d00000, 0x0000000100000000, 0x0000000100000000)
  eden space 225280K, 100% used [0x00000000d6d00000,0x00000000e4900000,0x00000000e4900000)
  from space 224768K, 0% used [0x00000000f2480000,0x00000000f2480000,0x0000000100000000)
  to   space 224768K, 0% used [0x00000000e4900000,0x00000000e4900000,0x00000000f2480000)
 ParOldGen       total 1350656K, used 1350365K [0x0000000084600000, 0x00000000d6d00000, 0x00000000d6d00000)
  object space 1350656K, 99% used [0x0000000084600000,0x00000000d6cb77f0,0x00000000d6d00000)
 Metaspace       used 12008K, capacity 12242K, committed 12544K, reserved 1060864K
  class space    used 1452K, capacity 1527K, committed 1536K, reserved 1048576K
Event: 369.111 GC heap after
Heap after GC invocations=85 (full 67):
 PSYoungGen      total 450048K, used 0K [0x00000000d6d00000, 0x0000000100000000, 0x0000000100000000)
  eden space 225280K, 0% used [0x00000000d6d00000,0x00000000d6d00000,0x00000000e4900000)
  from space 224768K, 0% used [0x00000000f2480000,0x00000000f2480000,0x0000000100000000)
  to   space 224768K, 0% used [0x00000000e4900000,0x00000000e4900000,0x00000000f2480000)
 ParOldGen       total 1350656K, used 1215834K [0x0000000084600000, 0x00000000d6d00000, 0x00000000d6d00000)
  object space 1350656K, 90% used [0x0000000084600000,0x00000000ce956b58,0x00000000d6d00000)
 Metaspace       used 12008K, capacity 12242K, committed 12544K, reserved 1060864K
  class space    used 1452K, capacity 1527K, committed 1536K, reserved 1048576K
}
Event: 369.620 GC heap before
{Heap before GC invocations=86 (full 68):
 PSYoungGen      total 450048K, used 225280K [0x00000000d6d00000, 0x0000000100000000, 0x0000000100000000)
  eden space 225280K, 100% used [0x00000000d6d00000,0x00000000e4900000,0x00000000e4900000)
  from space 224768K, 0% used [0x00000000f2480000,0x00000000f2480000,0x0000000100000000)
  to   space 224768K, 0% used [0x00000000e4900000,0x00000000e4900000,0x00000000f2480000)
 ParOldGen       total 1350656K, used 1215834K [0x0000000084600000, 0x00000000d6d00000, 0x00000000d6d00000)
  object space 1350656K, 90% used [0x0000000084600000,0x00000000ce956b58,0x00000000d6d00000)
 Metaspace       used 12012K, capacity 12242K, committed 12544K, reserved 1060864K
  class space    used 1452K, capacity 1527K, committed 1536K, reserved 1048576K
Event: 372.260 GC heap after
Heap after GC invocations=86 (full 68):
 PSYoungGen      total 450048K, used 0K [0x00000000d6d00000, 0x0000000100000000, 0x0000000100000000)
  eden space 225280K, 0% used [0x00000000d6d00000,0x00000000d6d00000,0x00000000e4900000)
  from space 224768K, 0% used [0x00000000f2480000,0x00000000f2480000,0x0000000100000000)
  to   space 224768K, 0% used [0x00000000e4900000,0x00000000e4900000,0x00000000f2480000)
 ParOldGen       total 1350656K, used 1044612K [0x0000000084600000, 0x00000000d6d00000, 0x00000000d6d00000)
  object space 1350656K, 77% used [0x0000000084600000,0x00000000c42213a8,0x00000000d6d00000)
 Metaspace       used 12012K, capacity 12242K, committed 12544K, reserved 1060864K
  class space    used 1452K, capacity 1527K, committed 1536K, reserved 1048576K
}

Deoptimization events (10 events):
Event: 351.021 Thread 0x00007f5d64003000 Uncommon trap: reason=unstable_if action=reinterpret pc=0x00007f5dc42e5dd4 method=io.netty.buffer.PoolChunk.usage()I @ 6
Event: 351.021 Thread 0x00007f5d64003000 Uncommon trap: reason=unstable_if action=reinterpret pc=0x00007f5dc42c1a94 method=io.netty.buffer.PoolChunk.usage()I @ 6
Event: 363.040 Thread 0x00007f5d64003000 Uncommon trap: reason=unstable_if action=reinterpret pc=0x00007f5dc41bd5e0 method=java.nio.channels.spi.AbstractInterruptibleChannel.end(Z)V @ 31
Event: 363.040 Thread 0x00007f5d6c015000 Uncommon trap: reason=bimorphic action=maybe_recompile pc=0x00007f5dc41be0c4 method=io.netty.util.internal.MpscLinkedQueueNode.clearMaybe()Ljava/lang/Object; @ 1
Event: 363.040 Thread 0x00007f5d6c015000 Uncommon trap: reason=class_check action=maybe_recompile pc=0x00007f5dc4324778 method=io.netty.util.concurrent.DefaultPromise.notifyListeners()V @ 16
Event: 363.044 Thread 0x00007f5d6c015000 Uncommon trap: reason=bimorphic action=maybe_recompile pc=0x00007f5dc40a5278 method=java.util.concurrent.ConcurrentHashMap.get(Ljava/lang/Object;)Ljava/lang/Object; @ 149
Event: 369.188 Thread 0x00007f5d64003000 Uncommon trap: reason=unstable_if action=reinterpret pc=0x00007f5dc41ec4a8 method=io.netty.channel.ChannelOutboundBuffer.remove(Ljava/lang/Throwable;)Z @ 6
Event: 372.260 Thread 0x00007f5d7405f800 Uncommon trap: reason=unstable_if action=reinterpret pc=0x00007f5dc434ff10 method=io.netty.util.internal.chmv8.ForkJoinPool.externalPush(Lio/netty/util/internal/chmv8/ForkJoinTask;)V @ 85
Event: 372.414 Thread 0x00007f5d64003000 Uncommon trap: reason=unstable_if action=reinterpret pc=0x00007f5dc3feeac8 method=io.netty.channel.ChannelOutboundBuffer.addFlush()V @ 6
Event: 372.414 Thread 0x00007f5d64003000 Uncommon trap: reason=unstable_if action=reinterpret pc=0x00007f5dc3e9e8b0 method=io.netty.channel.ChannelOutboundBuffer.addFlush()V @ 6

Internal exceptions (10 events):
Event: 288.102 Thread 0x00007f5dd452c000 Exception <a 'java/lang/OutOfMemoryError'> (0x000000008502fb48) thrown at [/HUDSON/workspace/8-2-build-linux-amd64/jdk8u131/8869/hotspot/src/share/vm/gc_interface/collectedHeap.inline.hpp, line 170]
Event: 294.417 Thread 0x00007f5d64001000 Implicit null exception at 0x00007f5dc42cba71 to 0x00007f5dc42cc1a5
Event: 301.211 Thread 0x00007f5d7405f800 Implicit null exception at 0x00007f5dc40d23fe to 0x00007f5dc40d2b09
Event: 301.211 Thread 0x00007f5dd4517800 Implicit null exception at 0x00007f5dc4170f70 to 0x00007f5dc4171b69
Event: 301.211 Thread 0x00007f5dd4517800 Implicit null exception at 0x00007f5dc4159dbe to 0x00007f5dc415a321
Event: 301.232 Thread 0x00007f5dd4517800 Implicit null exception at 0x00007f5dc416c455 to 0x00007f5dc416cf9d
Event: 363.040 Thread 0x00007f5d64003000 Exception <a 'java/lang/OutOfMemoryError'> (0x000000008502f998) thrown at [/HUDSON/workspace/8-2-build-linux-amd64/jdk8u131/8869/hotspot/src/share/vm/gc_interface/collectedHeap.inline.hpp, line 159]
Event: 369.188 Thread 0x00007f5d64003000 Implicit null exception at 0x00007f5dc41eb9c3 to 0x00007f5dc41ec489
Event: 372.414 Thread 0x00007f5d64003000 Implicit null exception at 0x00007f5dc3fee5cc to 0x00007f5dc3feeab5
Event: 372.414 Thread 0x00007f5d64003000 Implicit null exception at 0x00007f5dc3e9e49a to 0x00007f5dc3e9e899

Events (10 events):
Event: 372.260 Executing VM operation: ParallelGCFailedAllocation done
Event: 372.260 Thread 0x00007f5d7405f800 Uncommon trap: trap_request=0xffffff65 fr.pc=0x00007f5dc434ff10
Event: 372.260 Thread 0x00007f5d7405f800 DEOPT PACKING pc=0x00007f5dc434ff10 sp=0x00007f5db37e2850
Event: 372.260 Thread 0x00007f5d7405f800 DEOPT UNPACKING pc=0x00007f5dc3d5e229 sp=0x00007f5db37e2600 mode 2
Event: 372.414 Thread 0x00007f5d64003000 Uncommon trap: trap_request=0xffffff65 fr.pc=0x00007f5dc3feeac8
Event: 372.414 Thread 0x00007f5d64003000 DEOPT PACKING pc=0x00007f5dc3feeac8 sp=0x00007f5d62dfb4e0
Event: 372.414 Thread 0x00007f5d64003000 DEOPT UNPACKING pc=0x00007f5dc3d5e229 sp=0x00007f5d62dfb3f0 mode 2
Event: 372.414 Thread 0x00007f5d64003000 Uncommon trap: trap_request=0xffffff65 fr.pc=0x00007f5dc3e9e8b0
Event: 372.414 Thread 0x00007f5d64003000 DEOPT PACKING pc=0x00007f5dc3e9e8b0 sp=0x00007f5d62dfb420
Event: 372.414 Thread 0x00007f5d64003000 DEOPT UNPACKING pc=0x00007f5dc3d5e229 sp=0x00007f5d62dfb3f0 mode 2


Dynamic libraries:
00400000-00401000 r-xp 00000000 08:08 2507804                            /usr/lib/jdk1.8.0_131/bin/java
00600000-00601000 rw-p 00000000 08:08 2507804                            /usr/lib/jdk1.8.0_131/bin/java
0156f000-01590000 rw-p 00000000 00:00 0                                  [heap]
84600000-d6d00000 rw-p 00000000 00:00 0 
d6d00000-100000000 rw-p 00000000 00:00 0 
100000000-100180000 rw-p 00000000 00:00 0 
100180000-140000000 ---p 00000000 00:00 0 
7f5d4c000000-7f5d4c021000 rw-p 00000000 00:00 0 
7f5d4c021000-7f5d50000000 ---p 00000000 00:00 0 
7f5d54000000-7f5d54021000 rw-p 00000000 00:00 0 
7f5d54021000-7f5d58000000 ---p 00000000 00:00 0 
7f5d58000000-7f5d582a7000 rw-p 00000000 00:00 0 
7f5d582a7000-7f5d5c000000 ---p 00000000 00:00 0 
7f5d5c000000-7f5d5c021000 rw-p 00000000 00:00 0 
7f5d5c021000-7f5d60000000 ---p 00000000 00:00 0 
7f5d60bf9000-7f5d61bfa000 rw-p 00000000 00:00 0 
7f5d62bfb000-7f5d62bfe000 ---p 00000000 00:00 0 
7f5d62bfe000-7f5d62cfc000 rw-p 00000000 00:00 0 
7f5d62cfc000-7f5d62cff000 ---p 00000000 00:00 0 
7f5d62cff000-7f5d62dfd000 rw-p 00000000 00:00 0 
7f5d62dfd000-7f5d62e00000 ---p 00000000 00:00 0 
7f5d62e00000-7f5d63eff000 rw-p 00000000 00:00 0 
7f5d63eff000-7f5d63f02000 ---p 00000000 00:00 0 
7f5d63f02000-7f5d64000000 rw-p 00000000 00:00 0 
7f5d64000000-7f5d64021000 rw-p 00000000 00:00 0 
7f5d64021000-7f5d68000000 ---p 00000000 00:00 0 
7f5d68000000-7f5d68021000 rw-p 00000000 00:00 0 
7f5d68021000-7f5d6c000000 ---p 00000000 00:00 0 
7f5d6c000000-7f5d6c021000 rw-p 00000000 00:00 0 
7f5d6c021000-7f5d70000000 ---p 00000000 00:00 0 
7f5d70000000-7f5d70021000 rw-p 00000000 00:00 0 
7f5d70021000-7f5d74000000 ---p 00000000 00:00 0 
7f5d74000000-7f5d74080000 rw-p 00000000 00:00 0 
7f5d74080000-7f5d78000000 ---p 00000000 00:00 0 
7f5d78000000-7f5d78021000 rw-p 00000000 00:00 0 
7f5d78021000-7f5d7c000000 ---p 00000000 00:00 0 
7f5d7c000000-7f5d7c021000 rw-p 00000000 00:00 0 
7f5d7c021000-7f5d80000000 ---p 00000000 00:00 0 
7f5d80000000-7f5d80058000 rw-p 00000000 00:00 0 
7f5d80058000-7f5d84000000 ---p 00000000 00:00 0 
7f5d84000000-7f5d84527000 rw-p 00000000 00:00 0 
7f5d84527000-7f5d88000000 ---p 00000000 00:00 0 
7f5d88000000-7f5d88021000 rw-p 00000000 00:00 0 
7f5d88021000-7f5d8c000000 ---p 00000000 00:00 0 
7f5d8c000000-7f5d8ca64000 rw-p 00000000 00:00 0 
7f5d8ca64000-7f5d90000000 ---p 00000000 00:00 0 
7f5d90000000-7f5d90ab4000 rw-p 00000000 00:00 0 
7f5d90ab4000-7f5d94000000 ---p 00000000 00:00 0 
7f5d94000000-7f5d94021000 rw-p 00000000 00:00 0 
7f5d94021000-7f5d98000000 ---p 00000000 00:00 0 
7f5d98000000-7f5d98021000 rw-p 00000000 00:00 0 
7f5d98021000-7f5d9c000000 ---p 00000000 00:00 0 
7f5d9c000000-7f5d9c021000 rw-p 00000000 00:00 0 
7f5d9c021000-7f5da0000000 ---p 00000000 00:00 0 
7f5da0000000-7f5da0021000 rw-p 00000000 00:00 0 
7f5da0021000-7f5da4000000 ---p 00000000 00:00 0 
7f5da4000000-7f5da4021000 rw-p 00000000 00:00 0 
7f5da4021000-7f5da8000000 ---p 00000000 00:00 0 
7f5da8000000-7f5da812b000 rw-p 00000000 00:00 0 
7f5da812b000-7f5dac000000 ---p 00000000 00:00 0 
7f5dac000000-7f5dac021000 rw-p 00000000 00:00 0 
7f5dac021000-7f5db0000000 ---p 00000000 00:00 0 
7f5db00dc000-7f5db00df000 ---p 00000000 00:00 0 
7f5db00df000-7f5db21df000 rw-p 00000000 00:00 0 
7f5db21df000-7f5db21e2000 ---p 00000000 00:00 0 
7f5db21e2000-7f5db32e1000 rw-p 00000000 00:00 0 
7f5db32e1000-7f5db32e4000 ---p 00000000 00:00 0 
7f5db32e4000-7f5db34a2000 rw-p 00000000 00:00 0 
7f5db34a2000-7f5db35e2000 ---p 00000000 00:00 0 
7f5db35e2000-7f5db35e5000 ---p 00000000 00:00 0 
7f5db35e5000-7f5db36e3000 rw-p 00000000 00:00 0 
7f5db36e3000-7f5db36e6000 ---p 00000000 00:00 0 
7f5db36e6000-7f5db37e4000 rw-p 00000000 00:00 0 
7f5db37e4000-7f5db37ed000 r-xp 00000000 08:08 2507916                    /usr/lib/jdk1.8.0_131/jre/lib/amd64/libmanagement.so
7f5db37ed000-7f5db39ec000 ---p 00009000 08:08 2507916                    /usr/lib/jdk1.8.0_131/jre/lib/amd64/libmanagement.so
7f5db39ec000-7f5db39ed000 rw-p 00008000 08:08 2507916                    /usr/lib/jdk1.8.0_131/jre/lib/amd64/libmanagement.so
7f5db39ed000-7f5db3bed000 rw-p 00000000 00:00 0 
7f5db3bed000-7f5db3bf0000 ---p 00000000 00:00 0 
7f5db3bf0000-7f5db3cee000 rw-p 00000000 00:00 0 
7f5db3cee000-7f5db3cff000 r-xp 00000000 08:08 2507911                    /usr/lib/jdk1.8.0_131/jre/lib/amd64/libnio.so
7f5db3cff000-7f5db3efe000 ---p 00011000 08:08 2507911                    /usr/lib/jdk1.8.0_131/jre/lib/amd64/libnio.so
7f5db3efe000-7f5db3eff000 rw-p 00010000 08:08 2507911                    /usr/lib/jdk1.8.0_131/jre/lib/amd64/libnio.so
7f5db3eff000-7f5db3f02000 ---p 00000000 00:00 0 
7f5db3f02000-7f5db4000000 rw-p 00000000 00:00 0 
7f5db4000000-7f5db4021000 rw-p 00000000 00:00 0 
7f5db4021000-7f5db8000000 ---p 00000000 00:00 0 
7f5db8003000-7f5db800d000 r--s 00116000 08:08 2508061                    /usr/lib/jdk1.8.0_131/jre/lib/ext/localedata.jar
7f5db800d000-7f5db802e000 r--p 00000000 08:08 3280382                    /usr/share/locale-langpack/zh_CN/LC_MESSAGES/libc.mo
7f5db802e000-7f5db802f000 ---p 00000000 00:00 0 
7f5db802f000-7f5db812f000 rw-p 00000000 00:00 0 
7f5db812f000-7f5db8132000 ---p 00000000 00:00 0 
7f5db8132000-7f5dbc000000 rw-p 00000000 00:00 0 
7f5dbc000000-7f5dbc021000 rw-p 00000000 00:00 0 
7f5dbc021000-7f5dc0000000 ---p 00000000 00:00 0 
7f5dc0004000-7f5dc0009000 r--s 0009a000 08:08 2507855                    /usr/lib/jdk1.8.0_131/jre/lib/jsse.jar
7f5dc0009000-7f5dc0010000 r--s 00000000 08:08 2759455                    /usr/lib/x86_64-linux-gnu/gconv/gconv-modules.cache
7f5dc0010000-7f5dc001a000 r--s 0005d000 08:08 2369933                    /home/fbhw/.m2/repository/ch/qos/logback/logback-core/1.0.13/logback-core-1.0.13.jar
7f5dc001a000-7f5dc0020000 r--s 0003b000 08:08 2375036                    /home/fbhw/.m2/repository/ch/qos/logback/logback-classic/1.0.13/logback-classic-1.0.13.jar
7f5dc0020000-7f5dc0022000 r--s 00006000 08:08 1710023                    /home/fbhw/.m2/repository/org/slf4j/slf4j-api/1.7.7/slf4j-api-1.7.7.jar
7f5dc0022000-7f5dc0050000 r--s 00263000 08:08 2361338                    /home/fbhw/.m2/repository/io/netty/netty-all/5.0.0.Alpha2/netty-all-5.0.0.Alpha2.jar
7f5dc0050000-7f5dc0064000 r--s 000dc000 08:08 2375283                    /home/fbhw/.m2/repository/org/assertj/assertj-core/2.6.0/assertj-core-2.6.0.jar
7f5dc0064000-7f5dc0066000 r--s 00009000 08:08 1841014                    /home/fbhw/.m2/repository/org/hamcrest/hamcrest-core/1.3/hamcrest-core-1.3.jar
7f5dc0066000-7f5dc006e000 r--s 00045000 08:08 1846761                    /home/fbhw/.m2/repository/junit/junit/4.12/junit-4.12.jar
7f5dc006e000-7f5dc0081000 r--s 00345000 08:08 2507854                    /usr/lib/jdk1.8.0_131/jre/lib/resources.jar
7f5dc0081000-7f5dc0093000 r--s 000d6000 08:08 2507835                    /usr/lib/jdk1.8.0_131/jre/lib/plugin.jar
7f5dc0093000-7f5dc0098000 r--s 0009a000 08:08 2507855                    /usr/lib/jdk1.8.0_131/jre/lib/jsse.jar
7f5dc0098000-7f5dc00b3000 r--s 0020b000 08:08 2507822                    /usr/lib/jdk1.8.0_131/jre/lib/deploy.jar
7f5dc00b3000-7f5dc00b6000 ---p 00000000 00:00 0 
7f5dc00b6000-7f5dc04b5000 rw-p 00000000 00:00 0 
7f5dc04b5000-7f5dc04cb000 r-xp 00000000 08:08 2507908                    /usr/lib/jdk1.8.0_131/jre/lib/amd64/libnet.so
7f5dc04cb000-7f5dc06cb000 ---p 00016000 08:08 2507908                    /usr/lib/jdk1.8.0_131/jre/lib/amd64/libnet.so
7f5dc06cb000-7f5dc06cc000 rw-p 00016000 08:08 2507908                    /usr/lib/jdk1.8.0_131/jre/lib/amd64/libnet.so
7f5dc06cc000-7f5dc06cf000 ---p 00000000 00:00 0 
7f5dc06cf000-7f5dc07cd000 rw-p 00000000 00:00 0 
7f5dc07cd000-7f5dc07d0000 ---p 00000000 00:00 0 
7f5dc07d0000-7f5dc08ce000 rw-p 00000000 00:00 0 
7f5dc08ce000-7f5dc08d1000 ---p 00000000 00:00 0 
7f5dc08d1000-7f5dc09cf000 rw-p 00000000 00:00 0 
7f5dc09cf000-7f5dc09d2000 ---p 00000000 00:00 0 
7f5dc09d2000-7f5dc0ad0000 rw-p 00000000 00:00 0 
7f5dc0ad0000-7f5dc0f5b000 r--p 00000000 08:08 2491892                    /usr/lib/locale/locale-archive
7f5dc0f5b000-7f5dc0f5e000 ---p 00000000 00:00 0 
7f5dc0f5e000-7f5dc105c000 rw-p 00000000 00:00 0 
7f5dc105c000-7f5dc105f000 ---p 00000000 00:00 0 
7f5dc105f000-7f5dc115d000 rw-p 00000000 00:00 0 
7f5dc115d000-7f5dc115e000 ---p 00000000 00:00 0 
7f5dc115e000-7f5dc216d000 rw-p 00000000 00:00 0 
7f5dc216d000-7f5dc2346000 r--s 03d40000 08:08 2507850                    /usr/lib/jdk1.8.0_131/jre/lib/rt.jar
7f5dc2346000-7f5dc2f23000 rw-p 00000000 00:00 0 
7f5dc2f23000-7f5dc2f24000 ---p 00000000 00:00 0 
7f5dc2f24000-7f5dc3024000 rw-p 00000000 00:00 0 
7f5dc3024000-7f5dc3025000 ---p 00000000 00:00 0 
7f5dc3025000-7f5dc3125000 rw-p 00000000 00:00 0 
7f5dc3125000-7f5dc3126000 ---p 00000000 00:00 0 
7f5dc3126000-7f5dc3226000 rw-p 00000000 00:00 0 
7f5dc3226000-7f5dc3227000 ---p 00000000 00:00 0 
7f5dc3227000-7f5dc35bb000 rw-p 00000000 00:00 0 
7f5dc35bb000-7f5dc384e000 rw-p 00000000 00:00 0 
7f5dc384e000-7f5dc3998000 rw-p 00000000 00:00 0 
7f5dc3998000-7f5dc39b2000 rw-p 00000000 00:00 0 
7f5dc39b2000-7f5dc3d59000 ---p 00000000 00:00 0 
7f5dc3d59000-7f5dc4379000 rwxp 00000000 00:00 0 
7f5dc4379000-7f5dd2d59000 ---p 00000000 00:00 0 
7f5dd2d59000-7f5dd2d73000 r-xp 00000000 08:08 2507904                    /usr/lib/jdk1.8.0_131/jre/lib/amd64/libzip.so
7f5dd2d73000-7f5dd2f73000 ---p 0001a000 08:08 2507904                    /usr/lib/jdk1.8.0_131/jre/lib/amd64/libzip.so
7f5dd2f73000-7f5dd2f74000 rw-p 0001a000 08:08 2507904                    /usr/lib/jdk1.8.0_131/jre/lib/amd64/libzip.so
7f5dd2f74000-7f5dd2f7f000 r-xp 00000000 08:08 655443                     /lib/x86_64-linux-gnu/libnss_files-2.23.so
7f5dd2f7f000-7f5dd317e000 ---p 0000b000 08:08 655443                     /lib/x86_64-linux-gnu/libnss_files-2.23.so
7f5dd317e000-7f5dd317f000 r--p 0000a000 08:08 655443                     /lib/x86_64-linux-gnu/libnss_files-2.23.so
7f5dd317f000-7f5dd3180000 rw-p 0000b000 08:08 655443                     /lib/x86_64-linux-gnu/libnss_files-2.23.so
7f5dd3180000-7f5dd3186000 rw-p 00000000 00:00 0 
7f5dd3186000-7f5dd3191000 r-xp 00000000 08:08 655446                     /lib/x86_64-linux-gnu/libnss_nis-2.23.so
7f5dd3191000-7f5dd3390000 ---p 0000b000 08:08 655446                     /lib/x86_64-linux-gnu/libnss_nis-2.23.so
7f5dd3390000-7f5dd3391000 r--p 0000a000 08:08 655446                     /lib/x86_64-linux-gnu/libnss_nis-2.23.so
7f5dd3391000-7f5dd3392000 rw-p 0000b000 08:08 655446                     /lib/x86_64-linux-gnu/libnss_nis-2.23.so
7f5dd3392000-7f5dd33a8000 r-xp 00000000 08:08 655365                     /lib/x86_64-linux-gnu/libnsl-2.23.so
7f5dd33a8000-7f5dd35a7000 ---p 00016000 08:08 655365                     /lib/x86_64-linux-gnu/libnsl-2.23.so
7f5dd35a7000-7f5dd35a8000 r--p 00015000 08:08 655365                     /lib/x86_64-linux-gnu/libnsl-2.23.so
7f5dd35a8000-7f5dd35a9000 rw-p 00016000 08:08 655365                     /lib/x86_64-linux-gnu/libnsl-2.23.so
7f5dd35a9000-7f5dd35ab000 rw-p 00000000 00:00 0 
7f5dd35ab000-7f5dd35b3000 r-xp 00000000 08:08 655452                     /lib/x86_64-linux-gnu/libnss_compat-2.23.so
7f5dd35b3000-7f5dd37b2000 ---p 00008000 08:08 655452                     /lib/x86_64-linux-gnu/libnss_compat-2.23.so
7f5dd37b2000-7f5dd37b3000 r--p 00007000 08:08 655452                     /lib/x86_64-linux-gnu/libnss_compat-2.23.so
7f5dd37b3000-7f5dd37b4000 rw-p 00008000 08:08 655452                     /lib/x86_64-linux-gnu/libnss_compat-2.23.so
7f5dd37b4000-7f5dd37be000 r-xp 00000000 08:08 2507913                    /usr/lib/jdk1.8.0_131/jre/lib/amd64/libinstrument.so
7f5dd37be000-7f5dd39bd000 ---p 0000a000 08:08 2507913                    /usr/lib/jdk1.8.0_131/jre/lib/amd64/libinstrument.so
7f5dd39bd000-7f5dd39be000 rw-p 00009000 08:08 2507913                    /usr/lib/jdk1.8.0_131/jre/lib/amd64/libinstrument.so
7f5dd39be000-7f5dd39e9000 r-xp 00000000 08:08 2507898                    /usr/lib/jdk1.8.0_131/jre/lib/amd64/libjava.so
7f5dd39e9000-7f5dd3be8000 ---p 0002b000 08:08 2507898                    /usr/lib/jdk1.8.0_131/jre/lib/amd64/libjava.so
7f5dd3be8000-7f5dd3bea000 rw-p 0002a000 08:08 2507898                    /usr/lib/jdk1.8.0_131/jre/lib/amd64/libjava.so
7f5dd3bea000-7f5dd3bf7000 r-xp 00000000 08:08 2507903                    /usr/lib/jdk1.8.0_131/jre/lib/amd64/libverify.so
7f5dd3bf7000-7f5dd3df6000 ---p 0000d000 08:08 2507903                    /usr/lib/jdk1.8.0_131/jre/lib/amd64/libverify.so
7f5dd3df6000-7f5dd3df8000 rw-p 0000c000 08:08 2507903                    /usr/lib/jdk1.8.0_131/jre/lib/amd64/libverify.so
7f5dd3df8000-7f5dd3dff000 r-xp 00000000 08:08 655448                     /lib/x86_64-linux-gnu/librt-2.23.so
7f5dd3dff000-7f5dd3ffe000 ---p 00007000 08:08 655448                     /lib/x86_64-linux-gnu/librt-2.23.so
7f5dd3ffe000-7f5dd3fff000 r--p 00006000 08:08 655448                     /lib/x86_64-linux-gnu/librt-2.23.so
7f5dd3fff000-7f5dd4000000 rw-p 00007000 08:08 655448                     /lib/x86_64-linux-gnu/librt-2.23.so
7f5dd4000000-7f5dd4535000 rw-p 00000000 00:00 0 
7f5dd4535000-7f5dd8000000 ---p 00000000 00:00 0 
7f5dd8001000-7f5dd8002000 r--s 00000000 08:08 2507828                    /usr/lib/jdk1.8.0_131/jre/lib/management-agent.jar
7f5dd8002000-7f5dd8004000 r--s 00007000 08:08 2507932                    /usr/lib/jdk1.8.0_131/jre/lib/jfxswt.jar
7f5dd8004000-7f5dd8009000 r--s 00084000 08:08 2507821                    /usr/lib/jdk1.8.0_131/jre/lib/jfr.jar
7f5dd8009000-7f5dd807f000 rw-p 00000000 00:00 0 
7f5dd807f000-7f5dd8187000 r-xp 00000000 08:08 655457                     /lib/x86_64-linux-gnu/libm-2.23.so
7f5dd8187000-7f5dd8386000 ---p 00108000 08:08 655457                     /lib/x86_64-linux-gnu/libm-2.23.so
7f5dd8386000-7f5dd8387000 r--p 00107000 08:08 655457                     /lib/x86_64-linux-gnu/libm-2.23.so
7f5dd8387000-7f5dd8388000 rw-p 00108000 08:08 655457                     /lib/x86_64-linux-gnu/libm-2.23.so
7f5dd8388000-7f5dd9057000 r-xp 00000000 08:08 2507926                    /usr/lib/jdk1.8.0_131/jre/lib/amd64/server/libjvm.so
7f5dd9057000-7f5dd9257000 ---p 00ccf000 08:08 2507926                    /usr/lib/jdk1.8.0_131/jre/lib/amd64/server/libjvm.so
7f5dd9257000-7f5dd9330000 rw-p 00ccf000 08:08 2507926                    /usr/lib/jdk1.8.0_131/jre/lib/amd64/server/libjvm.so
7f5dd9330000-7f5dd937b000 rw-p 00000000 00:00 0 
7f5dd937b000-7f5dd953b000 r-xp 00000000 08:08 660010                     /lib/x86_64-linux-gnu/libc-2.23.so
7f5dd953b000-7f5dd973b000 ---p 001c0000 08:08 660010                     /lib/x86_64-linux-gnu/libc-2.23.so
7f5dd973b000-7f5dd973f000 r--p 001c0000 08:08 660010                     /lib/x86_64-linux-gnu/libc-2.23.so
7f5dd973f000-7f5dd9741000 rw-p 001c4000 08:08 660010                     /lib/x86_64-linux-gnu/libc-2.23.so
7f5dd9741000-7f5dd9745000 rw-p 00000000 00:00 0 
7f5dd9745000-7f5dd9748000 r-xp 00000000 08:08 655451                     /lib/x86_64-linux-gnu/libdl-2.23.so
7f5dd9748000-7f5dd9947000 ---p 00003000 08:08 655451                     /lib/x86_64-linux-gnu/libdl-2.23.so
7f5dd9947000-7f5dd9948000 r--p 00002000 08:08 655451                     /lib/x86_64-linux-gnu/libdl-2.23.so
7f5dd9948000-7f5dd9949000 rw-p 00003000 08:08 655451                     /lib/x86_64-linux-gnu/libdl-2.23.so
7f5dd9949000-7f5dd995e000 r-xp 00000000 08:08 2509527                    /usr/lib/jdk1.8.0_131/lib/amd64/jli/libjli.so
7f5dd995e000-7f5dd9b5e000 ---p 00015000 08:08 2509527                    /usr/lib/jdk1.8.0_131/lib/amd64/jli/libjli.so
7f5dd9b5e000-7f5dd9b5f000 rw-p 00015000 08:08 2509527                    /usr/lib/jdk1.8.0_131/lib/amd64/jli/libjli.so
7f5dd9b5f000-7f5dd9b77000 r-xp 00000000 08:08 655445                     /lib/x86_64-linux-gnu/libpthread-2.23.so
7f5dd9b77000-7f5dd9d76000 ---p 00018000 08:08 655445                     /lib/x86_64-linux-gnu/libpthread-2.23.so
7f5dd9d76000-7f5dd9d77000 r--p 00017000 08:08 655445                     /lib/x86_64-linux-gnu/libpthread-2.23.so
7f5dd9d77000-7f5dd9d78000 rw-p 00018000 08:08 655445                     /lib/x86_64-linux-gnu/libpthread-2.23.so
7f5dd9d78000-7f5dd9d7c000 rw-p 00000000 00:00 0 
7f5dd9d7c000-7f5dd9da2000 r-xp 00000000 08:08 655374                     /lib/x86_64-linux-gnu/ld-2.23.so
7f5dd9da2000-7f5dd9dac000 r--s 0006c000 08:08 2507831                    /usr/lib/jdk1.8.0_131/jre/lib/javaws.jar
7f5dd9dac000-7f5dd9db1000 r--s 002f9000 08:08 2507848                    /usr/lib/jdk1.8.0_131/jre/lib/charsets.jar
7f5dd9db1000-7f5dd9e82000 rw-p 00000000 00:00 0 
7f5dd9e82000-7f5dd9e85000 ---p 00000000 00:00 0 
7f5dd9e85000-7f5dd9f87000 rw-p 00000000 00:00 0 
7f5dd9f87000-7f5dd9f8a000 r--s 0001a000 08:08 2507930                    /usr/lib/jdk1.8.0_131/jre/lib/jce.jar
7f5dd9f8a000-7f5dd9f8c000 r--s 00020000 08:08 1836381                    /home/fbhw/下载/idea-IC-171.4694.23/plugins/junit/lib/junit-rt.jar
7f5dd9f8c000-7f5dd9f8e000 r--s 0001a000 08:08 806622                     /home/fbhw/下载/idea-IC-171.4694.23/lib/idea_rt.jar
7f5dd9f8e000-7f5dd9f95000 r--s 000a7000 08:08 2491572                    /usr/lib/jdk1.8.0_131/jre/lib/ext/mysql-connector-java-5.1.7-bin.jar
7f5dd9f95000-7f5dd9f9d000 rw-s 00000000 08:08 2239642                    /tmp/hsperfdata_fbhw/6185
7f5dd9f9d000-7f5dd9f9e000 rw-p 00000000 00:00 0 
7f5dd9f9e000-7f5dd9f9f000 r--p 00000000 00:00 0 
7f5dd9f9f000-7f5dd9fa1000 rw-p 00000000 00:00 0 
7f5dd9fa1000-7f5dd9fa2000 r--p 00025000 08:08 655374                     /lib/x86_64-linux-gnu/ld-2.23.so
7f5dd9fa2000-7f5dd9fa3000 rw-p 00026000 08:08 655374                     /lib/x86_64-linux-gnu/ld-2.23.so
7f5dd9fa3000-7f5dd9fa4000 rw-p 00000000 00:00 0 
7fff95e34000-7fff95e56000 rw-p 00000000 00:00 0                          [stack]
7fff95faf000-7fff95fb1000 r--p 00000000 00:00 0                          [vvar]
7fff95fb1000-7fff95fb3000 r-xp 00000000 00:00 0                          [vdso]
ffffffffff600000-ffffffffff601000 r-xp 00000000 00:00 0                  [vsyscall]

VM Arguments:
jvm_args: -ea -Didea.test.cyclic.buffer.size=1048576 -javaagent:/home/fbhw/下载/idea-IC-171.4694.23/lib/idea_rt.jar=33383:/home/fbhw/下载/idea-IC-171.4694.23/bin -Dfile.encoding=UTF-8 
java_command: com.intellij.rt.execution.junit.JUnitStarter -ideVersion5 io.openmessaging.concumer.table.TestReceiveMessageTable
java_class_path (initial): /home/fbhw/下载/idea-IC-171.4694.23/lib/idea_rt.jar:/home/fbhw/下载/idea-IC-171.4694.23/plugins/junit/lib/junit-rt.jar:/usr/lib/jdk1.8.0_131/jre/lib/charsets.jar:/usr/lib/jdk1.8.0_131/jre/lib/deploy.jar:/usr/lib/jdk1.8.0_131/jre/lib/ext/cldrdata.jar:/usr/lib/jdk1.8.0_131/jre/lib/ext/dnsns.jar:/usr/lib/jdk1.8.0_131/jre/lib/ext/jaccess.jar:/usr/lib/jdk1.8.0_131/jre/lib/ext/jfxrt.jar:/usr/lib/jdk1.8.0_131/jre/lib/ext/localedata.jar:/usr/lib/jdk1.8.0_131/jre/lib/ext/nashorn.jar:/usr/lib/jdk1.8.0_131/jre/lib/ext/sunec.jar:/usr/lib/jdk1.8.0_131/jre/lib/ext/sunjce_provider.jar:/usr/lib/jdk1.8.0_131/jre/lib/ext/sunpkcs11.jar:/usr/lib/jdk1.8.0_131/jre/lib/ext/zipfs.jar:/usr/lib/jdk1.8.0_131/jre/lib/javaws.jar:/usr/lib/jdk1.8.0_131/jre/lib/jce.jar:/usr/lib/jdk1.8.0_131/jre/lib/jfr.jar:/usr/lib/jdk1.8.0_131/jre/lib/jfxswt.jar:/usr/lib/jdk1.8.0_131/jre/lib/jsse.jar:/usr/lib/jdk1.8.0_131/jre/lib/management-agent.jar:/usr/lib/jdk1.8.0_131/jre/lib/plugin.jar:/usr/lib/jdk1.8.0_131/jre/lib/resources.jar:/usr/lib/jdk1.8.0_131/jre/lib/rt.jar:/home/fbhw/javaworkpath/boltmq/consumer/target/test-classes:/home/fbhw/javaworkpath/boltmq/consumer/target/classes:/home/fbhw/.m2/repository/junit/junit/4.12/junit-4.12.jar:/home/fbhw/.m2/repository/org/hamcrest/hamcrest-core/1.3/hamcrest-core-1.3.jar:/home/fbhw/.m2/repository/org/assertj/assertj-core/2.6.0/assertj-core-2.6.0.jar:/home/fbhw/.m2/repository/io/netty/netty-all/5.0.0.Alpha2/netty-all-5.0.0.Alpha2.jar:/home/fbhw/.m2/repository/org/slf4j/slf4j-api/1.7.7/slf4j-api-1.7.7.jar:/home/fbhw/.m2/repository/ch/qos/logback/logback-classic/1.0.13/logback-classic-1.0.13.jar:/home/fbhw/.m2/repository/ch/qos/logback/logback-core/1.0.13/logback-core-1.0.13.jar:/home/fbhw/下载/idea-IC-171.4694.23/lib/idea_rt.jar
Launcher Type: SUN_STANDARD

Environment Variables:
JAVA_HOME=/usr/lib/jdk1.8.0_131
CLASSPATH=../lib/bootstrap.jar:../lib/extensions.jar:../lib/util.jar:../lib/jdom.jar:../lib/log4j.jar:../lib/trove4j.jar:../lib/jna.jar:../jre64/lib/tools.jar
PATH=/usr/lib/jdk1.8.0_131/bin:/usr/lib/jdk1.8.0_131/jre/bin:/usr/local/sbin:/usr/local/bin:/usr/sbin:/usr/bin:/sbin:/bin:/usr/games:/usr/local/games:/snap/bin:/usr/local/go/bin/:/usr/local/go/pkg/tool/
LD_LIBRARY_PATH=.:
SHELL=/bin/bash
DISPLAY=:0

Signal Handlers:
SIGSEGV: [libjvm.so+0xac8af0], sa_mask[0]=11111111011111111101111111111110, sa_flags=SA_RESTART|SA_SIGINFO
SIGBUS: [libjvm.so+0xac8af0], sa_mask[0]=11111111011111111101111111111110, sa_flags=SA_RESTART|SA_SIGINFO
SIGFPE: [libjvm.so+0x921dd0], sa_mask[0]=11111111011111111101111111111110, sa_flags=SA_RESTART|SA_SIGINFO
SIGPIPE: [libjvm.so+0x921dd0], sa_mask[0]=11111111011111111101111111111110, sa_flags=SA_RESTART|SA_SIGINFO
SIGXFSZ: [libjvm.so+0x921dd0], sa_mask[0]=11111111011111111101111111111110, sa_flags=SA_RESTART|SA_SIGINFO
SIGILL: [libjvm.so+0x921dd0], sa_mask[0]=11111111011111111101111111111110, sa_flags=SA_RESTART|SA_SIGINFO
SIGUSR1: SIG_DFL, sa_mask[0]=00000000000000000000000000000000, sa_flags=none
SIGUSR2: [libjvm.so+0x923610], sa_mask[0]=00100000000000000000000000000000, sa_flags=SA_RESTART|SA_SIGINFO
SIGHUP: [libjvm.so+0x924a10], sa_mask[0]=11111111011111111101111111111110, sa_flags=SA_RESTART|SA_SIGINFO
SIGINT: [libjvm.so+0x924a10], sa_mask[0]=11111111011111111101111111111110, sa_flags=SA_RESTART|SA_SIGINFO
SIGTERM: [libjvm.so+0x924a10], sa_mask[0]=11111111011111111101111111111110, sa_flags=SA_RESTART|SA_SIGINFO
SIGQUIT: [libjvm.so+0x924a10], sa_mask[0]=11111111011111111101111111111110, sa_flags=SA_RESTART|SA_SIGINFO


---------------  S Y S T E M  ---------------

OS:DISTRIB_ID=Ubuntu
DISTRIB_RELEASE=16.04
DISTRIB_CODENAME=xenial
DISTRIB_DESCRIPTION="Ubuntu 16.04 LTS"

uname:Linux 4.4.0-101-generic #124-Ubuntu SMP Fri Nov 10 18:29:59 UTC 2017 x86_64
libc:glibc 2.23 NPTL 2.23 
rlimit: STACK 8192k, CORE 0k, NPROC 31206, NOFILE 65536, AS infinity
load average:4.02 3.64 2.96

/proc/meminfo:
MemTotal:        8096332 kB
MemFree:          502012 kB
MemAvailable:    2036156 kB
Buffers:          258048 kB
Cached:          1628472 kB
SwapCached:            0 kB
Active:          6136768 kB
Inactive:        1091568 kB
Active(anon):    5343664 kB
Inactive(anon):   226124 kB
Active(file):     793104 kB
Inactive(file):   865444 kB
Unevictable:          16 kB
Mlocked:              16 kB
SwapTotal:       8309756 kB
SwapFree:        8309756 kB
Dirty:               272 kB
Writeback:             0 kB
AnonPages:       5341844 kB
Mapped:           343772 kB
Shmem:            227976 kB
Slab:             221264 kB
SReclaimable:     182548 kB
SUnreclaim:        38716 kB
KernelStack:       11680 kB
PageTables:        40544 kB
NFS_Unstable:          0 kB
Bounce:                0 kB
WritebackTmp:          0 kB
CommitLimit:    12357920 kB
Committed_AS:    9242208 kB
VmallocTotal:   34359738367 kB
VmallocUsed:           0 kB
VmallocChunk:          0 kB
HardwareCorrupted:     0 kB
AnonHugePages:   4444160 kB
CmaTotal:              0 kB
CmaFree:               0 kB
HugePages_Total:       0
HugePages_Free:        0
HugePages_Rsvd:        0
HugePages_Surp:        0
Hugepagesize:       2048 kB
DirectMap4k:      132780 kB
DirectMap2M:     2934784 kB
DirectMap1G:     6291456 kB


CPU:total 4 (initial active 4) (2 cores per cpu, 2 threads per core) family 6 model 69 stepping 1, cmov, cx8, fxsr, mmx, sse, sse2, sse3, ssse3, sse4.1, sse4.2, popcnt, avx, avx2, aes, clmul, erms, lzcnt, ht, tsc, tscinvbit, bmi1, bmi2

/proc/cpuinfo:
processor	: 0
vendor_id	: GenuineIntel
cpu family	: 6
model		: 69
model name	: Intel(R) Core(TM) i5-4210U CPU @ 1.70GHz
stepping	: 1
microcode	: 0x1c
cpu MHz		: 2615.531
cache size	: 3072 KB
physical id	: 0
siblings	: 4
core id		: 0
cpu cores	: 2
apicid		: 0
initial apicid	: 0
fpu		: yes
fpu_exception	: yes
cpuid level	: 13
wp		: yes
flags		: fpu vme de pse tsc msr pae mce cx8 apic sep mtrr pge mca cmov pat pse36 clflush dts acpi mmx fxsr sse sse2 ss ht tm pbe syscall nx pdpe1gb rdtscp lm constant_tsc arch_perfmon pebs bts rep_good nopl xtopology nonstop_tsc aperfmperf eagerfpu pni pclmulqdq dtes64 monitor ds_cpl vmx est tm2 ssse3 sdbg fma cx16 xtpr pdcm pcid sse4_1 sse4_2 movbe popcnt tsc_deadline_timer aes xsave avx f16c rdrand lahf_lm abm epb tpr_shadow vnmi flexpriority ept vpid fsgsbase tsc_adjust bmi1 avx2 smep bmi2 erms invpcid xsaveopt dtherm ida arat pln pts
bugs		:
bogomips	: 4789.12
clflush size	: 64
cache_alignment	: 64
address sizes	: 39 bits physical, 48 bits virtual
power management:

processor	: 1
vendor_id	: GenuineIntel
cpu family	: 6
model		: 69
model name	: Intel(R) Core(TM) i5-4210U CPU @ 1.70GHz
stepping	: 1
microcode	: 0x1c
cpu MHz		: 2544.375
cache size	: 3072 KB
physical id	: 0
siblings	: 4
core id		: 0
cpu cores	: 2
apicid		: 1
initial apicid	: 1
fpu		: yes
fpu_exception	: yes
cpuid level	: 13
wp		: yes
flags		: fpu vme de pse tsc msr pae mce cx8 apic sep mtrr pge mca cmov pat pse36 clflush dts acpi mmx fxsr sse sse2 ss ht tm pbe syscall nx pdpe1gb rdtscp lm constant_tsc arch_perfmon pebs bts rep_good nopl xtopology nonstop_tsc aperfmperf eagerfpu pni pclmulqdq dtes64 monitor ds_cpl vmx est tm2 ssse3 sdbg fma cx16 xtpr pdcm pcid sse4_1 sse4_2 movbe popcnt tsc_deadline_timer aes xsave avx f16c rdrand lahf_lm abm epb tpr_shadow vnmi flexpriority ept vpid fsgsbase tsc_adjust bmi1 avx2 smep bmi2 erms invpcid xsaveopt dtherm ida arat pln pts
bugs		:
bogomips	: 4789.12
clflush size	: 64
cache_alignment	: 64
address sizes	: 39 bits physical, 48 bits virtual
power management:

processor	: 2
vendor_id	: GenuineIntel
cpu family	: 6
model		: 69
model name	: Intel(R) Core(TM) i5-4210U CPU @ 1.70GHz
stepping	: 1
microcode	: 0x1c
cpu MHz		: 2400.000
cache size	: 3072 KB
physical id	: 0
siblings	: 4
core id		: 1
cpu cores	: 2
apicid		: 2
initial apicid	: 2
fpu		: yes
fpu_exception	: yes
cpuid level	: 13
wp		: yes
flags		: fpu vme de pse tsc msr pae mce cx8 apic sep mtrr pge mca cmov pat pse36 clflush dts acpi mmx fxsr sse sse2 ss ht tm pbe syscall nx pdpe1gb rdtscp lm constant_tsc arch_perfmon pebs bts rep_good nopl xtopology nonstop_tsc aperfmperf eagerfpu pni pclmulqdq dtes64 monitor ds_cpl vmx est tm2 ssse3 sdbg fma cx16 xtpr pdcm pcid sse4_1 sse4_2 movbe popcnt tsc_deadline_timer aes xsave avx f16c rdrand lahf_lm abm epb tpr_shadow vnmi flexpriority ept vpid fsgsbase tsc_adjust bmi1 avx2 smep bmi2 erms invpcid xsaveopt dtherm ida arat pln pts
bugs		:
bogomips	: 4789.12
clflush size	: 64
cache_alignment	: 64
address sizes	: 39 bits physical, 48 bits virtual
power management:

processor	: 3
vendor_id	: GenuineIntel
cpu family	: 6
model		: 69
model name	: Intel(R) Core(TM) i5-4210U CPU @ 1.70GHz
stepping	: 1
microcode	: 0x1c
cpu MHz		: 2400.000
cache size	: 3072 KB
physical id	: 0
siblings	: 4
core id		: 1
cpu cores	: 2
apicid		: 3
initial apicid	: 3
fpu		: yes
fpu_exception	: yes
cpuid level	: 13
wp		: yes
flags		: fpu vme de pse tsc msr pae mce cx8 apic sep mtrr pge mca cmov pat pse36 clflush dts acpi mmx fxsr sse sse2 ss ht tm pbe syscall nx pdpe1gb rdtscp lm constant_tsc arch_perfmon pebs bts rep_good nopl xtopology nonstop_tsc aperfmperf eagerfpu pni pclmulqdq dtes64 monitor ds_cpl vmx est tm2 ssse3 sdbg fma cx16 xtpr pdcm pcid sse4_1 sse4_2 movbe popcnt tsc_deadline_timer aes xsave avx f16c rdrand lahf_lm abm epb tpr_shadow vnmi flexpriority ept vpid fsgsbase tsc_adjust bmi1 avx2 smep bmi2 erms invpcid xsaveopt dtherm ida arat pln pts
bugs		:
bogomips	: 4789.12
clflush size	: 64
cache_alignment	: 64
address sizes	: 39 bits physical, 48 bits virtual
power management:



Memory: 4k page, physical 8096332k(502012k free), swap 8309756k(8309756k free)

vm_info: Java HotSpot(TM) 64-Bit Server VM (25.131-b11) for linux-amd64 JRE (1.8.0_131-b11), built on Mar 15 2017 01:23:40 by "java_re" with gcc 4.3.0 20080428 (Red Hat 4.3.0-8)

time: Tue Dec 12 11:01:51 2017
elapsed time: 372 seconds (0d 0h 6m 12s)

